#
# There is insufficient memory for the Java Runtime Environment to continue.
# Native memory allocation (malloc) failed to allocate 32744 bytes for ChunkPool::allocate
# Possible reasons:
#   The system is out of physical RAM or swap space
#   The process is running with CompressedOops enabled, and the Java Heap may be blocking the growth of the native heap
# Possible solutions:
#   Reduce memory load on the system
#   Increase physical memory or swap space
#   Check if swap backing store is full
#   Decrease Java heap size (-Xmx/-Xms)
#   Decrease number of Java threads
#   Decrease Java thread stack sizes (-Xss)
#   Set larger code cache with -XX:ReservedCodeCacheSize=
#   JVM is running with Zero Based Compressed Oops mode in which the Java heap is
#     placed in the first 32GB address space. The Java Heap base address is the
#     maximum limit for the native heap growth. Please use -XX:HeapBaseMinAddress
#     to set the Java Heap base and to place the Java Heap above 32GB virtual address.
# This output file may be truncated or incomplete.
#
#  Out of Memory Error (arena.cpp:78), pid=13328, tid=8960
#
# JRE version: Java(TM) SE Runtime Environment (17.0.1+12) (build 17.0.1+12-LTS-39)
# Java VM: Java HotSpot(TM) 64-Bit Server VM (17.0.1+12-LTS-39, mixed mode, sharing, tiered, compressed oops, compressed class ptrs, g1 gc, windows-amd64)
# No core dump will be written. Minidumps are not enabled by default on client versions of Windows
#

---------------  S U M M A R Y ------------

Command Line: -Dfile.encoding=Cp1252 --module-path=D:\sets\java connector\mysql-connector-java-8.0.29\mysql-connector-java-8.0.29.jar -XX:+ShowCodeDetailsInExceptionMessages manShEmpDet

Host: Intel(R) Xeon(R) CPU E3-1505M v6 @ 3.00GHz, 8 cores, 31G,  Windows 10 , 64 bit Build 19041 (10.0.19041.1706)
Time: Sat May 28 07:40:36 2022 Egypt Standard Time elapsed time: 10035.528343 seconds (0d 2h 47m 15s)

---------------  T H R E A D  ---------------

Current thread (0x000002b85c0b4cd0):  JavaThread "C2 CompilerThread0" daemon [_thread_in_native, id=8960, stack(0x000000cf32300000,0x000000cf32400000)]


Current CompileTask:
C2:10035528  887       4       java.util.Arrays::binarySearch0 (95 bytes)

Stack: [0x000000cf32300000,0x000000cf32400000]
Native frames: (J=compiled Java code, j=interpreted, Vv=VM code, C=native code)
V  [jvm.dll+0x66fa1a]
V  [jvm.dll+0x7ce5a4]
V  [jvm.dll+0x7cfd4e]
V  [jvm.dll+0x7d03b3]
V  [jvm.dll+0x242b05]
V  [jvm.dll+0xaa2a0]
V  [jvm.dll+0xaa5ec]
V  [jvm.dll+0x633330]
V  [jvm.dll+0x633f1a]
V  [jvm.dll+0x633942]
V  [jvm.dll+0x1cc62d]
V  [jvm.dll+0x33f1d8]
V  [jvm.dll+0x33c559]
V  [jvm.dll+0x68bc30]
V  [jvm.dll+0x687de8]
V  [jvm.dll+0x67fddb]
V  [jvm.dll+0x67f417]
V  [jvm.dll+0x67d312]
V  [jvm.dll+0x1a483c]
V  [jvm.dll+0x1a5406]
V  [jvm.dll+0x1a5406]
V  [jvm.dll+0x2a8714]
V  [jvm.dll+0x687ddb]
V  [jvm.dll+0x67fddb]
V  [jvm.dll+0x67f417]
V  [jvm.dll+0x67d312]
V  [jvm.dll+0x1a483c]
V  [jvm.dll+0x214c18]
V  [jvm.dll+0x1a168d]
V  [jvm.dll+0x224848]
V  [jvm.dll+0x2229ac]
V  [jvm.dll+0x78435b]
V  [jvm.dll+0x77e91a]
V  [jvm.dll+0x66e845]
C  [ucrtbase.dll+0x21bb2]
C  [KERNEL32.DLL+0x17034]
C  [ntdll.dll+0x52651]


---------------  P R O C E S S  ---------------

Threads class SMR info:
_java_thread_list=0x000002b85d0bf550, length=16, elements={
0x000002b85c084fd0, 0x000002b85c089510, 0x000002b85c09e200, 0x000002b85c0a1be0,
0x000002b85c0a2c40, 0x000002b85c0a6730, 0x000002b85c0b4cd0, 0x000002b85c0b72a0,
0x000002b85cc10060, 0x000002b85ccf1d60, 0x000002b85ccf3a40, 0x000002b85ccf2700,
0x000002b85ccf30a0, 0x000002b85ccf2230, 0x000002b85ccf0550, 0x000002b85ccf0a20
}

Java Threads: ( => current thread )
  0x000002b85c084fd0 JavaThread "Reference Handler" daemon [_thread_blocked, id=16988, stack(0x000000cf31d00000,0x000000cf31e00000)]
  0x000002b85c089510 JavaThread "Finalizer" daemon [_thread_blocked, id=9380, stack(0x000000cf31e00000,0x000000cf31f00000)]
  0x000002b85c09e200 JavaThread "Signal Dispatcher" daemon [_thread_blocked, id=1508, stack(0x000000cf31f00000,0x000000cf32000000)]
  0x000002b85c0a1be0 JavaThread "Attach Listener" daemon [_thread_blocked, id=11044, stack(0x000000cf32000000,0x000000cf32100000)]
  0x000002b85c0a2c40 JavaThread "Service Thread" daemon [_thread_blocked, id=4820, stack(0x000000cf32100000,0x000000cf32200000)]
  0x000002b85c0a6730 JavaThread "Monitor Deflation Thread" daemon [_thread_blocked, id=13404, stack(0x000000cf32200000,0x000000cf32300000)]
=>0x000002b85c0b4cd0 JavaThread "C2 CompilerThread0" daemon [_thread_in_native, id=8960, stack(0x000000cf32300000,0x000000cf32400000)]
  0x000002b85c0b72a0 JavaThread "C1 CompilerThread0" daemon [_thread_in_vm, id=292, stack(0x000000cf32400000,0x000000cf32500000)]
  0x000002b85cc10060 JavaThread "Sweeper thread" daemon [_thread_blocked, id=11584, stack(0x000000cf32500000,0x000000cf32600000)]
  0x000002b85ccf1d60 JavaThread "Common-Cleaner" daemon [_thread_blocked, id=4160, stack(0x000000cf32600000,0x000000cf32700000)]
  0x000002b85ccf3a40 JavaThread "Notification Thread" daemon [_thread_blocked, id=16056, stack(0x000000cf32800000,0x000000cf32900000)]
  0x000002b85ccf2700 JavaThread "Java2D Disposer" daemon [_thread_blocked, id=14296, stack(0x000000cf32a00000,0x000000cf32b00000)]
  0x000002b85ccf30a0 JavaThread "AWT-Shutdown" [_thread_blocked, id=12312, stack(0x000000cf32b00000,0x000000cf32c00000)]
  0x000002b85ccf2230 JavaThread "AWT-Windows" daemon [_thread_in_native, id=18204, stack(0x000000cf32c00000,0x000000cf32d00000)]
  0x000002b85ccf0550 JavaThread "AWT-EventQueue-0" [_thread_blocked, id=8392, stack(0x000000cf32d00000,0x000000cf32e00000)]
  0x000002b85ccf0a20 JavaThread "DestroyJavaVM" [_thread_blocked, id=13808, stack(0x000000cf31600000,0x000000cf31700000)]

Other Threads:
  0x000002b85c080d30 VMThread "VM Thread" [stack: 0x000000cf31c00000,0x000000cf31d00000] [id=14900]
  0x000002b82ff2c120 WatcherThread [stack: 0x000000cf32900000,0x000000cf32a00000] [id=12716]
  0x000002b82ff9e630 GCTaskThread "GC Thread#0" [stack: 0x000000cf31700000,0x000000cf31800000] [id=13636]
  0x000002b82ffaf960 ConcurrentGCThread "G1 Main Marker" [stack: 0x000000cf31800000,0x000000cf31900000] [id=13864]
  0x000002b82ffb2390 ConcurrentGCThread "G1 Conc#0" [stack: 0x000000cf31900000,0x000000cf31a00000] [id=15196]
  0x000002b8300069e0 ConcurrentGCThread "G1 Refine#0" [stack: 0x000000cf31a00000,0x000000cf31b00000] [id=12524]
  0x000002b830008320 ConcurrentGCThread "G1 Service" [stack: 0x000000cf31b00000,0x000000cf31c00000] [id=14684]

Threads with active compile tasks:
C2 CompilerThread0  10035574  887       4       java.util.Arrays::binarySearch0 (95 bytes)
C1 CompilerThread0  10035574  888       1       java.awt.Component::getObjectLock (5 bytes)

VM state: not at safepoint (normal execution)

VM Mutex/Monitor currently owned by a thread: None

Heap address: 0x0000000607400000, size: 8076 MB, Compressed Oops mode: Zero based, Oop shift amount: 3

CDS archive(s) mapped at: [0x0000000800000000-0x0000000800bc0000-0x0000000800bc0000), size 12320768, SharedBaseAddress: 0x0000000800000000, ArchiveRelocationMode: 0.
Compressed class space mapped at: 0x0000000800c00000-0x0000000840c00000, reserved size: 1073741824
Narrow klass base: 0x0000000800000000, Narrow klass shift: 0, Narrow klass range: 0x100000000

GC Precious Log:
 CPUs: 8 total, 8 available
 Memory: 32298M
 Large Page Support: Disabled
 NUMA Support: Disabled
 Compressed Oops: Enabled (Zero based)
 Heap Region Size: 4M
 Heap Min Capacity: 8M
 Heap Initial Capacity: 508M
 Heap Max Capacity: 8076M
 Pre-touch: Disabled
 Parallel Workers: 8
 Concurrent Workers: 2
 Concurrent Refinement Workers: 8
 Periodic GC: Disabled

Heap:
 garbage-first heap   total 520192K, used 4096K [0x0000000607400000, 0x0000000800000000)
  region size 4096K, 3 young (12288K), 0 survivors (0K)
 Metaspace       used 6579K, committed 6784K, reserved 1056768K
  class space    used 723K, committed 832K, reserved 1048576K

Heap Regions: E=young(eden), S=young(survivor), O=old, HS=humongous(starts), HC=humongous(continues), CS=collection set, F=free, OA=open archive, CA=closed archive, TAMS=top-at-mark-start (previous, next)
|   0|0x0000000607400000, 0x0000000607400000, 0x0000000607800000|  0%| F|  |TAMS 0x0000000607400000, 0x0000000607400000| Untracked 
|   1|0x0000000607800000, 0x0000000607800000, 0x0000000607c00000|  0%| F|  |TAMS 0x0000000607800000, 0x0000000607800000| Untracked 
|   2|0x0000000607c00000, 0x0000000607c00000, 0x0000000608000000|  0%| F|  |TAMS 0x0000000607c00000, 0x0000000607c00000| Untracked 
|   3|0x0000000608000000, 0x0000000608000000, 0x0000000608400000|  0%| F|  |TAMS 0x0000000608000000, 0x0000000608000000| Untracked 
|   4|0x0000000608400000, 0x0000000608400000, 0x0000000608800000|  0%| F|  |TAMS 0x0000000608400000, 0x0000000608400000| Untracked 
|   5|0x0000000608800000, 0x0000000608800000, 0x0000000608c00000|  0%| F|  |TAMS 0x0000000608800000, 0x0000000608800000| Untracked 
|   6|0x0000000608c00000, 0x0000000608c00000, 0x0000000609000000|  0%| F|  |TAMS 0x0000000608c00000, 0x0000000608c00000| Untracked 
|   7|0x0000000609000000, 0x0000000609000000, 0x0000000609400000|  0%| F|  |TAMS 0x0000000609000000, 0x0000000609000000| Untracked 
|   8|0x0000000609400000, 0x0000000609400000, 0x0000000609800000|  0%| F|  |TAMS 0x0000000609400000, 0x0000000609400000| Untracked 
|   9|0x0000000609800000, 0x0000000609800000, 0x0000000609c00000|  0%| F|  |TAMS 0x0000000609800000, 0x0000000609800000| Untracked 
|  10|0x0000000609c00000, 0x0000000609c00000, 0x000000060a000000|  0%| F|  |TAMS 0x0000000609c00000, 0x0000000609c00000| Untracked 
|  11|0x000000060a000000, 0x000000060a000000, 0x000000060a400000|  0%| F|  |TAMS 0x000000060a000000, 0x000000060a000000| Untracked 
|  12|0x000000060a400000, 0x000000060a400000, 0x000000060a800000|  0%| F|  |TAMS 0x000000060a400000, 0x000000060a400000| Untracked 
|  13|0x000000060a800000, 0x000000060a800000, 0x000000060ac00000|  0%| F|  |TAMS 0x000000060a800000, 0x000000060a800000| Untracked 
|  14|0x000000060ac00000, 0x000000060ac00000, 0x000000060b000000|  0%| F|  |TAMS 0x000000060ac00000, 0x000000060ac00000| Untracked 
|  15|0x000000060b000000, 0x000000060b000000, 0x000000060b400000|  0%| F|  |TAMS 0x000000060b000000, 0x000000060b000000| Untracked 
|  16|0x000000060b400000, 0x000000060b400000, 0x000000060b800000|  0%| F|  |TAMS 0x000000060b400000, 0x000000060b400000| Untracked 
|  17|0x000000060b800000, 0x000000060b800000, 0x000000060bc00000|  0%| F|  |TAMS 0x000000060b800000, 0x000000060b800000| Untracked 
|  18|0x000000060bc00000, 0x000000060bc00000, 0x000000060c000000|  0%| F|  |TAMS 0x000000060bc00000, 0x000000060bc00000| Untracked 
|  19|0x000000060c000000, 0x000000060c000000, 0x000000060c400000|  0%| F|  |TAMS 0x000000060c000000, 0x000000060c000000| Untracked 
|  20|0x000000060c400000, 0x000000060c400000, 0x000000060c800000|  0%| F|  |TAMS 0x000000060c400000, 0x000000060c400000| Untracked 
|  21|0x000000060c800000, 0x000000060c800000, 0x000000060cc00000|  0%| F|  |TAMS 0x000000060c800000, 0x000000060c800000| Untracked 
|  22|0x000000060cc00000, 0x000000060cc00000, 0x000000060d000000|  0%| F|  |TAMS 0x000000060cc00000, 0x000000060cc00000| Untracked 
|  23|0x000000060d000000, 0x000000060d000000, 0x000000060d400000|  0%| F|  |TAMS 0x000000060d000000, 0x000000060d000000| Untracked 
|  24|0x000000060d400000, 0x000000060d400000, 0x000000060d800000|  0%| F|  |TAMS 0x000000060d400000, 0x000000060d400000| Untracked 
|  25|0x000000060d800000, 0x000000060d800000, 0x000000060dc00000|  0%| F|  |TAMS 0x000000060d800000, 0x000000060d800000| Untracked 
|  26|0x000000060dc00000, 0x000000060dc00000, 0x000000060e000000|  0%| F|  |TAMS 0x000000060dc00000, 0x000000060dc00000| Untracked 
|  27|0x000000060e000000, 0x000000060e000000, 0x000000060e400000|  0%| F|  |TAMS 0x000000060e000000, 0x000000060e000000| Untracked 
|  28|0x000000060e400000, 0x000000060e400000, 0x000000060e800000|  0%| F|  |TAMS 0x000000060e400000, 0x000000060e400000| Untracked 
|  29|0x000000060e800000, 0x000000060e800000, 0x000000060ec00000|  0%| F|  |TAMS 0x000000060e800000, 0x000000060e800000| Untracked 
|  30|0x000000060ec00000, 0x000000060ec00000, 0x000000060f000000|  0%| F|  |TAMS 0x000000060ec00000, 0x000000060ec00000| Untracked 
|  31|0x000000060f000000, 0x000000060f000000, 0x000000060f400000|  0%| F|  |TAMS 0x000000060f000000, 0x000000060f000000| Untracked 
|  32|0x000000060f400000, 0x000000060f400000, 0x000000060f800000|  0%| F|  |TAMS 0x000000060f400000, 0x000000060f400000| Untracked 
|  33|0x000000060f800000, 0x000000060f800000, 0x000000060fc00000|  0%| F|  |TAMS 0x000000060f800000, 0x000000060f800000| Untracked 
|  34|0x000000060fc00000, 0x000000060fc00000, 0x0000000610000000|  0%| F|  |TAMS 0x000000060fc00000, 0x000000060fc00000| Untracked 
|  35|0x0000000610000000, 0x0000000610000000, 0x0000000610400000|  0%| F|  |TAMS 0x0000000610000000, 0x0000000610000000| Untracked 
|  36|0x0000000610400000, 0x0000000610400000, 0x0000000610800000|  0%| F|  |TAMS 0x0000000610400000, 0x0000000610400000| Untracked 
|  37|0x0000000610800000, 0x0000000610800000, 0x0000000610c00000|  0%| F|  |TAMS 0x0000000610800000, 0x0000000610800000| Untracked 
|  38|0x0000000610c00000, 0x0000000610c00000, 0x0000000611000000|  0%| F|  |TAMS 0x0000000610c00000, 0x0000000610c00000| Untracked 
|  39|0x0000000611000000, 0x0000000611000000, 0x0000000611400000|  0%| F|  |TAMS 0x0000000611000000, 0x0000000611000000| Untracked 
|  40|0x0000000611400000, 0x0000000611400000, 0x0000000611800000|  0%| F|  |TAMS 0x0000000611400000, 0x0000000611400000| Untracked 
|  41|0x0000000611800000, 0x0000000611800000, 0x0000000611c00000|  0%| F|  |TAMS 0x0000000611800000, 0x0000000611800000| Untracked 
|  42|0x0000000611c00000, 0x0000000611c00000, 0x0000000612000000|  0%| F|  |TAMS 0x0000000611c00000, 0x0000000611c00000| Untracked 
|  43|0x0000000612000000, 0x0000000612000000, 0x0000000612400000|  0%| F|  |TAMS 0x0000000612000000, 0x0000000612000000| Untracked 
|  44|0x0000000612400000, 0x0000000612400000, 0x0000000612800000|  0%| F|  |TAMS 0x0000000612400000, 0x0000000612400000| Untracked 
|  45|0x0000000612800000, 0x0000000612800000, 0x0000000612c00000|  0%| F|  |TAMS 0x0000000612800000, 0x0000000612800000| Untracked 
|  46|0x0000000612c00000, 0x0000000612c00000, 0x0000000613000000|  0%| F|  |TAMS 0x0000000612c00000, 0x0000000612c00000| Untracked 
|  47|0x0000000613000000, 0x0000000613000000, 0x0000000613400000|  0%| F|  |TAMS 0x0000000613000000, 0x0000000613000000| Untracked 
|  48|0x0000000613400000, 0x0000000613400000, 0x0000000613800000|  0%| F|  |TAMS 0x0000000613400000, 0x0000000613400000| Untracked 
|  49|0x0000000613800000, 0x0000000613800000, 0x0000000613c00000|  0%| F|  |TAMS 0x0000000613800000, 0x0000000613800000| Untracked 
|  50|0x0000000613c00000, 0x0000000613c00000, 0x0000000614000000|  0%| F|  |TAMS 0x0000000613c00000, 0x0000000613c00000| Untracked 
|  51|0x0000000614000000, 0x0000000614000000, 0x0000000614400000|  0%| F|  |TAMS 0x0000000614000000, 0x0000000614000000| Untracked 
|  52|0x0000000614400000, 0x0000000614400000, 0x0000000614800000|  0%| F|  |TAMS 0x0000000614400000, 0x0000000614400000| Untracked 
|  53|0x0000000614800000, 0x0000000614800000, 0x0000000614c00000|  0%| F|  |TAMS 0x0000000614800000, 0x0000000614800000| Untracked 
|  54|0x0000000614c00000, 0x0000000614c00000, 0x0000000615000000|  0%| F|  |TAMS 0x0000000614c00000, 0x0000000614c00000| Untracked 
|  55|0x0000000615000000, 0x0000000615000000, 0x0000000615400000|  0%| F|  |TAMS 0x0000000615000000, 0x0000000615000000| Untracked 
|  56|0x0000000615400000, 0x0000000615400000, 0x0000000615800000|  0%| F|  |TAMS 0x0000000615400000, 0x0000000615400000| Untracked 
|  57|0x0000000615800000, 0x0000000615800000, 0x0000000615c00000|  0%| F|  |TAMS 0x0000000615800000, 0x0000000615800000| Untracked 
|  58|0x0000000615c00000, 0x0000000615c00000, 0x0000000616000000|  0%| F|  |TAMS 0x0000000615c00000, 0x0000000615c00000| Untracked 
|  59|0x0000000616000000, 0x0000000616000000, 0x0000000616400000|  0%| F|  |TAMS 0x0000000616000000, 0x0000000616000000| Untracked 
|  60|0x0000000616400000, 0x0000000616400000, 0x0000000616800000|  0%| F|  |TAMS 0x0000000616400000, 0x0000000616400000| Untracked 
|  61|0x0000000616800000, 0x0000000616800000, 0x0000000616c00000|  0%| F|  |TAMS 0x0000000616800000, 0x0000000616800000| Untracked 
|  62|0x0000000616c00000, 0x0000000616c00000, 0x0000000617000000|  0%| F|  |TAMS 0x0000000616c00000, 0x0000000616c00000| Untracked 
|  63|0x0000000617000000, 0x0000000617000000, 0x0000000617400000|  0%| F|  |TAMS 0x0000000617000000, 0x0000000617000000| Untracked 
|  64|0x0000000617400000, 0x0000000617400000, 0x0000000617800000|  0%| F|  |TAMS 0x0000000617400000, 0x0000000617400000| Untracked 
|  65|0x0000000617800000, 0x0000000617800000, 0x0000000617c00000|  0%| F|  |TAMS 0x0000000617800000, 0x0000000617800000| Untracked 
|  66|0x0000000617c00000, 0x0000000617c00000, 0x0000000618000000|  0%| F|  |TAMS 0x0000000617c00000, 0x0000000617c00000| Untracked 
|  67|0x0000000618000000, 0x0000000618000000, 0x0000000618400000|  0%| F|  |TAMS 0x0000000618000000, 0x0000000618000000| Untracked 
|  68|0x0000000618400000, 0x0000000618400000, 0x0000000618800000|  0%| F|  |TAMS 0x0000000618400000, 0x0000000618400000| Untracked 
|  69|0x0000000618800000, 0x0000000618800000, 0x0000000618c00000|  0%| F|  |TAMS 0x0000000618800000, 0x0000000618800000| Untracked 
|  70|0x0000000618c00000, 0x0000000618c00000, 0x0000000619000000|  0%| F|  |TAMS 0x0000000618c00000, 0x0000000618c00000| Untracked 
|  71|0x0000000619000000, 0x0000000619000000, 0x0000000619400000|  0%| F|  |TAMS 0x0000000619000000, 0x0000000619000000| Untracked 
|  72|0x0000000619400000, 0x0000000619400000, 0x0000000619800000|  0%| F|  |TAMS 0x0000000619400000, 0x0000000619400000| Untracked 
|  73|0x0000000619800000, 0x0000000619800000, 0x0000000619c00000|  0%| F|  |TAMS 0x0000000619800000, 0x0000000619800000| Untracked 
|  74|0x0000000619c00000, 0x0000000619c00000, 0x000000061a000000|  0%| F|  |TAMS 0x0000000619c00000, 0x0000000619c00000| Untracked 
|  75|0x000000061a000000, 0x000000061a000000, 0x000000061a400000|  0%| F|  |TAMS 0x000000061a000000, 0x000000061a000000| Untracked 
|  76|0x000000061a400000, 0x000000061a400000, 0x000000061a800000|  0%| F|  |TAMS 0x000000061a400000, 0x000000061a400000| Untracked 
|  77|0x000000061a800000, 0x000000061a800000, 0x000000061ac00000|  0%| F|  |TAMS 0x000000061a800000, 0x000000061a800000| Untracked 
|  78|0x000000061ac00000, 0x000000061ac00000, 0x000000061b000000|  0%| F|  |TAMS 0x000000061ac00000, 0x000000061ac00000| Untracked 
|  79|0x000000061b000000, 0x000000061b000000, 0x000000061b400000|  0%| F|  |TAMS 0x000000061b000000, 0x000000061b000000| Untracked 
|  80|0x000000061b400000, 0x000000061b400000, 0x000000061b800000|  0%| F|  |TAMS 0x000000061b400000, 0x000000061b400000| Untracked 
|  81|0x000000061b800000, 0x000000061b800000, 0x000000061bc00000|  0%| F|  |TAMS 0x000000061b800000, 0x000000061b800000| Untracked 
|  82|0x000000061bc00000, 0x000000061bc00000, 0x000000061c000000|  0%| F|  |TAMS 0x000000061bc00000, 0x000000061bc00000| Untracked 
|  83|0x000000061c000000, 0x000000061c000000, 0x000000061c400000|  0%| F|  |TAMS 0x000000061c000000, 0x000000061c000000| Untracked 
|  84|0x000000061c400000, 0x000000061c400000, 0x000000061c800000|  0%| F|  |TAMS 0x000000061c400000, 0x000000061c400000| Untracked 
|  85|0x000000061c800000, 0x000000061c800000, 0x000000061cc00000|  0%| F|  |TAMS 0x000000061c800000, 0x000000061c800000| Untracked 
|  86|0x000000061cc00000, 0x000000061cc00000, 0x000000061d000000|  0%| F|  |TAMS 0x000000061cc00000, 0x000000061cc00000| Untracked 
|  87|0x000000061d000000, 0x000000061d000000, 0x000000061d400000|  0%| F|  |TAMS 0x000000061d000000, 0x000000061d000000| Untracked 
|  88|0x000000061d400000, 0x000000061d400000, 0x000000061d800000|  0%| F|  |TAMS 0x000000061d400000, 0x000000061d400000| Untracked 
|  89|0x000000061d800000, 0x000000061d800000, 0x000000061dc00000|  0%| F|  |TAMS 0x000000061d800000, 0x000000061d800000| Untracked 
|  90|0x000000061dc00000, 0x000000061dc00000, 0x000000061e000000|  0%| F|  |TAMS 0x000000061dc00000, 0x000000061dc00000| Untracked 
|  91|0x000000061e000000, 0x000000061e000000, 0x000000061e400000|  0%| F|  |TAMS 0x000000061e000000, 0x000000061e000000| Untracked 
|  92|0x000000061e400000, 0x000000061e400000, 0x000000061e800000|  0%| F|  |TAMS 0x000000061e400000, 0x000000061e400000| Untracked 
|  93|0x000000061e800000, 0x000000061e800000, 0x000000061ec00000|  0%| F|  |TAMS 0x000000061e800000, 0x000000061e800000| Untracked 
|  94|0x000000061ec00000, 0x000000061ec00000, 0x000000061f000000|  0%| F|  |TAMS 0x000000061ec00000, 0x000000061ec00000| Untracked 
|  95|0x000000061f000000, 0x000000061f000000, 0x000000061f400000|  0%| F|  |TAMS 0x000000061f000000, 0x000000061f000000| Untracked 
|  96|0x000000061f400000, 0x000000061f400000, 0x000000061f800000|  0%| F|  |TAMS 0x000000061f400000, 0x000000061f400000| Untracked 
|  97|0x000000061f800000, 0x000000061f800000, 0x000000061fc00000|  0%| F|  |TAMS 0x000000061f800000, 0x000000061f800000| Untracked 
|  98|0x000000061fc00000, 0x000000061fc00000, 0x0000000620000000|  0%| F|  |TAMS 0x000000061fc00000, 0x000000061fc00000| Untracked 
|  99|0x0000000620000000, 0x0000000620000000, 0x0000000620400000|  0%| F|  |TAMS 0x0000000620000000, 0x0000000620000000| Untracked 
| 100|0x0000000620400000, 0x0000000620400000, 0x0000000620800000|  0%| F|  |TAMS 0x0000000620400000, 0x0000000620400000| Untracked 
| 101|0x0000000620800000, 0x0000000620800000, 0x0000000620c00000|  0%| F|  |TAMS 0x0000000620800000, 0x0000000620800000| Untracked 
| 102|0x0000000620c00000, 0x0000000620c00000, 0x0000000621000000|  0%| F|  |TAMS 0x0000000620c00000, 0x0000000620c00000| Untracked 
| 103|0x0000000621000000, 0x0000000621000000, 0x0000000621400000|  0%| F|  |TAMS 0x0000000621000000, 0x0000000621000000| Untracked 
| 104|0x0000000621400000, 0x0000000621400000, 0x0000000621800000|  0%| F|  |TAMS 0x0000000621400000, 0x0000000621400000| Untracked 
| 105|0x0000000621800000, 0x0000000621800000, 0x0000000621c00000|  0%| F|  |TAMS 0x0000000621800000, 0x0000000621800000| Untracked 
| 106|0x0000000621c00000, 0x0000000621c00000, 0x0000000622000000|  0%| F|  |TAMS 0x0000000621c00000, 0x0000000621c00000| Untracked 
| 107|0x0000000622000000, 0x0000000622000000, 0x0000000622400000|  0%| F|  |TAMS 0x0000000622000000, 0x0000000622000000| Untracked 
| 108|0x0000000622400000, 0x0000000622400000, 0x0000000622800000|  0%| F|  |TAMS 0x0000000622400000, 0x0000000622400000| Untracked 
| 109|0x0000000622800000, 0x0000000622800000, 0x0000000622c00000|  0%| F|  |TAMS 0x0000000622800000, 0x0000000622800000| Untracked 
| 110|0x0000000622c00000, 0x0000000622c00000, 0x0000000623000000|  0%| F|  |TAMS 0x0000000622c00000, 0x0000000622c00000| Untracked 
| 111|0x0000000623000000, 0x0000000623000000, 0x0000000623400000|  0%| F|  |TAMS 0x0000000623000000, 0x0000000623000000| Untracked 
| 112|0x0000000623400000, 0x0000000623400000, 0x0000000623800000|  0%| F|  |TAMS 0x0000000623400000, 0x0000000623400000| Untracked 
| 113|0x0000000623800000, 0x0000000623800000, 0x0000000623c00000|  0%| F|  |TAMS 0x0000000623800000, 0x0000000623800000| Untracked 
| 114|0x0000000623c00000, 0x0000000623c00000, 0x0000000624000000|  0%| F|  |TAMS 0x0000000623c00000, 0x0000000623c00000| Untracked 
| 115|0x0000000624000000, 0x0000000624000000, 0x0000000624400000|  0%| F|  |TAMS 0x0000000624000000, 0x0000000624000000| Untracked 
| 116|0x0000000624400000, 0x0000000624400000, 0x0000000624800000|  0%| F|  |TAMS 0x0000000624400000, 0x0000000624400000| Untracked 
| 117|0x0000000624800000, 0x0000000624800000, 0x0000000624c00000|  0%| F|  |TAMS 0x0000000624800000, 0x0000000624800000| Untracked 
| 118|0x0000000624c00000, 0x0000000624c00000, 0x0000000625000000|  0%| F|  |TAMS 0x0000000624c00000, 0x0000000624c00000| Untracked 
| 119|0x0000000625000000, 0x0000000625000000, 0x0000000625400000|  0%| F|  |TAMS 0x0000000625000000, 0x0000000625000000| Untracked 
| 120|0x0000000625400000, 0x0000000625400000, 0x0000000625800000|  0%| F|  |TAMS 0x0000000625400000, 0x0000000625400000| Untracked 
| 121|0x0000000625800000, 0x0000000625800000, 0x0000000625c00000|  0%| F|  |TAMS 0x0000000625800000, 0x0000000625800000| Untracked 
| 122|0x0000000625c00000, 0x0000000625c00000, 0x0000000626000000|  0%| F|  |TAMS 0x0000000625c00000, 0x0000000625c00000| Untracked 
| 123|0x0000000626000000, 0x0000000626000000, 0x0000000626400000|  0%| F|  |TAMS 0x0000000626000000, 0x0000000626000000| Untracked 
| 124|0x0000000626400000, 0x00000006265f8a10, 0x0000000626800000| 49%| E|  |TAMS 0x0000000626400000, 0x0000000626400000| Complete 
| 125|0x0000000626800000, 0x0000000626bd8508, 0x0000000626c00000| 96%| E|  |TAMS 0x0000000626800000, 0x0000000626800000| Complete 
| 126|0x0000000626c00000, 0x0000000627000000, 0x0000000627000000|100%| E|CS|TAMS 0x0000000626c00000, 0x0000000626c00000| Complete 

Card table byte_map: [0x000002b847a40000,0x000002b848a10000] _byte_map_base: 0x000002b844a06000

Marking Bits (Prev, Next): (CMBitMap*) 0x000002b82ff9ec40, (CMBitMap*) 0x000002b82ff9ec80
 Prev Bits: [0x000002b8499e0000, 0x000002b851810000)
 Next Bits: [0x000002b851810000, 0x000002b859640000)

Polling page: 0x000002b82f710000

Metaspace:

Usage:
  Non-class:      5.72 MB used.
      Class:    723.28 KB used.
       Both:      6.43 MB used.

Virtual space:
  Non-class space:        8.00 MB reserved,       5.81 MB ( 73%) committed,  1 nodes.
      Class space:        1.00 GB reserved,     832.00 KB ( <1%) committed,  1 nodes.
             Both:        1.01 GB reserved,       6.62 MB ( <1%) committed. 

Chunk freelists:
   Non-Class:  2.14 MB
       Class:  3.24 MB
        Both:  5.38 MB

MaxMetaspaceSize: unlimited
CompressedClassSpaceSize: 1.00 GB
Initial GC threshold: 21.00 MB
Current GC threshold: 21.00 MB
CDS: on
MetaspaceReclaimPolicy: balanced
 - commit_granule_bytes: 65536.
 - commit_granule_words: 8192.
 - virtual_space_node_default_size: 1048576.
 - enlarge_chunks_in_place: 1.
 - new_chunks_are_fully_committed: 0.
 - uncommit_free_chunks: 1.
 - use_allocation_guard: 0.
 - handle_deallocations: 1.


Internal statistics:

num_allocs_failed_limit: 0.
num_arena_births: 112.
num_arena_deaths: 0.
num_vsnodes_births: 2.
num_vsnodes_deaths: 0.
num_space_committed: 106.
num_space_uncommitted: 0.
num_chunks_returned_to_freelist: 0.
num_chunks_taken_from_freelist: 151.
num_chunk_merges: 0.
num_chunk_splits: 84.
num_chunks_enlarged: 25.
num_purges: 0.
num_inconsistent_stats: 0.

CodeHeap 'non-profiled nmethods': size=120000Kb used=261Kb max_used=261Kb free=119738Kb
 bounds [0x000002b83f210000, 0x000002b83f480000, 0x000002b846740000]
CodeHeap 'profiled nmethods': size=120000Kb used=1242Kb max_used=1242Kb free=118757Kb
 bounds [0x000002b837ce0000, 0x000002b837f50000, 0x000002b83f210000]
CodeHeap 'non-nmethods': size=5760Kb used=1247Kb max_used=1263Kb free=4512Kb
 bounds [0x000002b837740000, 0x000002b8379b0000, 0x000002b837ce0000]
 total_blobs=1453 nmethods=886 adapters=480
 compilation: enabled
              stopped_count=0, restarted_count=0
 full_count=0

Compilation events (20 events):
Event: 1.684 Thread 0x000002b85c0b72a0  874       3       java.security.ProtectionDomain$JavaSecurityAccessImpl::getCombinedACC (30 bytes)
Event: 1.685 Thread 0x000002b85c0b72a0 nmethod 874 0x000002b837e13c90 code [0x000002b837e13e60, 0x000002b837e14258]
Event: 1.685 Thread 0x000002b85c0b72a0  875       3       java.security.AccessControlContext::<init> (63 bytes)
Event: 1.685 Thread 0x000002b85c0b72a0 nmethod 875 0x000002b837e14410 code [0x000002b837e145e0, 0x000002b837e14ae8]
Event: 1.720 Thread 0x000002b85c0b72a0  876       3       java.awt.EventQueue::getNextEventPrivate (76 bytes)
Event: 1.721 Thread 0x000002b85c0b72a0 nmethod 876 0x000002b837e14c90 code [0x000002b837e14e60, 0x000002b837e151e8]
Event: 1.735 Thread 0x000002b85c0b72a0  878       1       java.awt.Component::isEnabledImpl (5 bytes)
Event: 1.735 Thread 0x000002b85c0b72a0 nmethod 878 0x000002b83f24fd90 code [0x000002b83f24ff20, 0x000002b83f24fff8]
Event: 1.749 Thread 0x000002b85c0b4cd0  879       4       java.util.HashMap::getNode (150 bytes)
Event: 1.753 Thread 0x000002b85c0b4cd0 nmethod 879 0x000002b83f250090 code [0x000002b83f250240, 0x000002b83f2507a8]
Event: 3.475 Thread 0x000002b85c0b72a0  880       3       java.util.concurrent.locks.AbstractQueuedSynchronizer$ConditionNode::isReleasable (23 bytes)
Event: 3.475 Thread 0x000002b85c0b72a0 nmethod 880 0x000002b837e15390 code [0x000002b837e15520, 0x000002b837e15798]
Event: 9338.748 Thread 0x000002b85c0b72a0  883       3       java.lang.ref.ReferenceQueue::reallyPoll (65 bytes)
Event: 9338.749 Thread 0x000002b85c0b72a0 nmethod 883 0x000002b837e15890 code [0x000002b837e15a60, 0x000002b837e15fb8]
Event: 10035.523 Thread 0x000002b85c0b72a0  884       3       java.lang.invoke.DirectMethodHandle::allocateInstance (16 bytes)
Event: 10035.523 Thread 0x000002b85c0b72a0 nmethod 884 0x000002b837e16090 code [0x000002b837e16240, 0x000002b837e16468]
Event: 10035.523 Thread 0x000002b85c0b72a0  886       3       java.lang.invoke.DirectMethodHandle::constructorMethod (10 bytes)
Event: 10035.523 Thread 0x000002b85c0b72a0 nmethod 886 0x000002b837e16590 code [0x000002b837e16720, 0x000002b837e16918]
Event: 10035.527 Thread 0x000002b85c0b4cd0  887       4       java.util.Arrays::binarySearch0 (95 bytes)
Event: 10035.527 Thread 0x000002b85c0b72a0  888       1       java.awt.Component::getObjectLock (5 bytes)

GC Heap History (0 events):
No events

Deoptimization events (20 events):
Event: 0.155 Thread 0x000002b82ff2b170 Uncommon trap: trap_request=0xffffff45 fr.pc=0x000002b83f21e400 relative=0x0000000000000080
Event: 0.155 Thread 0x000002b82ff2b170 Uncommon trap: reason=unstable_if action=reinterpret pc=0x000002b83f21e400 method=java.lang.String.isLatin1()Z @ 10 c2
Event: 0.155 Thread 0x000002b82ff2b170 DEOPT PACKING pc=0x000002b83f21e400 sp=0x000000cf316fee60
Event: 0.155 Thread 0x000002b82ff2b170 DEOPT UNPACKING pc=0x000002b8377923a3 sp=0x000000cf316feda0 mode 2
Event: 0.309 Thread 0x000002b82ff2b170 Uncommon trap: trap_request=0xffffff45 fr.pc=0x000002b83f22df74 relative=0x0000000000000e74
Event: 0.309 Thread 0x000002b82ff2b170 Uncommon trap: reason=unstable_if action=reinterpret pc=0x000002b83f22df74 method=java.util.HashMap.hash(Ljava/lang/Object;)I @ 1 c2
Event: 0.309 Thread 0x000002b82ff2b170 DEOPT PACKING pc=0x000002b83f22df74 sp=0x000000cf316fec70
Event: 0.309 Thread 0x000002b82ff2b170 DEOPT UNPACKING pc=0x000002b8377923a3 sp=0x000000cf316fec10 mode 2
Event: 0.317 Thread 0x000002b82ff2b170 Uncommon trap: trap_request=0xffffff45 fr.pc=0x000002b83f225318 relative=0x0000000000000098
Event: 0.317 Thread 0x000002b82ff2b170 Uncommon trap: reason=unstable_if action=reinterpret pc=0x000002b83f225318 method=java.util.HashMap.hash(Ljava/lang/Object;)I @ 1 c2
Event: 0.317 Thread 0x000002b82ff2b170 DEOPT PACKING pc=0x000002b83f225318 sp=0x000000cf316fed40
Event: 0.317 Thread 0x000002b82ff2b170 DEOPT UNPACKING pc=0x000002b8377923a3 sp=0x000000cf316fecd8 mode 2
Event: 0.359 Thread 0x000002b82ff2b170 Uncommon trap: trap_request=0xffffff45 fr.pc=0x000002b83f21dadc relative=0x000000000000005c
Event: 0.359 Thread 0x000002b82ff2b170 Uncommon trap: reason=unstable_if action=reinterpret pc=0x000002b83f21dadc method=java.lang.String.isLatin1()Z @ 10 c2
Event: 0.359 Thread 0x000002b82ff2b170 DEOPT PACKING pc=0x000002b83f21dadc sp=0x000000cf316fd190
Event: 0.359 Thread 0x000002b82ff2b170 DEOPT UNPACKING pc=0x000002b8377923a3 sp=0x000000cf316fd120 mode 2
Event: 0.419 Thread 0x000002b85ccf0550 Uncommon trap: trap_request=0xffffff3d fr.pc=0x000002b83f242adc relative=0x0000000000000bfc
Event: 0.419 Thread 0x000002b85ccf0550 Uncommon trap: reason=unstable_fused_if action=reinterpret pc=0x000002b83f242adc method=java.util.HashMap.resize()[Ljava/util/HashMap$Node; @ 31 c2
Event: 0.419 Thread 0x000002b85ccf0550 DEOPT PACKING pc=0x000002b83f242adc sp=0x000000cf32dfe330
Event: 0.419 Thread 0x000002b85ccf0550 DEOPT UNPACKING pc=0x000002b8377923a3 sp=0x000000cf32dfe2b8 mode 2

Classes unloaded (0 events):
No events

Classes redefined (0 events):
No events

Internal exceptions (18 events):
Event: 0.127 Thread 0x000002b82ff2b170 Exception <a 'java/lang/NoSuchMethodError'{0x0000000626ebd5a0}: 'void java.lang.invoke.DirectMethodHandle$Holder.invokeSpecial(java.lang.Object, java.lang.Object, java.lang.Object)'> (0x0000000626ebd5a0) 
thrown [t:\workspace\open\src\hotspot\share\interpreter\linkResolver.cpp, line 766]
Event: 0.131 Thread 0x000002b82ff2b170 Exception <a 'java/lang/NoSuchMethodError'{0x0000000626ed0b68}: 'void java.lang.invoke.DirectMethodHandle$Holder.invokeSpecial(java.lang.Object, java.lang.Object, java.lang.Object, java.lang.Object, java.lang.Object)'> (0x0000000626ed0b68) 
thrown [t:\workspace\open\src\hotspot\share\interpreter\linkResolver.cpp, line 766]
Event: 0.134 Thread 0x000002b82ff2b170 Exception <a 'java/lang/NoSuchMethodError'{0x0000000626ee3998}: 'java.lang.Object java.lang.invoke.DirectMethodHandle$Holder.invokeInterface(java.lang.Object, java.lang.Object)'> (0x0000000626ee3998) 
thrown [t:\workspace\open\src\hotspot\share\interpreter\linkResolver.cpp, line 766]
Event: 0.135 Thread 0x000002b82ff2b170 Exception <a 'java/lang/IncompatibleClassChangeError'{0x0000000626ee7010}: Found class java.lang.Object, but interface was expected> (0x0000000626ee7010) 
thrown [t:\workspace\open\src\hotspot\share\interpreter\linkResolver.cpp, line 833]
Event: 0.135 Thread 0x000002b82ff2b170 Exception <a 'java/lang/NoSuchMethodError'{0x0000000626ee9dd8}: 'void java.lang.invoke.DirectMethodHandle$Holder.invokeStatic(java.lang.Object, java.lang.Object, java.lang.Object, java.lang.Object)'> (0x0000000626ee9dd8) 
thrown [t:\workspace\open\src\hotspot\share\interpreter\linkResolver.cpp, line 766]
Event: 0.177 Thread 0x000002b82ff2b170 Exception <a 'java/lang/ClassNotFoundException'{0x0000000626fa9ff0}: sun/awt/resources/spi/awtProvider> (0x0000000626fa9ff0) 
thrown [t:\workspace\open\src\hotspot\share\classfile\systemDictionary.cpp, line 256]
Event: 0.198 Thread 0x000002b82ff2b170 Exception <a 'java/io/FileNotFoundException'{0x0000000626ffb908}> (0x0000000626ffb908) 
thrown [t:\workspace\open\src\hotspot\share\prims\jni.cpp, line 516]
Event: 0.207 Thread 0x000002b82ff2b170 Exception <a 'java/io/FileNotFoundException'{0x0000000626828e00}> (0x0000000626828e00) 
thrown [t:\workspace\open\src\hotspot\share\prims\jni.cpp, line 516]
Event: 0.237 Thread 0x000002b82ff2b170 Exception <a 'java/lang/NoSuchMethodError'{0x0000000626863910}: 'java.lang.Object java.lang.invoke.DirectMethodHandle$Holder.invokeStaticInit(java.lang.Object)'> (0x0000000626863910) 
thrown [t:\workspace\open\src\hotspot\share\interpreter\linkResolver.cpp, line 766]
Event: 0.272 Thread 0x000002b82ff2b170 Exception <a 'java/lang/NoSuchMethodError'{0x000000062694d0d8}: 'java.lang.Object java.lang.invoke.DirectMethodHandle$Holder.newInvokeSpecial(java.lang.Object, java.lang.Object, java.lang.Object, java.lang.Object, java.lang.Object)'> (0x000000062694d0d8) 
thrown [t:\workspace\open\src\hotspot\share\interpreter\linkResolver.cpp, line 766]
Event: 0.273 Thread 0x000002b82ff2b170 Exception <a 'java/lang/NoSuchMethodError'{0x0000000626958aa0}: 'java.lang.Object java.lang.invoke.DirectMethodHandle$Holder.invokeStatic(java.lang.Object, int, java.lang.Object, java.lang.Object, java.lang.Object, java.lang.Object)'> (0x0000000626958aa0) 
thrown [t:\workspace\open\src\hotspot\share\interpreter\linkResolver.cpp, line 766]
Event: 0.277 Thread 0x000002b82ff2b170 Exception <a 'java/lang/NoSuchMethodError'{0x000000062697e4d0}: 'java.lang.Object java.lang.invoke.DirectMethodHandle$Holder.invokeStatic(java.lang.Object, int, java.lang.Object)'> (0x000000062697e4d0) 
thrown [t:\workspace\open\src\hotspot\share\interpreter\linkResolver.cpp, line 766]
Event: 0.304 Thread 0x000002b82ff2b170 Exception <a 'java/lang/ClassNotFoundException'{0x0000000626a35d60}: com/sun/swing/internal/plaf/metal/resources/spi/metalProvider> (0x0000000626a35d60) 
thrown [t:\workspace\open\src\hotspot\share\classfile\systemDictionary.cpp, line 256]
Event: 0.305 Thread 0x000002b82ff2b170 Exception <a 'java/lang/ClassNotFoundException'{0x0000000626a39c08}: com/sun/swing/internal/plaf/basic/resources/spi/basicProvider> (0x0000000626a39c08) 
thrown [t:\workspace\open\src\hotspot\share\classfile\systemDictionary.cpp, line 256]
Event: 0.309 Thread 0x000002b82ff2b170 Implicit null exception at 0x000002b83f22d140 to 0x000002b83f22df58
Event: 0.317 Thread 0x000002b82ff2b170 Implicit null exception at 0x000002b83f22528f to 0x000002b83f225309
Event: 0.329 Thread 0x000002b85ccf2230 Exception <a 'java/lang/NoSuchMethodError'{0x000000062688b878}: 'void java.lang.invoke.DirectMethodHandle$Holder.invokeVirtual(java.lang.Object, java.lang.Object)'> (0x000000062688b878) 
thrown [t:\workspace\open\src\hotspot\share\interpreter\linkResolver.cpp, line 766]
Event: 0.344 Thread 0x000002b82ff2b170 Exception <a 'java/lang/NoSuchMethodError'{0x0000000626af5eb0}: 'void java.lang.invoke.DirectMethodHandle$Holder.invokeStaticInit(java.lang.Object)'> (0x0000000626af5eb0) 
thrown [t:\workspace\open\src\hotspot\share\interpreter\linkResolver.cpp, line 766]

VM Operations (16 events):
Event: 0.091 Executing VM operation: HandshakeAllThreads
Event: 0.091 Executing VM operation: HandshakeAllThreads done
Event: 0.133 Executing VM operation: HandshakeAllThreads
Event: 0.133 Executing VM operation: HandshakeAllThreads done
Event: 0.314 Executing VM operation: HandshakeAllThreads
Event: 0.314 Executing VM operation: HandshakeAllThreads done
Event: 0.368 Executing VM operation: HandshakeAllThreads
Event: 0.368 Executing VM operation: HandshakeAllThreads done
Event: 0.406 Executing VM operation: HandshakeAllThreads
Event: 0.406 Executing VM operation: HandshakeAllThreads done
Event: 1.406 Executing VM operation: Cleanup
Event: 1.406 Executing VM operation: Cleanup done
Event: 2.412 Executing VM operation: Cleanup
Event: 2.412 Executing VM operation: Cleanup done
Event: 4.429 Executing VM operation: Cleanup
Event: 4.429 Executing VM operation: Cleanup done

Events (20 events):
Event: 0.459 loading class java/awt/TextComponent done
Event: 0.459 loading class javax/swing/text/JTextComponent
Event: 0.460 loading class javax/swing/Scrollable
Event: 0.460 loading class javax/swing/Scrollable done
Event: 0.460 loading class javax/swing/text/JTextComponent done
Event: 0.461 loading class java/awt/KeyboardFocusManager$2
Event: 0.461 loading class java/awt/KeyboardFocusManager$2 done
Event: 1.073 Thread 0x000002b85cd4b130 Thread exited: 0x000002b85cd4b130
Event: 1.749 loading class java/awt/LightweightDispatcher$2
Event: 1.749 loading class java/awt/LightweightDispatcher$2 done
Event: 3594.691 loading class java/awt/desktop/SystemSleepListener
Event: 3594.691 loading class java/awt/desktop/SystemEventListener
Event: 3594.691 loading class java/awt/desktop/SystemEventListener done
Event: 3594.691 loading class java/awt/desktop/SystemSleepListener done
Event: 10035.522 loading class java/util/WeakHashMap$KeyIterator
Event: 10035.522 loading class java/util/WeakHashMap$HashIterator
Event: 10035.522 loading class java/util/WeakHashMap$HashIterator done
Event: 10035.522 loading class java/util/WeakHashMap$KeyIterator done
Event: 10035.523 loading class javax/swing/RepaintManager$DisplayChangedRunnable
Event: 10035.523 loading class javax/swing/RepaintManager$DisplayChangedRunnable done


Dynamic libraries:
0x00007ff71c980000 - 0x00007ff71c990000 	C:\Program Files\Java\jdk-17.0.1\bin\javaw.exe
0x00007ffb0fd10000 - 0x00007ffb0ff05000 	C:\Windows\SYSTEM32\ntdll.dll
0x00007ffb0e1f0000 - 0x00007ffb0e2ad000 	C:\Windows\System32\KERNEL32.DLL
0x00007ffb0d800000 - 0x00007ffb0dacd000 	C:\Windows\System32\KERNELBASE.dll
0x00007ffb0dbb0000 - 0x00007ffb0dcb0000 	C:\Windows\System32\ucrtbase.dll
0x00007ffb05530000 - 0x00007ffb05548000 	C:\Program Files\Java\jdk-17.0.1\bin\jli.dll
0x00007ffb044d0000 - 0x00007ffb044ea000 	C:\Program Files\Java\jdk-17.0.1\bin\VCRUNTIME140.dll
0x00007ffb0e4b0000 - 0x00007ffb0e55e000 	C:\Windows\System32\ADVAPI32.dll
0x00007ffb0e0c0000 - 0x00007ffb0e15e000 	C:\Windows\System32\msvcrt.dll
0x00007ffb0df00000 - 0x00007ffb0df9c000 	C:\Windows\System32\sechost.dll
0x00007ffb0e2b0000 - 0x00007ffb0e3d5000 	C:\Windows\System32\RPCRT4.dll
0x00007ffb0dd60000 - 0x00007ffb0df00000 	C:\Windows\System32\USER32.dll
0x00007ffb0d450000 - 0x00007ffb0d472000 	C:\Windows\System32\win32u.dll
0x00007ffafe7c0000 - 0x00007ffafea5a000 	C:\Windows\WinSxS\amd64_microsoft.windows.common-controls_6595b64144ccf1df_6.0.19041.1110_none_60b5254171f9507e\COMCTL32.dll
0x00007ffb0fb30000 - 0x00007ffb0fb5a000 	C:\Windows\System32\GDI32.dll
0x00007ffb0d6f0000 - 0x00007ffb0d7fb000 	C:\Windows\System32\gdi32full.dll
0x00007ffb0d480000 - 0x00007ffb0d51d000 	C:\Windows\System32\msvcp_win.dll
0x00007ffb042a0000 - 0x00007ffb042aa000 	C:\Windows\SYSTEM32\VERSION.dll
0x00007ffb0f3a0000 - 0x00007ffb0f3d0000 	C:\Windows\System32\IMM32.DLL
0x00007ffb05df0000 - 0x00007ffb05dfc000 	C:\Program Files\Java\jdk-17.0.1\bin\vcruntime140_1.dll
0x00007ffb04210000 - 0x00007ffb0429d000 	C:\Program Files\Java\jdk-17.0.1\bin\msvcp140.dll
0x00007ffab2a10000 - 0x00007ffab35ce000 	C:\Program Files\Java\jdk-17.0.1\bin\server\jvm.dll
0x00007ffb0fb20000 - 0x00007ffb0fb28000 	C:\Windows\System32\PSAPI.DLL
0x00007ffb05520000 - 0x00007ffb05529000 	C:\Windows\SYSTEM32\WSOCK32.dll
0x00007ffb0e440000 - 0x00007ffb0e4ab000 	C:\Windows\System32\WS2_32.dll
0x00007ffafee20000 - 0x00007ffafee47000 	C:\Windows\SYSTEM32\WINMM.dll
0x00007ffb0bcb0000 - 0x00007ffb0bcc2000 	C:\Windows\SYSTEM32\kernel.appcore.dll
0x00007ffb045f0000 - 0x00007ffb045fa000 	C:\Program Files\Java\jdk-17.0.1\bin\jimage.dll
0x00007ffb0ba90000 - 0x00007ffb0bc74000 	C:\Windows\SYSTEM32\DBGHELP.DLL
0x00007ffafc630000 - 0x00007ffafc65c000 	C:\Windows\SYSTEM32\dbgcore.DLL
0x00007ffb0db20000 - 0x00007ffb0dba2000 	C:\Windows\System32\bcryptPrimitives.dll
0x00007ffb041e0000 - 0x00007ffb04205000 	C:\Program Files\Java\jdk-17.0.1\bin\java.dll
0x00007ffafd600000 - 0x00007ffafd6d6000 	C:\Program Files\Java\jdk-17.0.1\bin\svml.dll
0x00007ffb0f3d0000 - 0x00007ffb0fb14000 	C:\Windows\System32\SHELL32.dll
0x00007ffb0b2f0000 - 0x00007ffb0ba84000 	C:\Windows\SYSTEM32\windows.storage.dll
0x00007ffb0f040000 - 0x00007ffb0f394000 	C:\Windows\System32\combase.dll
0x00007ffb0ce80000 - 0x00007ffb0ceac000 	C:\Windows\SYSTEM32\Wldp.dll
0x00007ffb0fbc0000 - 0x00007ffb0fc6d000 	C:\Windows\System32\SHCORE.dll
0x00007ffb0fb60000 - 0x00007ffb0fbb5000 	C:\Windows\System32\shlwapi.dll
0x00007ffb0d360000 - 0x00007ffb0d37f000 	C:\Windows\SYSTEM32\profapi.dll
0x00007ffb044b0000 - 0x00007ffb044c9000 	C:\Program Files\Java\jdk-17.0.1\bin\net.dll
0x00007ffb00a60000 - 0x00007ffb00b6a000 	C:\Windows\SYSTEM32\WINHTTP.dll
0x00007ffb0cbe0000 - 0x00007ffb0cc4a000 	C:\Windows\system32\mswsock.dll
0x00007ffb041c0000 - 0x00007ffb041d5000 	C:\Program Files\Java\jdk-17.0.1\bin\nio.dll
0x00007ffb041a0000 - 0x00007ffb041b8000 	C:\Program Files\Java\jdk-17.0.1\bin\zip.dll
0x00007ffaa7800000 - 0x00007ffaa798f000 	C:\Program Files\Java\jdk-17.0.1\bin\awt.dll
0x00007ffb0ed70000 - 0x00007ffb0ee3d000 	C:\Windows\System32\OLEAUT32.dll
0x00007ffb07730000 - 0x00007ffb077c0000 	C:\Windows\SYSTEM32\apphelp.dll
0x00007ffb0ac70000 - 0x00007ffb0ac9f000 	C:\Windows\system32\DWMAPI.DLL
0x00007ffb07870000 - 0x00007ffb0790e000 	C:\Windows\system32\uxtheme.dll
0x00007ffaf7030000 - 0x00007ffaf7156000 	C:\Windows\system32\opengl32.dll
0x00007ffaf7000000 - 0x00007ffaf702c000 	C:\Windows\SYSTEM32\GLU32.dll
0x00007ffb0dfa0000 - 0x00007ffb0e0b5000 	C:\Windows\System32\MSCTF.dll
0x00007ffb0e7a0000 - 0x00007ffb0e8ca000 	C:\Windows\System32\ole32.dll
0x00007ffb03ad0000 - 0x00007ffb03b59000 	C:\Program Files\Java\jdk-17.0.1\bin\freetype.dll
0x00007ffab0d30000 - 0x00007ffab0dd8000 	C:\Program Files\Java\jdk-17.0.1\bin\fontmanager.dll
0x00007ffb03940000 - 0x00007ffb03a39000 	C:\Windows\SYSTEM32\textinputframework.dll
0x00007ffb071a0000 - 0x00007ffb074fe000 	C:\Windows\System32\CoreUIComponents.dll
0x00007ffb07500000 - 0x00007ffb075f2000 	C:\Windows\System32\CoreMessaging.dll
0x00007ffb0c240000 - 0x00007ffb0c273000 	C:\Windows\SYSTEM32\ntmarta.dll
0x00007ffb05e40000 - 0x00007ffb05f94000 	C:\Windows\SYSTEM32\wintypes.dll
0x00007ffad44e0000 - 0x00007ffad47d5000 	C:\Windows\System32\uiautomationcore.dll
0x00007ffb05190000 - 0x00007ffb05286000 	C:\Windows\System32\PROPSYS.dll
0x00007ffb0cdf0000 - 0x00007ffb0cdfc000 	C:\Windows\SYSTEM32\CRYPTBASE.DLL
0x00007ffafe5a0000 - 0x00007ffafe606000 	C:\Windows\System32\OLEACC.dll
0x00007ffb0ef90000 - 0x00007ffb0f039000 	C:\Windows\System32\clbcatq.dll

dbghelp: loaded successfully - version: 4.0.5 - missing functions: none
symbol engine: initialized successfully - sym options: 0x614 - pdb path: .;C:\Program Files\Java\jdk-17.0.1\bin;C:\Windows\SYSTEM32;C:\Windows\WinSxS\amd64_microsoft.windows.common-controls_6595b64144ccf1df_6.0.19041.1110_none_60b5254171f9507e;C:\Program Files\Java\jdk-17.0.1\bin\server

VM Arguments:
jvm_args: -Dfile.encoding=Cp1252 --module-path=D:\sets\java connector\mysql-connector-java-8.0.29\mysql-connector-java-8.0.29.jar -XX:+ShowCodeDetailsInExceptionMessages 
java_command: manShEmpDet
java_class_path (initial): D:\colleague\s2\p2\progs\Login\bin
Launcher Type: SUN_STANDARD

[Global flags]
     intx CICompilerCount                          = 4                                         {product} {ergonomic}
     uint ConcGCThreads                            = 2                                         {product} {ergonomic}
     uint G1ConcRefinementThreads                  = 8                                         {product} {ergonomic}
   size_t G1HeapRegionSize                         = 4194304                                   {product} {ergonomic}
    uintx GCDrainStackTargetSize                   = 64                                        {product} {ergonomic}
   size_t InitialHeapSize                          = 532676608                                 {product} {ergonomic}
   size_t MarkStackSize                            = 4194304                                   {product} {ergonomic}
   size_t MaxHeapSize                              = 8468299776                                {product} {ergonomic}
   size_t MaxNewSize                               = 5079302144                                {product} {ergonomic}
   size_t MinHeapDeltaBytes                        = 4194304                                   {product} {ergonomic}
   size_t MinHeapSize                              = 8388608                                   {product} {ergonomic}
    uintx NonNMethodCodeHeapSize                   = 5839372                                {pd product} {ergonomic}
    uintx NonProfiledCodeHeapSize                  = 122909434                              {pd product} {ergonomic}
    uintx ProfiledCodeHeapSize                     = 122909434                              {pd product} {ergonomic}
    uintx ReservedCodeCacheSize                    = 251658240                              {pd product} {ergonomic}
     bool SegmentedCodeCache                       = true                                      {product} {ergonomic}
     bool ShowCodeDetailsInExceptionMessages       = true                                   {manageable} {command line}
   size_t SoftMaxHeapSize                          = 8468299776                             {manageable} {ergonomic}
     bool UseCompressedClassPointers               = true                           {product lp64_product} {ergonomic}
     bool UseCompressedOops                        = true                           {product lp64_product} {ergonomic}
     bool UseG1GC                                  = true                                      {product} {ergonomic}
     bool UseLargePagesIndividualAllocation        = false                                  {pd product} {ergonomic}

Logging:
Log output configuration:
 #0: stdout all=warning uptime,level,tags
 #1: stderr all=off uptime,level,tags

Environment Variables:
PATH=C:\Program Files (x86)\VMware\VMware Workstation\bin\;C:\Program Files\Common Files\Oracle\Java\javapath;C:\Windows\system32;C:\Windows;C:\Windows\System32\Wbem;C:\Windows\System32\WindowsPowerShell\v1.0\;C:\Windows\System32\OpenSSH\;C:\Program Files (x86)\NVIDIA Corporation\PhysX\Common;C:\Program Files (x86)\Intel\Intel(R) Management Engine Components\DAL;C:\Program Files\Intel\Intel(R) Management Engine Components\DAL;C:\Program Files\dotnet\;C:\Program Files\MySQL\MySQL Shell 8.0\bin\;C:\Users\ssd\AppData\Local\Microsoft\WindowsApps;;C:\Users\ssd\AppData\Local\Programs\Microsoft VS Code\bin
USERNAME=ssd
OS=Windows_NT
PROCESSOR_IDENTIFIER=Intel64 Family 6 Model 158 Stepping 9, GenuineIntel



---------------  S Y S T E M  ---------------

OS:
 Windows 10 , 64 bit Build 19041 (10.0.19041.1706)
OS uptime: 2 days 14:40 hours

CPU: total 8 (initial active 8) (4 cores per cpu, 2 threads per core) family 6 model 158 stepping 9 microcode 0xf0, cx8, cmov, fxsr, ht, mmx, 3dnowpref, sse, sse2, sse3, ssse3, sse4.1, sse4.2, popcnt, lzcnt, tsc, tscinvbit, avx, avx2, aes, erms, clmul, bmi1, bmi2, rtm, adx, fma, vzeroupper, clflush, clflushopt

Memory: 4k page, system-wide physical 32298M (19859M free)
TotalPageFile size 55777M (AvailPageFile size 2M)
current process WorkingSet (physical memory assigned to process): 60M, peak: 61M
current process commit charge ("private bytes"): 616M, peak: 618M

vm_info: Java HotSpot(TM) 64-Bit Server VM (17.0.1+12-LTS-39) for windows-amd64 JRE (17.0.1+12-LTS-39), built on Sep 27 2021 18:41:35 by "mach5one" with MS VC++ 16.8 (VS2019)

END.
