#
# There is insufficient memory for the Java Runtime Environment to continue.
# Native memory allocation (malloc) failed to allocate 32744 bytes for ChunkPool::allocate
# Possible reasons:
#   The system is out of physical RAM or swap space
#   The process is running with CompressedOops enabled, and the Java Heap may be blocking the growth of the native heap
# Possible solutions:
#   Reduce memory load on the system
#   Increase physical memory or swap space
#   Check if swap backing store is full
#   Decrease Java heap size (-Xmx/-Xms)
#   Decrease number of Java threads
#   Decrease Java thread stack sizes (-Xss)
#   Set larger code cache with -XX:ReservedCodeCacheSize=
#   JVM is running with Zero Based Compressed Oops mode in which the Java heap is
#     placed in the first 32GB address space. The Java Heap base address is the
#     maximum limit for the native heap growth. Please use -XX:HeapBaseMinAddress
#     to set the Java Heap base and to place the Java Heap above 32GB virtual address.
# This output file may be truncated or incomplete.
#
#  Out of Memory Error (arena.cpp:78), pid=6976, tid=14804
#
# JRE version: Java(TM) SE Runtime Environment (17.0.1+12) (build 17.0.1+12-LTS-39)
# Java VM: Java HotSpot(TM) 64-Bit Server VM (17.0.1+12-LTS-39, mixed mode, sharing, tiered, compressed oops, compressed class ptrs, g1 gc, windows-amd64)
# No core dump will be written. Minidumps are not enabled by default on client versions of Windows
#

---------------  S U M M A R Y ------------

Command Line: -Dfile.encoding=Cp1252 --module-path=D:\sets\java connector\mysql-connector-java-8.0.29\mysql-connector-java-8.0.29.jar -XX:+ShowCodeDetailsInExceptionMessages managPlan

Host: Intel(R) Xeon(R) CPU E3-1505M v6 @ 3.00GHz, 8 cores, 31G,  Windows 10 , 64 bit Build 19041 (10.0.19041.1706)
Time: Sat May 28 07:40:36 2022 Egypt Standard Time elapsed time: 8284.949861 seconds (0d 2h 18m 4s)

---------------  T H R E A D  ---------------

Current thread (0x000001c4fcdfeb90):  JavaThread "C2 CompilerThread0" daemon [_thread_in_native, id=14804, stack(0x000000c27a900000,0x000000c27aa00000)]


Current CompileTask:
C2:8284949 1924       4       sun.java2d.loops.GraphicsPrimitiveMgr::locate (104 bytes)

Stack: [0x000000c27a900000,0x000000c27aa00000]
Native frames: (J=compiled Java code, j=interpreted, Vv=VM code, C=native code)
V  [jvm.dll+0x66fa1a]
V  [jvm.dll+0x7ce5a4]
V  [jvm.dll+0x7cfd4e]
V  [jvm.dll+0x7d03b3]
V  [jvm.dll+0x242b05]
V  [jvm.dll+0xaa2a0]
V  [jvm.dll+0xaa5ec]
V  [jvm.dll+0x64f55f]
V  [jvm.dll+0x785bb]
V  [jvm.dll+0x64cade]
V  [jvm.dll+0x684722]
V  [jvm.dll+0x687be5]
V  [jvm.dll+0x67fddb]
V  [jvm.dll+0x67f417]
V  [jvm.dll+0x67d312]
V  [jvm.dll+0x1a483c]
V  [jvm.dll+0x2a8714]
V  [jvm.dll+0x687ddb]
V  [jvm.dll+0x67fddb]
V  [jvm.dll+0x67f417]
V  [jvm.dll+0x67d312]
V  [jvm.dll+0x1a483c]
V  [jvm.dll+0x2a8714]
V  [jvm.dll+0x687ddb]
V  [jvm.dll+0x67fddb]
V  [jvm.dll+0x67f417]
V  [jvm.dll+0x67d312]
V  [jvm.dll+0x1a483c]
V  [jvm.dll+0x214c18]
V  [jvm.dll+0x1a168d]
V  [jvm.dll+0x224848]
V  [jvm.dll+0x2229ac]
V  [jvm.dll+0x78435b]
V  [jvm.dll+0x77e91a]
V  [jvm.dll+0x66e845]
C  [ucrtbase.dll+0x21bb2]
C  [KERNEL32.DLL+0x17034]
C  [ntdll.dll+0x52651]


---------------  P R O C E S S  ---------------

Threads class SMR info:
_java_thread_list=0x000001c49fb9d990, length=18, elements={
0x000001c4fcdd5b40, 0x000001c4fcdd8560, 0x000001c4fcdefd20, 0x000001c4fcdf36f0,
0x000001c4fcdf4840, 0x000001c4fcdfdeb0, 0x000001c4fcdfeb90, 0x000001c4fcdff630,
0x000001c4fce02c10, 0x000001c4fd90f240, 0x000001c4fd90f710, 0x000001c4fd90cbc0,
0x000001c4fd90bd50, 0x000001c4fd90c6f0, 0x000001c4fd90e8a0, 0x000001c4fd90d560,
0x000001c4fd90c220, 0x000001c4fd90df00
}

Java Threads: ( => current thread )
  0x000001c4fcdd5b40 JavaThread "Reference Handler" daemon [_thread_blocked, id=12712, stack(0x000000c27a300000,0x000000c27a400000)]
  0x000001c4fcdd8560 JavaThread "Finalizer" daemon [_thread_blocked, id=8228, stack(0x000000c27a400000,0x000000c27a500000)]
  0x000001c4fcdefd20 JavaThread "Signal Dispatcher" daemon [_thread_blocked, id=10776, stack(0x000000c27a500000,0x000000c27a600000)]
  0x000001c4fcdf36f0 JavaThread "Attach Listener" daemon [_thread_blocked, id=9124, stack(0x000000c27a600000,0x000000c27a700000)]
  0x000001c4fcdf4840 JavaThread "Service Thread" daemon [_thread_blocked, id=6128, stack(0x000000c27a700000,0x000000c27a800000)]
  0x000001c4fcdfdeb0 JavaThread "Monitor Deflation Thread" daemon [_thread_blocked, id=14136, stack(0x000000c27a800000,0x000000c27a900000)]
=>0x000001c4fcdfeb90 JavaThread "C2 CompilerThread0" daemon [_thread_in_native, id=14804, stack(0x000000c27a900000,0x000000c27aa00000)]
  0x000001c4fcdff630 JavaThread "C1 CompilerThread0" daemon [_thread_blocked, id=6332, stack(0x000000c27aa00000,0x000000c27ab00000)]
  0x000001c4fce02c10 JavaThread "Sweeper thread" daemon [_thread_blocked, id=15404, stack(0x000000c27ab00000,0x000000c27ac00000)]
  0x000001c4fd90f240 JavaThread "Common-Cleaner" daemon [_thread_blocked, id=17420, stack(0x000000c27ac00000,0x000000c27ad00000)]
  0x000001c4fd90f710 JavaThread "Notification Thread" daemon [_thread_blocked, id=1832, stack(0x000000c27ae00000,0x000000c27af00000)]
  0x000001c4fd90cbc0 JavaThread "Java2D Disposer" daemon [_thread_blocked, id=10548, stack(0x000000c27b000000,0x000000c27b100000)]
  0x000001c4fd90bd50 JavaThread "AWT-Shutdown" [_thread_blocked, id=9104, stack(0x000000c27b100000,0x000000c27b200000)]
  0x000001c4fd90c6f0 JavaThread "AWT-Windows" daemon [_thread_in_native, id=16676, stack(0x000000c27b200000,0x000000c27b300000)]
  0x000001c4fd90e8a0 JavaThread "AWT-EventQueue-0" [_thread_blocked, id=12920, stack(0x000000c27b300000,0x000000c27b400000)]
  0x000001c4fd90d560 JavaThread "DestroyJavaVM" [_thread_blocked, id=16312, stack(0x000000c279c00000,0x000000c279d00000)]
  0x000001c4fd90c220 JavaThread "TimerQueue" daemon [_thread_blocked, id=4268, stack(0x000000c27b700000,0x000000c27b800000)]
  0x000001c4fd90df00 JavaThread "mysql-cj-abandoned-connection-cleanup" daemon [_thread_blocked, id=7408, stack(0x000000c27ad00000,0x000000c27ae00000)]

Other Threads:
  0x000001c4fcdd18c0 VMThread "VM Thread" [stack: 0x000000c27a200000,0x000000c27a300000] [id=17244]
  0x000001c4fda2c780 WatcherThread [stack: 0x000000c27af00000,0x000000c27b000000] [id=8408]
  0x000001c4ef94e450 GCTaskThread "GC Thread#0" [stack: 0x000000c279d00000,0x000000c279e00000] [id=9092]
  0x000001c4fe362af0 GCTaskThread "GC Thread#1" [stack: 0x000000c27b900000,0x000000c27ba00000] [id=17732]
  0x000001c4fe361820 GCTaskThread "GC Thread#2" [stack: 0x000000c27ba00000,0x000000c27bb00000] [id=10036]
  0x000001c4fe362590 GCTaskThread "GC Thread#3" [stack: 0x000000c27bb00000,0x000000c27bc00000] [id=15184]
  0x000001c4fe362840 GCTaskThread "GC Thread#4" [stack: 0x000000c27bc00000,0x000000c27bd00000] [id=16776]
  0x000001c4fe362030 GCTaskThread "GC Thread#5" [stack: 0x000000c27bd00000,0x000000c27be00000] [id=16532]
  0x000001c4fe361d80 GCTaskThread "GC Thread#6" [stack: 0x000000c27be00000,0x000000c27bf00000] [id=7224]
  0x000001c4fe361ad0 GCTaskThread "GC Thread#7" [stack: 0x000000c27bf00000,0x000000c27c000000] [id=11388]
  0x000001c4ef95f780 ConcurrentGCThread "G1 Main Marker" [stack: 0x000000c279e00000,0x000000c279f00000] [id=16720]
  0x000001c4ef9621b0 ConcurrentGCThread "G1 Conc#0" [stack: 0x000000c279f00000,0x000000c27a000000] [id=13212]
  0x000001c4ef9b6800 ConcurrentGCThread "G1 Refine#0" [stack: 0x000000c27a000000,0x000000c27a100000] [id=5180]
  0x000001c4fe27ecc0 ConcurrentGCThread "G1 Refine#1" [stack: 0x000000c27c000000,0x000000c27c100000] [id=6488]
  0x000001c4fe1a54d0 ConcurrentGCThread "G1 Refine#2" [stack: 0x000000c27c100000,0x000000c27c200000] [id=3972]
  0x000001c4ef9b7220 ConcurrentGCThread "G1 Service" [stack: 0x000000c27a100000,0x000000c27a200000] [id=15752]

Threads with active compile tasks:
C2 CompilerThread0  8284991 1924       4       sun.java2d.loops.GraphicsPrimitiveMgr::locate (104 bytes)

VM state: not at safepoint (normal execution)

VM Mutex/Monitor currently owned by a thread: None

Heap address: 0x0000000607400000, size: 8076 MB, Compressed Oops mode: Zero based, Oop shift amount: 3

CDS archive(s) mapped at: [0x0000000800000000-0x0000000800bc0000-0x0000000800bc0000), size 12320768, SharedBaseAddress: 0x0000000800000000, ArchiveRelocationMode: 0.
Compressed class space mapped at: 0x0000000800c00000-0x0000000840c00000, reserved size: 1073741824
Narrow klass base: 0x0000000800000000, Narrow klass shift: 0, Narrow klass range: 0x100000000

GC Precious Log:
 CPUs: 8 total, 8 available
 Memory: 32298M
 Large Page Support: Disabled
 NUMA Support: Disabled
 Compressed Oops: Enabled (Zero based)
 Heap Region Size: 4M
 Heap Min Capacity: 8M
 Heap Initial Capacity: 508M
 Heap Max Capacity: 8076M
 Pre-touch: Disabled
 Parallel Workers: 8
 Concurrent Workers: 2
 Concurrent Refinement Workers: 8
 Periodic GC: Disabled

Heap:
 garbage-first heap   total 520192K, used 10484K [0x0000000607400000, 0x0000000800000000)
  region size 4096K, 3 young (12288K), 1 survivors (4096K)
 Metaspace       used 17393K, committed 17600K, reserved 1064960K
  class space    used 1991K, committed 2112K, reserved 1048576K

Heap Regions: E=young(eden), S=young(survivor), O=old, HS=humongous(starts), HC=humongous(continues), CS=collection set, F=free, OA=open archive, CA=closed archive, TAMS=top-at-mark-start (previous, next)
|   0|0x0000000607400000, 0x000000060763d200, 0x0000000607800000| 55%| O|  |TAMS 0x0000000607400000, 0x0000000607400000| Untracked 
|   1|0x0000000607800000, 0x0000000607800000, 0x0000000607c00000|  0%| F|  |TAMS 0x0000000607800000, 0x0000000607800000| Untracked 
|   2|0x0000000607c00000, 0x0000000607c00000, 0x0000000608000000|  0%| F|  |TAMS 0x0000000607c00000, 0x0000000607c00000| Untracked 
|   3|0x0000000608000000, 0x0000000608000000, 0x0000000608400000|  0%| F|  |TAMS 0x0000000608000000, 0x0000000608000000| Untracked 
|   4|0x0000000608400000, 0x0000000608400000, 0x0000000608800000|  0%| F|  |TAMS 0x0000000608400000, 0x0000000608400000| Untracked 
|   5|0x0000000608800000, 0x0000000608800000, 0x0000000608c00000|  0%| F|  |TAMS 0x0000000608800000, 0x0000000608800000| Untracked 
|   6|0x0000000608c00000, 0x0000000608c00000, 0x0000000609000000|  0%| F|  |TAMS 0x0000000608c00000, 0x0000000608c00000| Untracked 
|   7|0x0000000609000000, 0x0000000609000000, 0x0000000609400000|  0%| F|  |TAMS 0x0000000609000000, 0x0000000609000000| Untracked 
|   8|0x0000000609400000, 0x0000000609400000, 0x0000000609800000|  0%| F|  |TAMS 0x0000000609400000, 0x0000000609400000| Untracked 
|   9|0x0000000609800000, 0x0000000609800000, 0x0000000609c00000|  0%| F|  |TAMS 0x0000000609800000, 0x0000000609800000| Untracked 
|  10|0x0000000609c00000, 0x0000000609c00000, 0x000000060a000000|  0%| F|  |TAMS 0x0000000609c00000, 0x0000000609c00000| Untracked 
|  11|0x000000060a000000, 0x000000060a000000, 0x000000060a400000|  0%| F|  |TAMS 0x000000060a000000, 0x000000060a000000| Untracked 
|  12|0x000000060a400000, 0x000000060a400000, 0x000000060a800000|  0%| F|  |TAMS 0x000000060a400000, 0x000000060a400000| Untracked 
|  13|0x000000060a800000, 0x000000060a800000, 0x000000060ac00000|  0%| F|  |TAMS 0x000000060a800000, 0x000000060a800000| Untracked 
|  14|0x000000060ac00000, 0x000000060ac00000, 0x000000060b000000|  0%| F|  |TAMS 0x000000060ac00000, 0x000000060ac00000| Untracked 
|  15|0x000000060b000000, 0x000000060b000000, 0x000000060b400000|  0%| F|  |TAMS 0x000000060b000000, 0x000000060b000000| Untracked 
|  16|0x000000060b400000, 0x000000060b400000, 0x000000060b800000|  0%| F|  |TAMS 0x000000060b400000, 0x000000060b400000| Untracked 
|  17|0x000000060b800000, 0x000000060b800000, 0x000000060bc00000|  0%| F|  |TAMS 0x000000060b800000, 0x000000060b800000| Untracked 
|  18|0x000000060bc00000, 0x000000060bc00000, 0x000000060c000000|  0%| F|  |TAMS 0x000000060bc00000, 0x000000060bc00000| Untracked 
|  19|0x000000060c000000, 0x000000060c000000, 0x000000060c400000|  0%| F|  |TAMS 0x000000060c000000, 0x000000060c000000| Untracked 
|  20|0x000000060c400000, 0x000000060c400000, 0x000000060c800000|  0%| F|  |TAMS 0x000000060c400000, 0x000000060c400000| Untracked 
|  21|0x000000060c800000, 0x000000060c800000, 0x000000060cc00000|  0%| F|  |TAMS 0x000000060c800000, 0x000000060c800000| Untracked 
|  22|0x000000060cc00000, 0x000000060cc00000, 0x000000060d000000|  0%| F|  |TAMS 0x000000060cc00000, 0x000000060cc00000| Untracked 
|  23|0x000000060d000000, 0x000000060d000000, 0x000000060d400000|  0%| F|  |TAMS 0x000000060d000000, 0x000000060d000000| Untracked 
|  24|0x000000060d400000, 0x000000060d400000, 0x000000060d800000|  0%| F|  |TAMS 0x000000060d400000, 0x000000060d400000| Untracked 
|  25|0x000000060d800000, 0x000000060d800000, 0x000000060dc00000|  0%| F|  |TAMS 0x000000060d800000, 0x000000060d800000| Untracked 
|  26|0x000000060dc00000, 0x000000060dc00000, 0x000000060e000000|  0%| F|  |TAMS 0x000000060dc00000, 0x000000060dc00000| Untracked 
|  27|0x000000060e000000, 0x000000060e000000, 0x000000060e400000|  0%| F|  |TAMS 0x000000060e000000, 0x000000060e000000| Untracked 
|  28|0x000000060e400000, 0x000000060e400000, 0x000000060e800000|  0%| F|  |TAMS 0x000000060e400000, 0x000000060e400000| Untracked 
|  29|0x000000060e800000, 0x000000060e800000, 0x000000060ec00000|  0%| F|  |TAMS 0x000000060e800000, 0x000000060e800000| Untracked 
|  30|0x000000060ec00000, 0x000000060ec00000, 0x000000060f000000|  0%| F|  |TAMS 0x000000060ec00000, 0x000000060ec00000| Untracked 
|  31|0x000000060f000000, 0x000000060f000000, 0x000000060f400000|  0%| F|  |TAMS 0x000000060f000000, 0x000000060f000000| Untracked 
|  32|0x000000060f400000, 0x000000060f400000, 0x000000060f800000|  0%| F|  |TAMS 0x000000060f400000, 0x000000060f400000| Untracked 
|  33|0x000000060f800000, 0x000000060f800000, 0x000000060fc00000|  0%| F|  |TAMS 0x000000060f800000, 0x000000060f800000| Untracked 
|  34|0x000000060fc00000, 0x000000060fc00000, 0x0000000610000000|  0%| F|  |TAMS 0x000000060fc00000, 0x000000060fc00000| Untracked 
|  35|0x0000000610000000, 0x0000000610000000, 0x0000000610400000|  0%| F|  |TAMS 0x0000000610000000, 0x0000000610000000| Untracked 
|  36|0x0000000610400000, 0x0000000610400000, 0x0000000610800000|  0%| F|  |TAMS 0x0000000610400000, 0x0000000610400000| Untracked 
|  37|0x0000000610800000, 0x0000000610800000, 0x0000000610c00000|  0%| F|  |TAMS 0x0000000610800000, 0x0000000610800000| Untracked 
|  38|0x0000000610c00000, 0x0000000610c00000, 0x0000000611000000|  0%| F|  |TAMS 0x0000000610c00000, 0x0000000610c00000| Untracked 
|  39|0x0000000611000000, 0x0000000611000000, 0x0000000611400000|  0%| F|  |TAMS 0x0000000611000000, 0x0000000611000000| Untracked 
|  40|0x0000000611400000, 0x0000000611400000, 0x0000000611800000|  0%| F|  |TAMS 0x0000000611400000, 0x0000000611400000| Untracked 
|  41|0x0000000611800000, 0x0000000611800000, 0x0000000611c00000|  0%| F|  |TAMS 0x0000000611800000, 0x0000000611800000| Untracked 
|  42|0x0000000611c00000, 0x0000000611c00000, 0x0000000612000000|  0%| F|  |TAMS 0x0000000611c00000, 0x0000000611c00000| Untracked 
|  43|0x0000000612000000, 0x0000000612000000, 0x0000000612400000|  0%| F|  |TAMS 0x0000000612000000, 0x0000000612000000| Untracked 
|  44|0x0000000612400000, 0x0000000612400000, 0x0000000612800000|  0%| F|  |TAMS 0x0000000612400000, 0x0000000612400000| Untracked 
|  45|0x0000000612800000, 0x0000000612800000, 0x0000000612c00000|  0%| F|  |TAMS 0x0000000612800000, 0x0000000612800000| Untracked 
|  46|0x0000000612c00000, 0x0000000612c00000, 0x0000000613000000|  0%| F|  |TAMS 0x0000000612c00000, 0x0000000612c00000| Untracked 
|  47|0x0000000613000000, 0x0000000613000000, 0x0000000613400000|  0%| F|  |TAMS 0x0000000613000000, 0x0000000613000000| Untracked 
|  48|0x0000000613400000, 0x0000000613400000, 0x0000000613800000|  0%| F|  |TAMS 0x0000000613400000, 0x0000000613400000| Untracked 
|  49|0x0000000613800000, 0x0000000613800000, 0x0000000613c00000|  0%| F|  |TAMS 0x0000000613800000, 0x0000000613800000| Untracked 
|  50|0x0000000613c00000, 0x0000000613c00000, 0x0000000614000000|  0%| F|  |TAMS 0x0000000613c00000, 0x0000000613c00000| Untracked 
|  51|0x0000000614000000, 0x0000000614000000, 0x0000000614400000|  0%| F|  |TAMS 0x0000000614000000, 0x0000000614000000| Untracked 
|  52|0x0000000614400000, 0x0000000614400000, 0x0000000614800000|  0%| F|  |TAMS 0x0000000614400000, 0x0000000614400000| Untracked 
|  53|0x0000000614800000, 0x0000000614800000, 0x0000000614c00000|  0%| F|  |TAMS 0x0000000614800000, 0x0000000614800000| Untracked 
|  54|0x0000000614c00000, 0x0000000614c00000, 0x0000000615000000|  0%| F|  |TAMS 0x0000000614c00000, 0x0000000614c00000| Untracked 
|  55|0x0000000615000000, 0x0000000615000000, 0x0000000615400000|  0%| F|  |TAMS 0x0000000615000000, 0x0000000615000000| Untracked 
|  56|0x0000000615400000, 0x0000000615400000, 0x0000000615800000|  0%| F|  |TAMS 0x0000000615400000, 0x0000000615400000| Untracked 
|  57|0x0000000615800000, 0x0000000615800000, 0x0000000615c00000|  0%| F|  |TAMS 0x0000000615800000, 0x0000000615800000| Untracked 
|  58|0x0000000615c00000, 0x0000000615c00000, 0x0000000616000000|  0%| F|  |TAMS 0x0000000615c00000, 0x0000000615c00000| Untracked 
|  59|0x0000000616000000, 0x0000000616000000, 0x0000000616400000|  0%| F|  |TAMS 0x0000000616000000, 0x0000000616000000| Untracked 
|  60|0x0000000616400000, 0x0000000616400000, 0x0000000616800000|  0%| F|  |TAMS 0x0000000616400000, 0x0000000616400000| Untracked 
|  61|0x0000000616800000, 0x0000000616800000, 0x0000000616c00000|  0%| F|  |TAMS 0x0000000616800000, 0x0000000616800000| Untracked 
|  62|0x0000000616c00000, 0x0000000616c00000, 0x0000000617000000|  0%| F|  |TAMS 0x0000000616c00000, 0x0000000616c00000| Untracked 
|  63|0x0000000617000000, 0x0000000617000000, 0x0000000617400000|  0%| F|  |TAMS 0x0000000617000000, 0x0000000617000000| Untracked 
|  64|0x0000000617400000, 0x0000000617400000, 0x0000000617800000|  0%| F|  |TAMS 0x0000000617400000, 0x0000000617400000| Untracked 
|  65|0x0000000617800000, 0x0000000617800000, 0x0000000617c00000|  0%| F|  |TAMS 0x0000000617800000, 0x0000000617800000| Untracked 
|  66|0x0000000617c00000, 0x0000000617c00000, 0x0000000618000000|  0%| F|  |TAMS 0x0000000617c00000, 0x0000000617c00000| Untracked 
|  67|0x0000000618000000, 0x0000000618000000, 0x0000000618400000|  0%| F|  |TAMS 0x0000000618000000, 0x0000000618000000| Untracked 
|  68|0x0000000618400000, 0x0000000618400000, 0x0000000618800000|  0%| F|  |TAMS 0x0000000618400000, 0x0000000618400000| Untracked 
|  69|0x0000000618800000, 0x0000000618800000, 0x0000000618c00000|  0%| F|  |TAMS 0x0000000618800000, 0x0000000618800000| Untracked 
|  70|0x0000000618c00000, 0x0000000618c00000, 0x0000000619000000|  0%| F|  |TAMS 0x0000000618c00000, 0x0000000618c00000| Untracked 
|  71|0x0000000619000000, 0x0000000619000000, 0x0000000619400000|  0%| F|  |TAMS 0x0000000619000000, 0x0000000619000000| Untracked 
|  72|0x0000000619400000, 0x0000000619400000, 0x0000000619800000|  0%| F|  |TAMS 0x0000000619400000, 0x0000000619400000| Untracked 
|  73|0x0000000619800000, 0x0000000619800000, 0x0000000619c00000|  0%| F|  |TAMS 0x0000000619800000, 0x0000000619800000| Untracked 
|  74|0x0000000619c00000, 0x0000000619c00000, 0x000000061a000000|  0%| F|  |TAMS 0x0000000619c00000, 0x0000000619c00000| Untracked 
|  75|0x000000061a000000, 0x000000061a000000, 0x000000061a400000|  0%| F|  |TAMS 0x000000061a000000, 0x000000061a000000| Untracked 
|  76|0x000000061a400000, 0x000000061a400000, 0x000000061a800000|  0%| F|  |TAMS 0x000000061a400000, 0x000000061a400000| Untracked 
|  77|0x000000061a800000, 0x000000061a800000, 0x000000061ac00000|  0%| F|  |TAMS 0x000000061a800000, 0x000000061a800000| Untracked 
|  78|0x000000061ac00000, 0x000000061ac00000, 0x000000061b000000|  0%| F|  |TAMS 0x000000061ac00000, 0x000000061ac00000| Untracked 
|  79|0x000000061b000000, 0x000000061b000000, 0x000000061b400000|  0%| F|  |TAMS 0x000000061b000000, 0x000000061b000000| Untracked 
|  80|0x000000061b400000, 0x000000061b400000, 0x000000061b800000|  0%| F|  |TAMS 0x000000061b400000, 0x000000061b400000| Untracked 
|  81|0x000000061b800000, 0x000000061b800000, 0x000000061bc00000|  0%| F|  |TAMS 0x000000061b800000, 0x000000061b800000| Untracked 
|  82|0x000000061bc00000, 0x000000061bc00000, 0x000000061c000000|  0%| F|  |TAMS 0x000000061bc00000, 0x000000061bc00000| Untracked 
|  83|0x000000061c000000, 0x000000061c000000, 0x000000061c400000|  0%| F|  |TAMS 0x000000061c000000, 0x000000061c000000| Untracked 
|  84|0x000000061c400000, 0x000000061c400000, 0x000000061c800000|  0%| F|  |TAMS 0x000000061c400000, 0x000000061c400000| Untracked 
|  85|0x000000061c800000, 0x000000061c800000, 0x000000061cc00000|  0%| F|  |TAMS 0x000000061c800000, 0x000000061c800000| Untracked 
|  86|0x000000061cc00000, 0x000000061cc00000, 0x000000061d000000|  0%| F|  |TAMS 0x000000061cc00000, 0x000000061cc00000| Untracked 
|  87|0x000000061d000000, 0x000000061d000000, 0x000000061d400000|  0%| F|  |TAMS 0x000000061d000000, 0x000000061d000000| Untracked 
|  88|0x000000061d400000, 0x000000061d400000, 0x000000061d800000|  0%| F|  |TAMS 0x000000061d400000, 0x000000061d400000| Untracked 
|  89|0x000000061d800000, 0x000000061d800000, 0x000000061dc00000|  0%| F|  |TAMS 0x000000061d800000, 0x000000061d800000| Untracked 
|  90|0x000000061dc00000, 0x000000061dc00000, 0x000000061e000000|  0%| F|  |TAMS 0x000000061dc00000, 0x000000061dc00000| Untracked 
|  91|0x000000061e000000, 0x000000061e000000, 0x000000061e400000|  0%| F|  |TAMS 0x000000061e000000, 0x000000061e000000| Untracked 
|  92|0x000000061e400000, 0x000000061e400000, 0x000000061e800000|  0%| F|  |TAMS 0x000000061e400000, 0x000000061e400000| Untracked 
|  93|0x000000061e800000, 0x000000061e800000, 0x000000061ec00000|  0%| F|  |TAMS 0x000000061e800000, 0x000000061e800000| Untracked 
|  94|0x000000061ec00000, 0x000000061ec00000, 0x000000061f000000|  0%| F|  |TAMS 0x000000061ec00000, 0x000000061ec00000| Untracked 
|  95|0x000000061f000000, 0x000000061f000000, 0x000000061f400000|  0%| F|  |TAMS 0x000000061f000000, 0x000000061f000000| Untracked 
|  96|0x000000061f400000, 0x000000061f400000, 0x000000061f800000|  0%| F|  |TAMS 0x000000061f400000, 0x000000061f400000| Untracked 
|  97|0x000000061f800000, 0x000000061f800000, 0x000000061fc00000|  0%| F|  |TAMS 0x000000061f800000, 0x000000061f800000| Untracked 
|  98|0x000000061fc00000, 0x000000061fc00000, 0x0000000620000000|  0%| F|  |TAMS 0x000000061fc00000, 0x000000061fc00000| Untracked 
|  99|0x0000000620000000, 0x0000000620000000, 0x0000000620400000|  0%| F|  |TAMS 0x0000000620000000, 0x0000000620000000| Untracked 
| 100|0x0000000620400000, 0x0000000620400000, 0x0000000620800000|  0%| F|  |TAMS 0x0000000620400000, 0x0000000620400000| Untracked 
| 101|0x0000000620800000, 0x0000000620800000, 0x0000000620c00000|  0%| F|  |TAMS 0x0000000620800000, 0x0000000620800000| Untracked 
| 102|0x0000000620c00000, 0x0000000620c00000, 0x0000000621000000|  0%| F|  |TAMS 0x0000000620c00000, 0x0000000620c00000| Untracked 
| 103|0x0000000621000000, 0x0000000621000000, 0x0000000621400000|  0%| F|  |TAMS 0x0000000621000000, 0x0000000621000000| Untracked 
| 104|0x0000000621400000, 0x0000000621400000, 0x0000000621800000|  0%| F|  |TAMS 0x0000000621400000, 0x0000000621400000| Untracked 
| 105|0x0000000621800000, 0x0000000621800000, 0x0000000621c00000|  0%| F|  |TAMS 0x0000000621800000, 0x0000000621800000| Untracked 
| 106|0x0000000621c00000, 0x0000000621c00000, 0x0000000622000000|  0%| F|  |TAMS 0x0000000621c00000, 0x0000000621c00000| Untracked 
| 107|0x0000000622000000, 0x0000000622000000, 0x0000000622400000|  0%| F|  |TAMS 0x0000000622000000, 0x0000000622000000| Untracked 
| 108|0x0000000622400000, 0x0000000622400000, 0x0000000622800000|  0%| F|  |TAMS 0x0000000622400000, 0x0000000622400000| Untracked 
| 109|0x0000000622800000, 0x0000000622800000, 0x0000000622c00000|  0%| F|  |TAMS 0x0000000622800000, 0x0000000622800000| Untracked 
| 110|0x0000000622c00000, 0x0000000622c00000, 0x0000000623000000|  0%| F|  |TAMS 0x0000000622c00000, 0x0000000622c00000| Untracked 
| 111|0x0000000623000000, 0x0000000623000000, 0x0000000623400000|  0%| F|  |TAMS 0x0000000623000000, 0x0000000623000000| Untracked 
| 112|0x0000000623400000, 0x0000000623400000, 0x0000000623800000|  0%| F|  |TAMS 0x0000000623400000, 0x0000000623400000| Untracked 
| 113|0x0000000623800000, 0x0000000623800000, 0x0000000623c00000|  0%| F|  |TAMS 0x0000000623800000, 0x0000000623800000| Untracked 
| 114|0x0000000623c00000, 0x0000000623c00000, 0x0000000624000000|  0%| F|  |TAMS 0x0000000623c00000, 0x0000000623c00000| Untracked 
| 115|0x0000000624000000, 0x0000000624000000, 0x0000000624400000|  0%| F|  |TAMS 0x0000000624000000, 0x0000000624000000| Untracked 
| 116|0x0000000624400000, 0x0000000624400000, 0x0000000624800000|  0%| F|  |TAMS 0x0000000624400000, 0x0000000624400000| Untracked 
| 117|0x0000000624800000, 0x0000000624800000, 0x0000000624c00000|  0%| F|  |TAMS 0x0000000624800000, 0x0000000624800000| Untracked 
| 118|0x0000000624c00000, 0x0000000624c00000, 0x0000000625000000|  0%| F|  |TAMS 0x0000000624c00000, 0x0000000624c00000| Untracked 
| 119|0x0000000625000000, 0x0000000625000000, 0x0000000625400000|  0%| F|  |TAMS 0x0000000625000000, 0x0000000625000000| Untracked 
| 120|0x0000000625400000, 0x0000000625800000, 0x0000000625800000|100%| S|CS|TAMS 0x0000000625400000, 0x0000000625400000| Complete 
| 121|0x0000000625800000, 0x0000000625800000, 0x0000000625c00000|  0%| F|  |TAMS 0x0000000625800000, 0x0000000625800000| Untracked 
| 122|0x0000000625c00000, 0x0000000625c00000, 0x0000000626000000|  0%| F|  |TAMS 0x0000000625c00000, 0x0000000625c00000| Untracked 
| 123|0x0000000626000000, 0x0000000626000000, 0x0000000626400000|  0%| F|  |TAMS 0x0000000626000000, 0x0000000626000000| Untracked 
| 124|0x0000000626400000, 0x0000000626400000, 0x0000000626800000|  0%| F|  |TAMS 0x0000000626400000, 0x0000000626400000| Untracked 
| 125|0x0000000626800000, 0x0000000626921830, 0x0000000626c00000| 28%| E|  |TAMS 0x0000000626800000, 0x0000000626800000| Complete 
| 126|0x0000000626c00000, 0x0000000627000000, 0x0000000627000000|100%| E|CS|TAMS 0x0000000626c00000, 0x0000000626c00000| Complete 

Card table byte_map: [0x000001c4f83f0000,0x000001c4f93c0000] _byte_map_base: 0x000001c4f53b6000

Marking Bits (Prev, Next): (CMBitMap*) 0x000001c4ef94ea60, (CMBitMap*) 0x000001c4ef94eaa0
 Prev Bits: [0x000001c48f000000, 0x000001c496e30000)
 Next Bits: [0x000001c496e30000, 0x000001c49ec60000)

Polling page: 0x000001c4ed840000

Metaspace:

Usage:
  Non-class:     15.04 MB used.
      Class:      1.94 MB used.
       Both:     16.99 MB used.

Virtual space:
  Non-class space:       16.00 MB reserved,      15.12 MB ( 95%) committed,  2 nodes.
      Class space:        1.00 GB reserved,       2.06 MB ( <1%) committed,  1 nodes.
             Both:        1.02 GB reserved,      17.19 MB (  2%) committed. 

Chunk freelists:
   Non-Class:  578.00 KB
       Class:  1.75 MB
        Both:  2.31 MB

MaxMetaspaceSize: unlimited
CompressedClassSpaceSize: 1.00 GB
Initial GC threshold: 21.00 MB
Current GC threshold: 21.00 MB
CDS: on
MetaspaceReclaimPolicy: balanced
 - commit_granule_bytes: 65536.
 - commit_granule_words: 8192.
 - virtual_space_node_default_size: 1048576.
 - enlarge_chunks_in_place: 1.
 - new_chunks_are_fully_committed: 0.
 - uncommit_free_chunks: 1.
 - use_allocation_guard: 0.
 - handle_deallocations: 1.


Internal statistics:

num_allocs_failed_limit: 0.
num_arena_births: 162.
num_arena_deaths: 0.
num_vsnodes_births: 3.
num_vsnodes_deaths: 0.
num_space_committed: 275.
num_space_uncommitted: 0.
num_chunks_returned_to_freelist: 0.
num_chunks_taken_from_freelist: 368.
num_chunk_merges: 0.
num_chunk_splits: 220.
num_chunks_enlarged: 122.
num_purges: 0.
num_inconsistent_stats: 0.

CodeHeap 'non-profiled nmethods': size=120000Kb used=623Kb max_used=623Kb free=119376Kb
 bounds [0x000001c487ad0000, 0x000001c487d40000, 0x000001c48f000000]
CodeHeap 'profiled nmethods': size=120000Kb used=3420Kb max_used=3420Kb free=116579Kb
 bounds [0x000001c4805a0000, 0x000001c480900000, 0x000001c487ad0000]
CodeHeap 'non-nmethods': size=5760Kb used=1354Kb max_used=1380Kb free=4405Kb
 bounds [0x000001c480000000, 0x000001c480270000, 0x000001c4805a0000]
 total_blobs=2619 nmethods=1923 adapters=608
 compilation: enabled
              stopped_count=0, restarted_count=0
 full_count=0

Compilation events (20 events):
Event: 1266.803 Thread 0x000001c4fcdff630 1914       3       jdk.internal.loader.URLClassPath::findResource (38 bytes)
Event: 1266.803 Thread 0x000001c4fcdff630 nmethod 1914 0x000001c4808f1e90 code [0x000001c4808f2060, 0x000001c4808f23b8]
Event: 1281.815 Thread 0x000001c4fcdff630 1915   !   3       com.mysql.cj.jdbc.AbandonedConnectionCleanupThread::checkThreadContextClassLoader (20 bytes)
Event: 1281.816 Thread 0x000001c4fcdff630 nmethod 1915 0x000001c4808f2510 code [0x000001c4808f27a0, 0x000001c4808f36f8]
Event: 1557.283 Thread 0x000001c4fcdff630 1916       3       java.lang.String::indexOf (18 bytes)
Event: 1557.284 Thread 0x000001c4fcdff630 nmethod 1916 0x000001c4808f3d10 code [0x000001c4808f3ee0, 0x000001c4808f41a8]
Event: 2225.631 Thread 0x000001c4fcdff630 1917       3       sun.net.www.ParseUtil::firstEncodeIndex (86 bytes)
Event: 2225.633 Thread 0x000001c4fcdff630 nmethod 1917 0x000001c4808f4310 code [0x000001c4808f4560, 0x000001c4808f4fa8]
Event: 3292.288 Thread 0x000001c4fcdfeb90 1918       4       java.lang.AbstractStringBuilder::<init> (39 bytes)
Event: 3292.294 Thread 0x000001c4fcdfeb90 nmethod 1918 0x000001c487b6ac10 code [0x000001c487b6ada0, 0x000001c487b6b018]
Event: 5803.271 Thread 0x000001c4fcdff630 1919   !   3       jdk.internal.ref.PhantomCleanable::isListEmpty (34 bytes)
Event: 5803.272 Thread 0x000001c4fcdff630 nmethod 1919 0x000001c4808f5390 code [0x000001c4808f5520, 0x000001c4808f5778]
Event: 5803.272 Thread 0x000001c4fcdff630 1920       3       jdk.internal.misc.InnocuousThread::eraseThreadLocals (23 bytes)
Event: 5803.273 Thread 0x000001c4fcdff630 nmethod 1920 0x000001c4808f5890 code [0x000001c4808f5a20, 0x000001c4808f5c18]
Event: 6650.180 Thread 0x000001c4fcdfeb90 1921       4       java.lang.String::replace (42 bytes)
Event: 6650.218 Thread 0x000001c4fcdfeb90 nmethod 1921 0x000001c487b6b110 code [0x000001c487b6b2a0, 0x000001c487b6b898]
Event: 7186.005 Thread 0x000001c4fcdfeb90 1922       4       java.lang.ref.SoftReference::get (29 bytes)
Event: 7186.009 Thread 0x000001c4fcdfeb90 nmethod 1922 0x000001c487b6bc10 code [0x000001c487b6bd80, 0x000001c487b6be98]
Event: 8284.948 Thread 0x000001c4fcdff630 1923  s    3       sun.java2d.loops.GraphicsPrimitiveMgr::locatePrim (95 bytes)
Event: 8284.948 Thread 0x000001c4fcdfeb90 1924       4       sun.java2d.loops.GraphicsPrimitiveMgr::locate (104 bytes)

GC Heap History (2 events):
Event: 5.100 GC heap before
{Heap before GC invocations=0 (full 0):
 garbage-first heap   total 520192K, used 24576K [0x0000000607400000, 0x0000000800000000)
  region size 4096K, 6 young (24576K), 0 survivors (0K)
 Metaspace       used 15127K, committed 15360K, reserved 1064960K
  class space    used 1720K, committed 1856K, reserved 1048576K
}
Event: 5.104 GC heap after
{Heap after GC invocations=1 (full 0):
 garbage-first heap   total 520192K, used 6388K [0x0000000607400000, 0x0000000800000000)
  region size 4096K, 1 young (4096K), 1 survivors (4096K)
 Metaspace       used 15127K, committed 15360K, reserved 1064960K
  class space    used 1720K, committed 1856K, reserved 1048576K
}

Deoptimization events (20 events):
Event: 4.960 Thread 0x000001c4fd90e8a0 DEOPT PACKING pc=0x000001c487b2dda8 sp=0x000000c27b3f8a90
Event: 4.960 Thread 0x000001c4fd90e8a0 DEOPT UNPACKING pc=0x000001c4800523a3 sp=0x000000c27b3f8a20 mode 2
Event: 4.963 Thread 0x000001c4fd90e8a0 Uncommon trap: trap_request=0xffffffc6 fr.pc=0x000001c487b2dda8 relative=0x0000000000000648
Event: 4.963 Thread 0x000001c4fd90e8a0 Uncommon trap: reason=bimorphic_or_optimized_type_check action=maybe_recompile pc=0x000001c487b2dda8 method=java.util.concurrent.ConcurrentHashMap.get(Ljava/lang/Object;)Ljava/lang/Object; @ 149 c2
Event: 4.963 Thread 0x000001c4fd90e8a0 DEOPT PACKING pc=0x000001c487b2dda8 sp=0x000000c27b3fba80
Event: 4.963 Thread 0x000001c4fd90e8a0 DEOPT UNPACKING pc=0x000001c4800523a3 sp=0x000000c27b3fba20 mode 2
Event: 5.049 Thread 0x000001c4fd90e8a0 Uncommon trap: trap_request=0xffffff45 fr.pc=0x000001c487b3b914 relative=0x0000000000000414
Event: 5.049 Thread 0x000001c4fd90e8a0 Uncommon trap: reason=unstable_if action=reinterpret pc=0x000001c487b3b914 method=java.util.HashMap.putVal(ILjava/lang/Object;Ljava/lang/Object;ZZ)Ljava/lang/Object; @ 162 c2
Event: 5.049 Thread 0x000001c4fd90e8a0 DEOPT PACKING pc=0x000001c487b3b914 sp=0x000000c27b3fa6a0
Event: 5.049 Thread 0x000001c4fd90e8a0 DEOPT UNPACKING pc=0x000001c4800523a3 sp=0x000000c27b3fa640 mode 2
Event: 5.065 Thread 0x000001c4fd90e8a0 Uncommon trap: trap_request=0xffffff45 fr.pc=0x000001c487b43c98 relative=0x0000000000000258
Event: 5.065 Thread 0x000001c4fd90e8a0 Uncommon trap: reason=unstable_if action=reinterpret pc=0x000001c487b43c98 method=java.util.regex.Pattern$SliceI.match(Ljava/util/regex/Matcher;ILjava/lang/CharSequence;)Z @ 29 c2
Event: 5.065 Thread 0x000001c4fd90e8a0 DEOPT PACKING pc=0x000001c487b43c98 sp=0x000000c27b3fd0f0
Event: 5.065 Thread 0x000001c4fd90e8a0 DEOPT UNPACKING pc=0x000001c4800523a3 sp=0x000000c27b3fd088 mode 2
Event: 5.157 Thread 0x000001c4fd90e8a0 DEOPT PACKING pc=0x000001c4805d633b sp=0x000000c27b3f95a0
Event: 5.157 Thread 0x000001c4fd90e8a0 DEOPT UNPACKING pc=0x000001c480052b43 sp=0x000000c27b3f8a00 mode 0
Event: 5.166 Thread 0x000001c4fd90e8a0 Uncommon trap: trap_request=0xffffff45 fr.pc=0x000001c487b4ae90 relative=0x0000000000000bb0
Event: 5.166 Thread 0x000001c4fd90e8a0 Uncommon trap: reason=unstable_if action=reinterpret pc=0x000001c487b4ae90 method=java.lang.Integer.compare(II)I @ 2 c2
Event: 5.166 Thread 0x000001c4fd90e8a0 DEOPT PACKING pc=0x000001c487b4ae90 sp=0x000000c27b3fd810
Event: 5.166 Thread 0x000001c4fd90e8a0 DEOPT UNPACKING pc=0x000001c4800523a3 sp=0x000000c27b3fd678 mode 2

Classes unloaded (0 events):
No events

Classes redefined (0 events):
No events

Internal exceptions (20 events):
Event: 0.285 Thread 0x000001c4ef8daf90 Exception <a 'java/lang/NoSuchMethodError'{0x000000062695a5e0}: 'java.lang.Object java.lang.invoke.DirectMethodHandle$Holder.invokeStatic(java.lang.Object, int, java.lang.Object, java.lang.Object, java.lang.Object, java.lang.Object)'> (0x000000062695a5e0) 
thrown [t:\workspace\open\src\hotspot\share\interpreter\linkResolver.cpp, line 766]
Event: 0.290 Thread 0x000001c4ef8daf90 Exception <a 'java/lang/NoSuchMethodError'{0x00000006269802a0}: 'java.lang.Object java.lang.invoke.DirectMethodHandle$Holder.invokeStatic(java.lang.Object, int, java.lang.Object)'> (0x00000006269802a0) 
thrown [t:\workspace\open\src\hotspot\share\interpreter\linkResolver.cpp, line 766]
Event: 0.316 Thread 0x000001c4ef8daf90 Exception <a 'java/lang/ClassNotFoundException'{0x0000000626a37b60}: com/sun/swing/internal/plaf/metal/resources/spi/metalProvider> (0x0000000626a37b60) 
thrown [t:\workspace\open\src\hotspot\share\classfile\systemDictionary.cpp, line 256]
Event: 0.317 Thread 0x000001c4ef8daf90 Exception <a 'java/lang/ClassNotFoundException'{0x0000000626a3ba08}: com/sun/swing/internal/plaf/basic/resources/spi/basicProvider> (0x0000000626a3ba08) 
thrown [t:\workspace\open\src\hotspot\share\classfile\systemDictionary.cpp, line 256]
Event: 0.322 Thread 0x000001c4ef8daf90 Implicit null exception at 0x000001c487aeb340 to 0x000001c487aec144
Event: 0.330 Thread 0x000001c4ef8daf90 Implicit null exception at 0x000001c487ae498f to 0x000001c487ae4a09
Event: 0.367 Thread 0x000001c4fd90c6f0 Exception <a 'java/lang/NoSuchMethodError'{0x000000062688b878}: 'void java.lang.invoke.DirectMethodHandle$Holder.invokeVirtual(java.lang.Object, java.lang.Object)'> (0x000000062688b878) 
thrown [t:\workspace\open\src\hotspot\share\interpreter\linkResolver.cpp, line 766]
Event: 0.384 Thread 0x000001c4ef8daf90 Exception <a 'java/lang/NoSuchMethodError'{0x0000000626aa2410}: 'void java.lang.invoke.DirectMethodHandle$Holder.invokeStaticInit(java.lang.Object)'> (0x0000000626aa2410) 
thrown [t:\workspace\open\src\hotspot\share\interpreter\linkResolver.cpp, line 766]
Event: 4.776 Thread 0x000001c4fd90e8a0 Exception <a 'java/lang/NoSuchMethodError'{0x00000006260860c0}: 'void java.lang.invoke.DirectMethodHandle$Holder.invokeStatic(java.lang.Object, java.lang.Object, java.lang.Object)'> (0x00000006260860c0) 
thrown [t:\workspace\open\src\hotspot\share\interpreter\linkResolver.cpp, line 766]
Event: 4.776 Thread 0x000001c4fd90e8a0 Exception <a 'java/lang/NoSuchMethodError'{0x00000006260901b8}: 'java.lang.Object java.lang.invoke.DirectMethodHandle$Holder.invokeVirtual(java.lang.Object, java.lang.Object, java.lang.Object)'> (0x00000006260901b8) 
thrown [t:\workspace\open\src\hotspot\share\interpreter\linkResolver.cpp, line 766]
Event: 4.846 Thread 0x000001c4fd90e8a0 Exception <a 'java/lang/NoSuchMethodError'{0x00000006263fe748}: 'void java.lang.invoke.DirectMethodHandle$Holder.invokeStatic(java.lang.Object, java.lang.Object)'> (0x00000006263fe748) 
thrown [t:\workspace\open\src\hotspot\share\interpreter\linkResolver.cpp, line 766]
Event: 4.910 Thread 0x000001c4fd90e8a0 Exception <a 'java/lang/NoSuchMethodError'{0x0000000625ed0430}: 'void java.lang.invoke.DirectMethodHandle$Holder.invokeStaticInit(java.lang.Object, java.lang.Object)'> (0x0000000625ed0430) 
thrown [t:\workspace\open\src\hotspot\share\interpreter\linkResolver.cpp, line 766]
Event: 4.941 Thread 0x000001c4fd90e8a0 Exception <a 'sun/nio/fs/WindowsException'{0x0000000625ff1e58}> (0x0000000625ff1e58) 
thrown [t:\workspace\open\src\hotspot\share\prims\jni.cpp, line 516]
Event: 4.949 Thread 0x000001c4fd90e8a0 Exception <a 'java/lang/NoSuchMethodError'{0x0000000625818838}: 'int java.lang.invoke.DirectMethodHandle$Holder.invokeStaticInit(java.lang.Object, java.lang.Object, java.lang.Object, java.lang.Object)'> (0x0000000625818838) 
thrown [t:\workspace\open\src\hotspot\share\interpreter\linkResolver.cpp, line 766]
Event: 4.949 Thread 0x000001c4fd90e8a0 Exception <a 'java/lang/IncompatibleClassChangeError'{0x00000006258218e0}: Found class java.lang.Object, but interface was expected> (0x00000006258218e0) 
thrown [t:\workspace\open\src\hotspot\share\interpreter\linkResolver.cpp, line 833]
Event: 4.949 Thread 0x000001c4fd90e8a0 Exception <a 'java/lang/NoSuchMethodError'{0x0000000625826f50}: 'int java.lang.invoke.DirectMethodHandle$Holder.invokeStaticInit(java.lang.Object, java.lang.Object)'> (0x0000000625826f50) 
thrown [t:\workspace\open\src\hotspot\share\interpreter\linkResolver.cpp, line 766]
Event: 4.978 Thread 0x000001c4fd90e8a0 Exception <a 'java/lang/NoSuchMethodError'{0x0000000625a04168}: 'java.lang.Object java.lang.invoke.DirectMethodHandle$Holder.invokeStaticInit(java.lang.Object, int, int, int, int)'> (0x0000000625a04168) 
thrown [t:\workspace\open\src\hotspot\share\interpreter\linkResolver.cpp, line 766]
Event: 5.032 Thread 0x000001c4fd90e8a0 Exception <a 'java/lang/NoSuchMethodError'{0x0000000625a75920}: 'java.lang.Object java.lang.invoke.DirectMethodHandle$Holder.invokeStaticInit(java.lang.Object, java.lang.Object, int, int, int, int)'> (0x0000000625a75920) 
thrown [t:\workspace\open\src\hotspot\share\interpreter\linkResolver.cpp, line 766]
Event: 5.193 Thread 0x000001c4fd90ed70 Exception <a 'java/lang/NoSuchMethodError'{0x0000000626f511e8}: 'java.lang.Object java.lang.invoke.DirectMethodHandle$Holder.newInvokeSpecial(java.lang.Object, java.lang.Object, java.lang.Object, int, int, int, int, int)'> (0x0000000626f511e8) 
thrown [t:\workspace\open\src\hotspot\share\interpreter\linkResolver.cpp, line 766]
Event: 5.217 Thread 0x000001c4fd90e8a0 Exception <a 'java/lang/NoSuchMethodError'{0x0000000626f366d8}: 'int java.lang.invoke.DirectMethodHandle$Holder.invokeStatic(java.lang.Object)'> (0x0000000626f366d8) 
thrown [t:\workspace\open\src\hotspot\share\interpreter\linkResolver.cpp, line 766]

VM Operations (20 events):
Event: 5.066 Executing VM operation: ICBufferFull
Event: 5.066 Executing VM operation: ICBufferFull done
Event: 5.100 Executing VM operation: G1CollectForAllocation
Event: 5.104 Executing VM operation: G1CollectForAllocation done
Event: 5.134 Executing VM operation: HandshakeAllThreads
Event: 5.134 Executing VM operation: HandshakeAllThreads done
Event: 5.190 Executing VM operation: HandshakeAllThreads
Event: 5.190 Executing VM operation: HandshakeAllThreads done
Event: 6.204 Executing VM operation: Cleanup
Event: 6.204 Executing VM operation: Cleanup done
Event: 7.212 Executing VM operation: Cleanup
Event: 7.212 Executing VM operation: Cleanup done
Event: 8.221 Executing VM operation: Cleanup
Event: 8.221 Executing VM operation: Cleanup done
Event: 595.834 Executing VM operation: Cleanup
Event: 595.834 Executing VM operation: Cleanup done
Event: 600.872 Executing VM operation: Cleanup
Event: 600.872 Executing VM operation: Cleanup done
Event: 636.235 Executing VM operation: Cleanup
Event: 636.235 Executing VM operation: Cleanup done

Events (20 events):
Event: 7.247 loading class sun/awt/SunToolkit$1 done
Event: 7.271 loading class java/awt/Window$1DisposeAction
Event: 7.272 loading class java/awt/Window$1DisposeAction done
Event: 7.275 loading class java/awt/LightweightDispatcher$2
Event: 7.275 loading class java/awt/LightweightDispatcher$2 done
Event: 7.276 loading class javax/swing/text/GapContent$RemoveUndo
Event: 7.276 loading class javax/swing/text/GapContent$RemoveUndo done
Event: 7.277 loading class javax/swing/text/GapContent$UndoPosRef
Event: 7.277 loading class javax/swing/text/GapContent$UndoPosRef done
Event: 10.197 Thread 0x000001c4fd90ed70 Thread exited: 0x000001c4fd90ed70
Event: 1843.973 loading class java/awt/desktop/SystemSleepListener
Event: 1843.974 loading class java/awt/desktop/SystemEventListener
Event: 1843.974 loading class java/awt/desktop/SystemEventListener done
Event: 1843.974 loading class java/awt/desktop/SystemSleepListener done
Event: 8284.947 loading class java/util/WeakHashMap$KeyIterator
Event: 8284.947 loading class java/util/WeakHashMap$HashIterator
Event: 8284.947 loading class java/util/WeakHashMap$HashIterator done
Event: 8284.947 loading class java/util/WeakHashMap$KeyIterator done
Event: 8284.947 loading class javax/swing/RepaintManager$DisplayChangedRunnable
Event: 8284.947 loading class javax/swing/RepaintManager$DisplayChangedRunnable done


Dynamic libraries:
0x00007ff71c980000 - 0x00007ff71c990000 	C:\Program Files\Java\jdk-17.0.1\bin\javaw.exe
0x00007ffb0fd10000 - 0x00007ffb0ff05000 	C:\Windows\SYSTEM32\ntdll.dll
0x00007ffb0e1f0000 - 0x00007ffb0e2ad000 	C:\Windows\System32\KERNEL32.DLL
0x00007ffb0d800000 - 0x00007ffb0dacd000 	C:\Windows\System32\KERNELBASE.dll
0x00007ffb0dbb0000 - 0x00007ffb0dcb0000 	C:\Windows\System32\ucrtbase.dll
0x00007ffb044d0000 - 0x00007ffb044ea000 	C:\Program Files\Java\jdk-17.0.1\bin\VCRUNTIME140.dll
0x00007ffb05530000 - 0x00007ffb05548000 	C:\Program Files\Java\jdk-17.0.1\bin\jli.dll
0x00007ffb0e4b0000 - 0x00007ffb0e55e000 	C:\Windows\System32\ADVAPI32.dll
0x00007ffb0e0c0000 - 0x00007ffb0e15e000 	C:\Windows\System32\msvcrt.dll
0x00007ffb0df00000 - 0x00007ffb0df9c000 	C:\Windows\System32\sechost.dll
0x00007ffb0e2b0000 - 0x00007ffb0e3d5000 	C:\Windows\System32\RPCRT4.dll
0x00007ffb0dd60000 - 0x00007ffb0df00000 	C:\Windows\System32\USER32.dll
0x00007ffb0d450000 - 0x00007ffb0d472000 	C:\Windows\System32\win32u.dll
0x00007ffafe7c0000 - 0x00007ffafea5a000 	C:\Windows\WinSxS\amd64_microsoft.windows.common-controls_6595b64144ccf1df_6.0.19041.1110_none_60b5254171f9507e\COMCTL32.dll
0x00007ffb0fb30000 - 0x00007ffb0fb5a000 	C:\Windows\System32\GDI32.dll
0x00007ffb0d6f0000 - 0x00007ffb0d7fb000 	C:\Windows\System32\gdi32full.dll
0x00007ffb0d480000 - 0x00007ffb0d51d000 	C:\Windows\System32\msvcp_win.dll
0x00007ffb042a0000 - 0x00007ffb042aa000 	C:\Windows\SYSTEM32\VERSION.dll
0x00007ffb0f3a0000 - 0x00007ffb0f3d0000 	C:\Windows\System32\IMM32.DLL
0x00007ffb05df0000 - 0x00007ffb05dfc000 	C:\Program Files\Java\jdk-17.0.1\bin\vcruntime140_1.dll
0x00007ffb04210000 - 0x00007ffb0429d000 	C:\Program Files\Java\jdk-17.0.1\bin\msvcp140.dll
0x00007ffab2a10000 - 0x00007ffab35ce000 	C:\Program Files\Java\jdk-17.0.1\bin\server\jvm.dll
0x00007ffb0fb20000 - 0x00007ffb0fb28000 	C:\Windows\System32\PSAPI.DLL
0x00007ffb05520000 - 0x00007ffb05529000 	C:\Windows\SYSTEM32\WSOCK32.dll
0x00007ffafee20000 - 0x00007ffafee47000 	C:\Windows\SYSTEM32\WINMM.dll
0x00007ffb0e440000 - 0x00007ffb0e4ab000 	C:\Windows\System32\WS2_32.dll
0x00007ffb0bcb0000 - 0x00007ffb0bcc2000 	C:\Windows\SYSTEM32\kernel.appcore.dll
0x00007ffb045f0000 - 0x00007ffb045fa000 	C:\Program Files\Java\jdk-17.0.1\bin\jimage.dll
0x00007ffb0ba90000 - 0x00007ffb0bc74000 	C:\Windows\SYSTEM32\DBGHELP.DLL
0x00007ffafc630000 - 0x00007ffafc65c000 	C:\Windows\SYSTEM32\dbgcore.DLL
0x00007ffb0db20000 - 0x00007ffb0dba2000 	C:\Windows\System32\bcryptPrimitives.dll
0x00007ffb041e0000 - 0x00007ffb04205000 	C:\Program Files\Java\jdk-17.0.1\bin\java.dll
0x00007ffafd600000 - 0x00007ffafd6d6000 	C:\Program Files\Java\jdk-17.0.1\bin\svml.dll
0x00007ffb0f3d0000 - 0x00007ffb0fb14000 	C:\Windows\System32\SHELL32.dll
0x00007ffb0b2f0000 - 0x00007ffb0ba84000 	C:\Windows\SYSTEM32\windows.storage.dll
0x00007ffb0f040000 - 0x00007ffb0f394000 	C:\Windows\System32\combase.dll
0x00007ffb0ce80000 - 0x00007ffb0ceac000 	C:\Windows\SYSTEM32\Wldp.dll
0x00007ffb0fbc0000 - 0x00007ffb0fc6d000 	C:\Windows\System32\SHCORE.dll
0x00007ffb0fb60000 - 0x00007ffb0fbb5000 	C:\Windows\System32\shlwapi.dll
0x00007ffb0d360000 - 0x00007ffb0d37f000 	C:\Windows\SYSTEM32\profapi.dll
0x00007ffb044b0000 - 0x00007ffb044c9000 	C:\Program Files\Java\jdk-17.0.1\bin\net.dll
0x00007ffb00a60000 - 0x00007ffb00b6a000 	C:\Windows\SYSTEM32\WINHTTP.dll
0x00007ffb0cbe0000 - 0x00007ffb0cc4a000 	C:\Windows\system32\mswsock.dll
0x00007ffb041c0000 - 0x00007ffb041d5000 	C:\Program Files\Java\jdk-17.0.1\bin\nio.dll
0x00007ffb041a0000 - 0x00007ffb041b8000 	C:\Program Files\Java\jdk-17.0.1\bin\zip.dll
0x00007ffaa7800000 - 0x00007ffaa798f000 	C:\Program Files\Java\jdk-17.0.1\bin\awt.dll
0x00007ffb0ed70000 - 0x00007ffb0ee3d000 	C:\Windows\System32\OLEAUT32.dll
0x00007ffb07730000 - 0x00007ffb077c0000 	C:\Windows\SYSTEM32\apphelp.dll
0x00007ffb0ac70000 - 0x00007ffb0ac9f000 	C:\Windows\system32\DWMAPI.DLL
0x00007ffb07870000 - 0x00007ffb0790e000 	C:\Windows\system32\uxtheme.dll
0x00007ffaf7030000 - 0x00007ffaf7156000 	C:\Windows\system32\opengl32.dll
0x00007ffaf7000000 - 0x00007ffaf702c000 	C:\Windows\SYSTEM32\GLU32.dll
0x00007ffb0dfa0000 - 0x00007ffb0e0b5000 	C:\Windows\System32\MSCTF.dll
0x00007ffb0e7a0000 - 0x00007ffb0e8ca000 	C:\Windows\System32\ole32.dll
0x00007ffb03ad0000 - 0x00007ffb03b59000 	C:\Program Files\Java\jdk-17.0.1\bin\freetype.dll
0x00007ffab0d30000 - 0x00007ffab0dd8000 	C:\Program Files\Java\jdk-17.0.1\bin\fontmanager.dll
0x00007ffb0ef90000 - 0x00007ffb0f039000 	C:\Windows\System32\clbcatq.dll
0x00007ffafdc40000 - 0x00007ffafddf4000 	C:\Windows\SYSTEM32\WindowsCodecs.dll
0x00007ffb0d420000 - 0x00007ffb0d447000 	C:\Windows\System32\bcrypt.dll
0x00007ffaf0200000 - 0x00007ffaf023e000 	C:\Windows\system32\dataexchange.dll
0x00007ffb06400000 - 0x00007ffb06664000 	C:\Windows\system32\d3d11.dll
0x00007ffb06c30000 - 0x00007ffb06e15000 	C:\Windows\system32\dcomp.dll
0x00007ffb0bd20000 - 0x00007ffb0be13000 	C:\Windows\system32\dxgi.dll
0x00007ffb047e0000 - 0x00007ffb049e1000 	C:\Windows\system32\twinapi.appcore.dll
0x00007ffb03940000 - 0x00007ffb03a39000 	C:\Windows\SYSTEM32\textinputframework.dll
0x00007ffb07500000 - 0x00007ffb075f2000 	C:\Windows\System32\CoreMessaging.dll
0x00007ffb071a0000 - 0x00007ffb074fe000 	C:\Windows\System32\CoreUIComponents.dll
0x00007ffb0c240000 - 0x00007ffb0c273000 	C:\Windows\SYSTEM32\ntmarta.dll
0x00007ffb05e40000 - 0x00007ffb05f94000 	C:\Windows\SYSTEM32\wintypes.dll
0x00007ffad44e0000 - 0x00007ffad47d5000 	C:\Windows\System32\uiautomationcore.dll
0x00007ffb05190000 - 0x00007ffb05286000 	C:\Windows\System32\PROPSYS.dll
0x00007ffb0cdf0000 - 0x00007ffb0cdfc000 	C:\Windows\SYSTEM32\CRYPTBASE.DLL
0x00007ffafe5a0000 - 0x00007ffafe606000 	C:\Windows\System32\OLEACC.dll
0x00007ffb0c8c0000 - 0x00007ffb0c98b000 	C:\Windows\SYSTEM32\DNSAPI.dll
0x00007ffb0c880000 - 0x00007ffb0c8bb000 	C:\Windows\SYSTEM32\IPHLPAPI.DLL
0x00007ffb0e160000 - 0x00007ffb0e168000 	C:\Windows\System32\NSI.dll
0x00007ffb005d0000 - 0x00007ffb005da000 	C:\Windows\System32\rasadhlp.dll
0x00007ffb005e0000 - 0x00007ffb00660000 	C:\Windows\System32\fwpuclnt.dll
0x00007ffb0cdd0000 - 0x00007ffb0cde8000 	C:\Windows\SYSTEM32\CRYPTSP.dll
0x00007ffb0c4f0000 - 0x00007ffb0c524000 	C:\Windows\system32\rsaenh.dll
0x00007ffb0d2e0000 - 0x00007ffb0d30e000 	C:\Windows\SYSTEM32\USERENV.dll
0x00007ffb03500000 - 0x00007ffb03517000 	C:\Windows\SYSTEM32\dhcpcsvc6.DLL
0x00007ffb034e0000 - 0x00007ffb034fd000 	C:\Windows\SYSTEM32\dhcpcsvc.DLL
0x00007ffafd5b0000 - 0x00007ffafd5be000 	C:\Program Files\Java\jdk-17.0.1\bin\sunmscapi.dll
0x00007ffb0d590000 - 0x00007ffb0d6e6000 	C:\Windows\System32\CRYPT32.dll
0x00007ffb0cef0000 - 0x00007ffb0cf17000 	C:\Windows\SYSTEM32\ncrypt.dll
0x00007ffb0ceb0000 - 0x00007ffb0ceeb000 	C:\Windows\SYSTEM32\NTASN1.dll

dbghelp: loaded successfully - version: 4.0.5 - missing functions: none
symbol engine: initialized successfully - sym options: 0x614 - pdb path: .;C:\Program Files\Java\jdk-17.0.1\bin;C:\Windows\SYSTEM32;C:\Windows\WinSxS\amd64_microsoft.windows.common-controls_6595b64144ccf1df_6.0.19041.1110_none_60b5254171f9507e;C:\Program Files\Java\jdk-17.0.1\bin\server

VM Arguments:
jvm_args: -Dfile.encoding=Cp1252 --module-path=D:\sets\java connector\mysql-connector-java-8.0.29\mysql-connector-java-8.0.29.jar -XX:+ShowCodeDetailsInExceptionMessages 
java_command: managPlan
java_class_path (initial): D:\colleague\s2\p2\progs\Login\bin
Launcher Type: SUN_STANDARD

[Global flags]
     intx CICompilerCount                          = 4                                         {product} {ergonomic}
     uint ConcGCThreads                            = 2                                         {product} {ergonomic}
     uint G1ConcRefinementThreads                  = 8                                         {product} {ergonomic}
   size_t G1HeapRegionSize                         = 4194304                                   {product} {ergonomic}
    uintx GCDrainStackTargetSize                   = 64                                        {product} {ergonomic}
   size_t InitialHeapSize                          = 532676608                                 {product} {ergonomic}
   size_t MarkStackSize                            = 4194304                                   {product} {ergonomic}
   size_t MaxHeapSize                              = 8468299776                                {product} {ergonomic}
   size_t MaxNewSize                               = 5079302144                                {product} {ergonomic}
   size_t MinHeapDeltaBytes                        = 4194304                                   {product} {ergonomic}
   size_t MinHeapSize                              = 8388608                                   {product} {ergonomic}
    uintx NonNMethodCodeHeapSize                   = 5839372                                {pd product} {ergonomic}
    uintx NonProfiledCodeHeapSize                  = 122909434                              {pd product} {ergonomic}
    uintx ProfiledCodeHeapSize                     = 122909434                              {pd product} {ergonomic}
    uintx ReservedCodeCacheSize                    = 251658240                              {pd product} {ergonomic}
     bool SegmentedCodeCache                       = true                                      {product} {ergonomic}
     bool ShowCodeDetailsInExceptionMessages       = true                                   {manageable} {command line}
   size_t SoftMaxHeapSize                          = 8468299776                             {manageable} {ergonomic}
     bool UseCompressedClassPointers               = true                           {product lp64_product} {ergonomic}
     bool UseCompressedOops                        = true                           {product lp64_product} {ergonomic}
     bool UseG1GC                                  = true                                      {product} {ergonomic}
     bool UseLargePagesIndividualAllocation        = false                                  {pd product} {ergonomic}

Logging:
Log output configuration:
 #0: stdout all=warning uptime,level,tags
 #1: stderr all=off uptime,level,tags

Environment Variables:
PATH=C:\Program Files (x86)\VMware\VMware Workstation\bin\;C:\Program Files\Common Files\Oracle\Java\javapath;C:\Windows\system32;C:\Windows;C:\Windows\System32\Wbem;C:\Windows\System32\WindowsPowerShell\v1.0\;C:\Windows\System32\OpenSSH\;C:\Program Files (x86)\NVIDIA Corporation\PhysX\Common;C:\Program Files (x86)\Intel\Intel(R) Management Engine Components\DAL;C:\Program Files\Intel\Intel(R) Management Engine Components\DAL;C:\Program Files\dotnet\;C:\Program Files\MySQL\MySQL Shell 8.0\bin\;C:\Users\ssd\AppData\Local\Microsoft\WindowsApps;;C:\Users\ssd\AppData\Local\Programs\Microsoft VS Code\bin
USERNAME=ssd
OS=Windows_NT
PROCESSOR_IDENTIFIER=Intel64 Family 6 Model 158 Stepping 9, GenuineIntel



---------------  S Y S T E M  ---------------

OS:
 Windows 10 , 64 bit Build 19041 (10.0.19041.1706)
OS uptime: 2 days 14:40 hours

CPU: total 8 (initial active 8) (4 cores per cpu, 2 threads per core) family 6 model 158 stepping 9 microcode 0xf0, cx8, cmov, fxsr, ht, mmx, 3dnowpref, sse, sse2, sse3, ssse3, sse4.1, sse4.2, popcnt, lzcnt, tsc, tscinvbit, avx, avx2, aes, erms, clmul, bmi1, bmi2, rtm, adx, fma, vzeroupper, clflush, clflushopt

Memory: 4k page, system-wide physical 32298M (19868M free)
TotalPageFile size 55777M (AvailPageFile size 547M)
current process WorkingSet (physical memory assigned to process): 105M, peak: 110M
current process commit charge ("private bytes"): 636M, peak: 642M

vm_info: Java HotSpot(TM) 64-Bit Server VM (17.0.1+12-LTS-39) for windows-amd64 JRE (17.0.1+12-LTS-39), built on Sep 27 2021 18:41:35 by "mach5one" with MS VC++ 16.8 (VS2019)

END.
