#
# There is insufficient memory for the Java Runtime Environment to continue.
# Native memory allocation (malloc) failed to allocate 32744 bytes for ChunkPool::allocate
# Possible reasons:
#   The system is out of physical RAM or swap space
#   The process is running with CompressedOops enabled, and the Java Heap may be blocking the growth of the native heap
# Possible solutions:
#   Reduce memory load on the system
#   Increase physical memory or swap space
#   Check if swap backing store is full
#   Decrease Java heap size (-Xmx/-Xms)
#   Decrease number of Java threads
#   Decrease Java thread stack sizes (-Xss)
#   Set larger code cache with -XX:ReservedCodeCacheSize=
#   JVM is running with Zero Based Compressed Oops mode in which the Java heap is
#     placed in the first 32GB address space. The Java Heap base address is the
#     maximum limit for the native heap growth. Please use -XX:HeapBaseMinAddress
#     to set the Java Heap base and to place the Java Heap above 32GB virtual address.
# This output file may be truncated or incomplete.
#
#  Out of Memory Error (arena.cpp:78), pid=17844, tid=24744
#
# JRE version: Java(TM) SE Runtime Environment (17.0.1+12) (build 17.0.1+12-LTS-39)
# Java VM: Java HotSpot(TM) 64-Bit Server VM (17.0.1+12-LTS-39, mixed mode, sharing, tiered, compressed oops, compressed class ptrs, g1 gc, windows-amd64)
# No core dump will be written. Minidumps are not enabled by default on client versions of Windows
#

---------------  S U M M A R Y ------------

Command Line: -Dfile.encoding=Cp1252 --module-path=D:\sets\java connector\mysql-connector-java-8.0.29\mysql-connector-java-8.0.29.jar -XX:+ShowCodeDetailsInExceptionMessages empDetails

Host: Intel(R) Xeon(R) CPU E3-1505M v6 @ 3.00GHz, 8 cores, 31G,  Windows 10 , 64 bit Build 19041 (10.0.19041.1706)
Time: Sat May 28 07:40:36 2022 Egypt Standard Time elapsed time: 5232.245597 seconds (0d 1h 27m 12s)

---------------  T H R E A D  ---------------

Current thread (0x0000023b7ef72eb0):  JavaThread "C2 CompilerThread0" daemon [_thread_in_native, id=24744, stack(0x0000008d64f00000,0x0000008d65000000)]


Current CompileTask:
C2:5232245  871       4       jdk.internal.org.objectweb.asm.ByteVector::putShort (52 bytes)

Stack: [0x0000008d64f00000,0x0000008d65000000]
Native frames: (J=compiled Java code, j=interpreted, Vv=VM code, C=native code)
V  [jvm.dll+0x66fa1a]
V  [jvm.dll+0x7ce5a4]
V  [jvm.dll+0x7cfd4e]
V  [jvm.dll+0x7d03b3]
V  [jvm.dll+0x242b05]
V  [jvm.dll+0xaa2a0]
V  [jvm.dll+0xaa5ec]
V  [jvm.dll+0x6830b1]
V  [jvm.dll+0x683412]
V  [jvm.dll+0x685c32]
V  [jvm.dll+0x67fddb]
V  [jvm.dll+0x67f417]
V  [jvm.dll+0x67d312]
V  [jvm.dll+0x1a483c]
V  [jvm.dll+0x214c18]
V  [jvm.dll+0x1a168d]
V  [jvm.dll+0x224848]
V  [jvm.dll+0x2229ac]
V  [jvm.dll+0x78435b]
V  [jvm.dll+0x77e91a]
V  [jvm.dll+0x66e845]
C  [ucrtbase.dll+0x21bb2]
C  [KERNEL32.DLL+0x17034]
C  [ntdll.dll+0x52651]


---------------  P R O C E S S  ---------------

Threads class SMR info:
_java_thread_list=0x0000023b7fcaacd0, length=16, elements={
0x0000023b7ef52f90, 0x0000023b7ef54aa0, 0x0000023b7ef6cc50, 0x0000023b7ef70620,
0x0000023b7ef70fd0, 0x0000023b7ef72120, 0x0000023b7ef72eb0, 0x0000023b7f928050,
0x0000023b7ef8e5e0, 0x0000023b7f9ed770, 0x0000023b7fb1b560, 0x0000023b7fbbf930,
0x0000023b7fbbfe00, 0x0000023b7fbc02d0, 0x0000023b7fcb6f70, 0x0000023b62a5c4d0
}

Java Threads: ( => current thread )
  0x0000023b7ef52f90 JavaThread "Reference Handler" daemon [_thread_blocked, id=15992, stack(0x0000008d64900000,0x0000008d64a00000)]
  0x0000023b7ef54aa0 JavaThread "Finalizer" daemon [_thread_blocked, id=22792, stack(0x0000008d64a00000,0x0000008d64b00000)]
  0x0000023b7ef6cc50 JavaThread "Signal Dispatcher" daemon [_thread_blocked, id=4912, stack(0x0000008d64b00000,0x0000008d64c00000)]
  0x0000023b7ef70620 JavaThread "Attach Listener" daemon [_thread_blocked, id=4760, stack(0x0000008d64c00000,0x0000008d64d00000)]
  0x0000023b7ef70fd0 JavaThread "Service Thread" daemon [_thread_blocked, id=24244, stack(0x0000008d64d00000,0x0000008d64e00000)]
  0x0000023b7ef72120 JavaThread "Monitor Deflation Thread" daemon [_thread_blocked, id=11416, stack(0x0000008d64e00000,0x0000008d64f00000)]
=>0x0000023b7ef72eb0 JavaThread "C2 CompilerThread0" daemon [_thread_in_native, id=24744, stack(0x0000008d64f00000,0x0000008d65000000)]
  0x0000023b7f928050 JavaThread "C1 CompilerThread0" daemon [_thread_blocked, id=19940, stack(0x0000008d65000000,0x0000008d65100000)]
  0x0000023b7ef8e5e0 JavaThread "Sweeper thread" daemon [_thread_blocked, id=24620, stack(0x0000008d65100000,0x0000008d65200000)]
  0x0000023b7f9ed770 JavaThread "Common-Cleaner" daemon [_thread_blocked, id=25020, stack(0x0000008d65200000,0x0000008d65300000)]
  0x0000023b7fb1b560 JavaThread "Notification Thread" daemon [_thread_blocked, id=24296, stack(0x0000008d65400000,0x0000008d65500000)]
  0x0000023b7fbbf930 JavaThread "Java2D Disposer" daemon [_thread_blocked, id=23476, stack(0x0000008d65600000,0x0000008d65700000)]
  0x0000023b7fbbfe00 JavaThread "AWT-Shutdown" [_thread_blocked, id=24240, stack(0x0000008d65700000,0x0000008d65800000)]
  0x0000023b7fbc02d0 JavaThread "AWT-Windows" daemon [_thread_in_Java, id=21416, stack(0x0000008d65800000,0x0000008d65900000)]
  0x0000023b7fcb6f70 JavaThread "AWT-EventQueue-0" [_thread_blocked, id=22040, stack(0x0000008d65900000,0x0000008d65a00000)]
  0x0000023b62a5c4d0 JavaThread "DestroyJavaVM" [_thread_blocked, id=20156, stack(0x0000008d64200000,0x0000008d64300000)]

Other Threads:
  0x0000023b7ef4e340 VMThread "VM Thread" [stack: 0x0000008d64800000,0x0000008d64900000] [id=21312]
  0x0000023b7fb2ff10 WatcherThread [stack: 0x0000008d65500000,0x0000008d65600000] [id=22660]
  0x0000023b62acf610 GCTaskThread "GC Thread#0" [stack: 0x0000008d64300000,0x0000008d64400000] [id=24496]
  0x0000023b62ae0940 ConcurrentGCThread "G1 Main Marker" [stack: 0x0000008d64400000,0x0000008d64500000] [id=25116]
  0x0000023b62ae2360 ConcurrentGCThread "G1 Conc#0" [stack: 0x0000008d64500000,0x0000008d64600000] [id=24852]
  0x0000023b62b370f0 ConcurrentGCThread "G1 Refine#0" [stack: 0x0000008d64600000,0x0000008d64700000] [id=21100]
  0x0000023b62b37b10 ConcurrentGCThread "G1 Service" [stack: 0x0000008d64700000,0x0000008d64800000] [id=19592]

Threads with active compile tasks:
C2 CompilerThread0  5232281  871       4       jdk.internal.org.objectweb.asm.ByteVector::putShort (52 bytes)

VM state: not at safepoint (normal execution)

VM Mutex/Monitor currently owned by a thread: None

Heap address: 0x0000000607400000, size: 8076 MB, Compressed Oops mode: Zero based, Oop shift amount: 3

CDS archive(s) mapped at: [0x0000000800000000-0x0000000800bc0000-0x0000000800bc0000), size 12320768, SharedBaseAddress: 0x0000000800000000, ArchiveRelocationMode: 0.
Compressed class space mapped at: 0x0000000800c00000-0x0000000840c00000, reserved size: 1073741824
Narrow klass base: 0x0000000800000000, Narrow klass shift: 0, Narrow klass range: 0x100000000

GC Precious Log:
 CPUs: 8 total, 8 available
 Memory: 32298M
 Large Page Support: Disabled
 NUMA Support: Disabled
 Compressed Oops: Enabled (Zero based)
 Heap Region Size: 4M
 Heap Min Capacity: 8M
 Heap Initial Capacity: 508M
 Heap Max Capacity: 8076M
 Pre-touch: Disabled
 Parallel Workers: 8
 Concurrent Workers: 2
 Concurrent Refinement Workers: 8
 Periodic GC: Disabled

Heap:
 garbage-first heap   total 520192K, used 4096K [0x0000000607400000, 0x0000000800000000)
  region size 4096K, 3 young (12288K), 0 survivors (0K)
 Metaspace       used 6588K, committed 6784K, reserved 1056768K
  class space    used 727K, committed 832K, reserved 1048576K

Heap Regions: E=young(eden), S=young(survivor), O=old, HS=humongous(starts), HC=humongous(continues), CS=collection set, F=free, OA=open archive, CA=closed archive, TAMS=top-at-mark-start (previous, next)
|   0|0x0000000607400000, 0x0000000607400000, 0x0000000607800000|  0%| F|  |TAMS 0x0000000607400000, 0x0000000607400000| Untracked 
|   1|0x0000000607800000, 0x0000000607800000, 0x0000000607c00000|  0%| F|  |TAMS 0x0000000607800000, 0x0000000607800000| Untracked 
|   2|0x0000000607c00000, 0x0000000607c00000, 0x0000000608000000|  0%| F|  |TAMS 0x0000000607c00000, 0x0000000607c00000| Untracked 
|   3|0x0000000608000000, 0x0000000608000000, 0x0000000608400000|  0%| F|  |TAMS 0x0000000608000000, 0x0000000608000000| Untracked 
|   4|0x0000000608400000, 0x0000000608400000, 0x0000000608800000|  0%| F|  |TAMS 0x0000000608400000, 0x0000000608400000| Untracked 
|   5|0x0000000608800000, 0x0000000608800000, 0x0000000608c00000|  0%| F|  |TAMS 0x0000000608800000, 0x0000000608800000| Untracked 
|   6|0x0000000608c00000, 0x0000000608c00000, 0x0000000609000000|  0%| F|  |TAMS 0x0000000608c00000, 0x0000000608c00000| Untracked 
|   7|0x0000000609000000, 0x0000000609000000, 0x0000000609400000|  0%| F|  |TAMS 0x0000000609000000, 0x0000000609000000| Untracked 
|   8|0x0000000609400000, 0x0000000609400000, 0x0000000609800000|  0%| F|  |TAMS 0x0000000609400000, 0x0000000609400000| Untracked 
|   9|0x0000000609800000, 0x0000000609800000, 0x0000000609c00000|  0%| F|  |TAMS 0x0000000609800000, 0x0000000609800000| Untracked 
|  10|0x0000000609c00000, 0x0000000609c00000, 0x000000060a000000|  0%| F|  |TAMS 0x0000000609c00000, 0x0000000609c00000| Untracked 
|  11|0x000000060a000000, 0x000000060a000000, 0x000000060a400000|  0%| F|  |TAMS 0x000000060a000000, 0x000000060a000000| Untracked 
|  12|0x000000060a400000, 0x000000060a400000, 0x000000060a800000|  0%| F|  |TAMS 0x000000060a400000, 0x000000060a400000| Untracked 
|  13|0x000000060a800000, 0x000000060a800000, 0x000000060ac00000|  0%| F|  |TAMS 0x000000060a800000, 0x000000060a800000| Untracked 
|  14|0x000000060ac00000, 0x000000060ac00000, 0x000000060b000000|  0%| F|  |TAMS 0x000000060ac00000, 0x000000060ac00000| Untracked 
|  15|0x000000060b000000, 0x000000060b000000, 0x000000060b400000|  0%| F|  |TAMS 0x000000060b000000, 0x000000060b000000| Untracked 
|  16|0x000000060b400000, 0x000000060b400000, 0x000000060b800000|  0%| F|  |TAMS 0x000000060b400000, 0x000000060b400000| Untracked 
|  17|0x000000060b800000, 0x000000060b800000, 0x000000060bc00000|  0%| F|  |TAMS 0x000000060b800000, 0x000000060b800000| Untracked 
|  18|0x000000060bc00000, 0x000000060bc00000, 0x000000060c000000|  0%| F|  |TAMS 0x000000060bc00000, 0x000000060bc00000| Untracked 
|  19|0x000000060c000000, 0x000000060c000000, 0x000000060c400000|  0%| F|  |TAMS 0x000000060c000000, 0x000000060c000000| Untracked 
|  20|0x000000060c400000, 0x000000060c400000, 0x000000060c800000|  0%| F|  |TAMS 0x000000060c400000, 0x000000060c400000| Untracked 
|  21|0x000000060c800000, 0x000000060c800000, 0x000000060cc00000|  0%| F|  |TAMS 0x000000060c800000, 0x000000060c800000| Untracked 
|  22|0x000000060cc00000, 0x000000060cc00000, 0x000000060d000000|  0%| F|  |TAMS 0x000000060cc00000, 0x000000060cc00000| Untracked 
|  23|0x000000060d000000, 0x000000060d000000, 0x000000060d400000|  0%| F|  |TAMS 0x000000060d000000, 0x000000060d000000| Untracked 
|  24|0x000000060d400000, 0x000000060d400000, 0x000000060d800000|  0%| F|  |TAMS 0x000000060d400000, 0x000000060d400000| Untracked 
|  25|0x000000060d800000, 0x000000060d800000, 0x000000060dc00000|  0%| F|  |TAMS 0x000000060d800000, 0x000000060d800000| Untracked 
|  26|0x000000060dc00000, 0x000000060dc00000, 0x000000060e000000|  0%| F|  |TAMS 0x000000060dc00000, 0x000000060dc00000| Untracked 
|  27|0x000000060e000000, 0x000000060e000000, 0x000000060e400000|  0%| F|  |TAMS 0x000000060e000000, 0x000000060e000000| Untracked 
|  28|0x000000060e400000, 0x000000060e400000, 0x000000060e800000|  0%| F|  |TAMS 0x000000060e400000, 0x000000060e400000| Untracked 
|  29|0x000000060e800000, 0x000000060e800000, 0x000000060ec00000|  0%| F|  |TAMS 0x000000060e800000, 0x000000060e800000| Untracked 
|  30|0x000000060ec00000, 0x000000060ec00000, 0x000000060f000000|  0%| F|  |TAMS 0x000000060ec00000, 0x000000060ec00000| Untracked 
|  31|0x000000060f000000, 0x000000060f000000, 0x000000060f400000|  0%| F|  |TAMS 0x000000060f000000, 0x000000060f000000| Untracked 
|  32|0x000000060f400000, 0x000000060f400000, 0x000000060f800000|  0%| F|  |TAMS 0x000000060f400000, 0x000000060f400000| Untracked 
|  33|0x000000060f800000, 0x000000060f800000, 0x000000060fc00000|  0%| F|  |TAMS 0x000000060f800000, 0x000000060f800000| Untracked 
|  34|0x000000060fc00000, 0x000000060fc00000, 0x0000000610000000|  0%| F|  |TAMS 0x000000060fc00000, 0x000000060fc00000| Untracked 
|  35|0x0000000610000000, 0x0000000610000000, 0x0000000610400000|  0%| F|  |TAMS 0x0000000610000000, 0x0000000610000000| Untracked 
|  36|0x0000000610400000, 0x0000000610400000, 0x0000000610800000|  0%| F|  |TAMS 0x0000000610400000, 0x0000000610400000| Untracked 
|  37|0x0000000610800000, 0x0000000610800000, 0x0000000610c00000|  0%| F|  |TAMS 0x0000000610800000, 0x0000000610800000| Untracked 
|  38|0x0000000610c00000, 0x0000000610c00000, 0x0000000611000000|  0%| F|  |TAMS 0x0000000610c00000, 0x0000000610c00000| Untracked 
|  39|0x0000000611000000, 0x0000000611000000, 0x0000000611400000|  0%| F|  |TAMS 0x0000000611000000, 0x0000000611000000| Untracked 
|  40|0x0000000611400000, 0x0000000611400000, 0x0000000611800000|  0%| F|  |TAMS 0x0000000611400000, 0x0000000611400000| Untracked 
|  41|0x0000000611800000, 0x0000000611800000, 0x0000000611c00000|  0%| F|  |TAMS 0x0000000611800000, 0x0000000611800000| Untracked 
|  42|0x0000000611c00000, 0x0000000611c00000, 0x0000000612000000|  0%| F|  |TAMS 0x0000000611c00000, 0x0000000611c00000| Untracked 
|  43|0x0000000612000000, 0x0000000612000000, 0x0000000612400000|  0%| F|  |TAMS 0x0000000612000000, 0x0000000612000000| Untracked 
|  44|0x0000000612400000, 0x0000000612400000, 0x0000000612800000|  0%| F|  |TAMS 0x0000000612400000, 0x0000000612400000| Untracked 
|  45|0x0000000612800000, 0x0000000612800000, 0x0000000612c00000|  0%| F|  |TAMS 0x0000000612800000, 0x0000000612800000| Untracked 
|  46|0x0000000612c00000, 0x0000000612c00000, 0x0000000613000000|  0%| F|  |TAMS 0x0000000612c00000, 0x0000000612c00000| Untracked 
|  47|0x0000000613000000, 0x0000000613000000, 0x0000000613400000|  0%| F|  |TAMS 0x0000000613000000, 0x0000000613000000| Untracked 
|  48|0x0000000613400000, 0x0000000613400000, 0x0000000613800000|  0%| F|  |TAMS 0x0000000613400000, 0x0000000613400000| Untracked 
|  49|0x0000000613800000, 0x0000000613800000, 0x0000000613c00000|  0%| F|  |TAMS 0x0000000613800000, 0x0000000613800000| Untracked 
|  50|0x0000000613c00000, 0x0000000613c00000, 0x0000000614000000|  0%| F|  |TAMS 0x0000000613c00000, 0x0000000613c00000| Untracked 
|  51|0x0000000614000000, 0x0000000614000000, 0x0000000614400000|  0%| F|  |TAMS 0x0000000614000000, 0x0000000614000000| Untracked 
|  52|0x0000000614400000, 0x0000000614400000, 0x0000000614800000|  0%| F|  |TAMS 0x0000000614400000, 0x0000000614400000| Untracked 
|  53|0x0000000614800000, 0x0000000614800000, 0x0000000614c00000|  0%| F|  |TAMS 0x0000000614800000, 0x0000000614800000| Untracked 
|  54|0x0000000614c00000, 0x0000000614c00000, 0x0000000615000000|  0%| F|  |TAMS 0x0000000614c00000, 0x0000000614c00000| Untracked 
|  55|0x0000000615000000, 0x0000000615000000, 0x0000000615400000|  0%| F|  |TAMS 0x0000000615000000, 0x0000000615000000| Untracked 
|  56|0x0000000615400000, 0x0000000615400000, 0x0000000615800000|  0%| F|  |TAMS 0x0000000615400000, 0x0000000615400000| Untracked 
|  57|0x0000000615800000, 0x0000000615800000, 0x0000000615c00000|  0%| F|  |TAMS 0x0000000615800000, 0x0000000615800000| Untracked 
|  58|0x0000000615c00000, 0x0000000615c00000, 0x0000000616000000|  0%| F|  |TAMS 0x0000000615c00000, 0x0000000615c00000| Untracked 
|  59|0x0000000616000000, 0x0000000616000000, 0x0000000616400000|  0%| F|  |TAMS 0x0000000616000000, 0x0000000616000000| Untracked 
|  60|0x0000000616400000, 0x0000000616400000, 0x0000000616800000|  0%| F|  |TAMS 0x0000000616400000, 0x0000000616400000| Untracked 
|  61|0x0000000616800000, 0x0000000616800000, 0x0000000616c00000|  0%| F|  |TAMS 0x0000000616800000, 0x0000000616800000| Untracked 
|  62|0x0000000616c00000, 0x0000000616c00000, 0x0000000617000000|  0%| F|  |TAMS 0x0000000616c00000, 0x0000000616c00000| Untracked 
|  63|0x0000000617000000, 0x0000000617000000, 0x0000000617400000|  0%| F|  |TAMS 0x0000000617000000, 0x0000000617000000| Untracked 
|  64|0x0000000617400000, 0x0000000617400000, 0x0000000617800000|  0%| F|  |TAMS 0x0000000617400000, 0x0000000617400000| Untracked 
|  65|0x0000000617800000, 0x0000000617800000, 0x0000000617c00000|  0%| F|  |TAMS 0x0000000617800000, 0x0000000617800000| Untracked 
|  66|0x0000000617c00000, 0x0000000617c00000, 0x0000000618000000|  0%| F|  |TAMS 0x0000000617c00000, 0x0000000617c00000| Untracked 
|  67|0x0000000618000000, 0x0000000618000000, 0x0000000618400000|  0%| F|  |TAMS 0x0000000618000000, 0x0000000618000000| Untracked 
|  68|0x0000000618400000, 0x0000000618400000, 0x0000000618800000|  0%| F|  |TAMS 0x0000000618400000, 0x0000000618400000| Untracked 
|  69|0x0000000618800000, 0x0000000618800000, 0x0000000618c00000|  0%| F|  |TAMS 0x0000000618800000, 0x0000000618800000| Untracked 
|  70|0x0000000618c00000, 0x0000000618c00000, 0x0000000619000000|  0%| F|  |TAMS 0x0000000618c00000, 0x0000000618c00000| Untracked 
|  71|0x0000000619000000, 0x0000000619000000, 0x0000000619400000|  0%| F|  |TAMS 0x0000000619000000, 0x0000000619000000| Untracked 
|  72|0x0000000619400000, 0x0000000619400000, 0x0000000619800000|  0%| F|  |TAMS 0x0000000619400000, 0x0000000619400000| Untracked 
|  73|0x0000000619800000, 0x0000000619800000, 0x0000000619c00000|  0%| F|  |TAMS 0x0000000619800000, 0x0000000619800000| Untracked 
|  74|0x0000000619c00000, 0x0000000619c00000, 0x000000061a000000|  0%| F|  |TAMS 0x0000000619c00000, 0x0000000619c00000| Untracked 
|  75|0x000000061a000000, 0x000000061a000000, 0x000000061a400000|  0%| F|  |TAMS 0x000000061a000000, 0x000000061a000000| Untracked 
|  76|0x000000061a400000, 0x000000061a400000, 0x000000061a800000|  0%| F|  |TAMS 0x000000061a400000, 0x000000061a400000| Untracked 
|  77|0x000000061a800000, 0x000000061a800000, 0x000000061ac00000|  0%| F|  |TAMS 0x000000061a800000, 0x000000061a800000| Untracked 
|  78|0x000000061ac00000, 0x000000061ac00000, 0x000000061b000000|  0%| F|  |TAMS 0x000000061ac00000, 0x000000061ac00000| Untracked 
|  79|0x000000061b000000, 0x000000061b000000, 0x000000061b400000|  0%| F|  |TAMS 0x000000061b000000, 0x000000061b000000| Untracked 
|  80|0x000000061b400000, 0x000000061b400000, 0x000000061b800000|  0%| F|  |TAMS 0x000000061b400000, 0x000000061b400000| Untracked 
|  81|0x000000061b800000, 0x000000061b800000, 0x000000061bc00000|  0%| F|  |TAMS 0x000000061b800000, 0x000000061b800000| Untracked 
|  82|0x000000061bc00000, 0x000000061bc00000, 0x000000061c000000|  0%| F|  |TAMS 0x000000061bc00000, 0x000000061bc00000| Untracked 
|  83|0x000000061c000000, 0x000000061c000000, 0x000000061c400000|  0%| F|  |TAMS 0x000000061c000000, 0x000000061c000000| Untracked 
|  84|0x000000061c400000, 0x000000061c400000, 0x000000061c800000|  0%| F|  |TAMS 0x000000061c400000, 0x000000061c400000| Untracked 
|  85|0x000000061c800000, 0x000000061c800000, 0x000000061cc00000|  0%| F|  |TAMS 0x000000061c800000, 0x000000061c800000| Untracked 
|  86|0x000000061cc00000, 0x000000061cc00000, 0x000000061d000000|  0%| F|  |TAMS 0x000000061cc00000, 0x000000061cc00000| Untracked 
|  87|0x000000061d000000, 0x000000061d000000, 0x000000061d400000|  0%| F|  |TAMS 0x000000061d000000, 0x000000061d000000| Untracked 
|  88|0x000000061d400000, 0x000000061d400000, 0x000000061d800000|  0%| F|  |TAMS 0x000000061d400000, 0x000000061d400000| Untracked 
|  89|0x000000061d800000, 0x000000061d800000, 0x000000061dc00000|  0%| F|  |TAMS 0x000000061d800000, 0x000000061d800000| Untracked 
|  90|0x000000061dc00000, 0x000000061dc00000, 0x000000061e000000|  0%| F|  |TAMS 0x000000061dc00000, 0x000000061dc00000| Untracked 
|  91|0x000000061e000000, 0x000000061e000000, 0x000000061e400000|  0%| F|  |TAMS 0x000000061e000000, 0x000000061e000000| Untracked 
|  92|0x000000061e400000, 0x000000061e400000, 0x000000061e800000|  0%| F|  |TAMS 0x000000061e400000, 0x000000061e400000| Untracked 
|  93|0x000000061e800000, 0x000000061e800000, 0x000000061ec00000|  0%| F|  |TAMS 0x000000061e800000, 0x000000061e800000| Untracked 
|  94|0x000000061ec00000, 0x000000061ec00000, 0x000000061f000000|  0%| F|  |TAMS 0x000000061ec00000, 0x000000061ec00000| Untracked 
|  95|0x000000061f000000, 0x000000061f000000, 0x000000061f400000|  0%| F|  |TAMS 0x000000061f000000, 0x000000061f000000| Untracked 
|  96|0x000000061f400000, 0x000000061f400000, 0x000000061f800000|  0%| F|  |TAMS 0x000000061f400000, 0x000000061f400000| Untracked 
|  97|0x000000061f800000, 0x000000061f800000, 0x000000061fc00000|  0%| F|  |TAMS 0x000000061f800000, 0x000000061f800000| Untracked 
|  98|0x000000061fc00000, 0x000000061fc00000, 0x0000000620000000|  0%| F|  |TAMS 0x000000061fc00000, 0x000000061fc00000| Untracked 
|  99|0x0000000620000000, 0x0000000620000000, 0x0000000620400000|  0%| F|  |TAMS 0x0000000620000000, 0x0000000620000000| Untracked 
| 100|0x0000000620400000, 0x0000000620400000, 0x0000000620800000|  0%| F|  |TAMS 0x0000000620400000, 0x0000000620400000| Untracked 
| 101|0x0000000620800000, 0x0000000620800000, 0x0000000620c00000|  0%| F|  |TAMS 0x0000000620800000, 0x0000000620800000| Untracked 
| 102|0x0000000620c00000, 0x0000000620c00000, 0x0000000621000000|  0%| F|  |TAMS 0x0000000620c00000, 0x0000000620c00000| Untracked 
| 103|0x0000000621000000, 0x0000000621000000, 0x0000000621400000|  0%| F|  |TAMS 0x0000000621000000, 0x0000000621000000| Untracked 
| 104|0x0000000621400000, 0x0000000621400000, 0x0000000621800000|  0%| F|  |TAMS 0x0000000621400000, 0x0000000621400000| Untracked 
| 105|0x0000000621800000, 0x0000000621800000, 0x0000000621c00000|  0%| F|  |TAMS 0x0000000621800000, 0x0000000621800000| Untracked 
| 106|0x0000000621c00000, 0x0000000621c00000, 0x0000000622000000|  0%| F|  |TAMS 0x0000000621c00000, 0x0000000621c00000| Untracked 
| 107|0x0000000622000000, 0x0000000622000000, 0x0000000622400000|  0%| F|  |TAMS 0x0000000622000000, 0x0000000622000000| Untracked 
| 108|0x0000000622400000, 0x0000000622400000, 0x0000000622800000|  0%| F|  |TAMS 0x0000000622400000, 0x0000000622400000| Untracked 
| 109|0x0000000622800000, 0x0000000622800000, 0x0000000622c00000|  0%| F|  |TAMS 0x0000000622800000, 0x0000000622800000| Untracked 
| 110|0x0000000622c00000, 0x0000000622c00000, 0x0000000623000000|  0%| F|  |TAMS 0x0000000622c00000, 0x0000000622c00000| Untracked 
| 111|0x0000000623000000, 0x0000000623000000, 0x0000000623400000|  0%| F|  |TAMS 0x0000000623000000, 0x0000000623000000| Untracked 
| 112|0x0000000623400000, 0x0000000623400000, 0x0000000623800000|  0%| F|  |TAMS 0x0000000623400000, 0x0000000623400000| Untracked 
| 113|0x0000000623800000, 0x0000000623800000, 0x0000000623c00000|  0%| F|  |TAMS 0x0000000623800000, 0x0000000623800000| Untracked 
| 114|0x0000000623c00000, 0x0000000623c00000, 0x0000000624000000|  0%| F|  |TAMS 0x0000000623c00000, 0x0000000623c00000| Untracked 
| 115|0x0000000624000000, 0x0000000624000000, 0x0000000624400000|  0%| F|  |TAMS 0x0000000624000000, 0x0000000624000000| Untracked 
| 116|0x0000000624400000, 0x0000000624400000, 0x0000000624800000|  0%| F|  |TAMS 0x0000000624400000, 0x0000000624400000| Untracked 
| 117|0x0000000624800000, 0x0000000624800000, 0x0000000624c00000|  0%| F|  |TAMS 0x0000000624800000, 0x0000000624800000| Untracked 
| 118|0x0000000624c00000, 0x0000000624c00000, 0x0000000625000000|  0%| F|  |TAMS 0x0000000624c00000, 0x0000000624c00000| Untracked 
| 119|0x0000000625000000, 0x0000000625000000, 0x0000000625400000|  0%| F|  |TAMS 0x0000000625000000, 0x0000000625000000| Untracked 
| 120|0x0000000625400000, 0x0000000625400000, 0x0000000625800000|  0%| F|  |TAMS 0x0000000625400000, 0x0000000625400000| Untracked 
| 121|0x0000000625800000, 0x0000000625800000, 0x0000000625c00000|  0%| F|  |TAMS 0x0000000625800000, 0x0000000625800000| Untracked 
| 122|0x0000000625c00000, 0x0000000625c00000, 0x0000000626000000|  0%| F|  |TAMS 0x0000000625c00000, 0x0000000625c00000| Untracked 
| 123|0x0000000626000000, 0x0000000626000000, 0x0000000626400000|  0%| F|  |TAMS 0x0000000626000000, 0x0000000626000000| Untracked 
| 124|0x0000000626400000, 0x00000006265f8a10, 0x0000000626800000| 49%| E|  |TAMS 0x0000000626400000, 0x0000000626400000| Complete 
| 125|0x0000000626800000, 0x0000000626bd7b70, 0x0000000626c00000| 96%| E|  |TAMS 0x0000000626800000, 0x0000000626800000| Complete 
| 126|0x0000000626c00000, 0x0000000627000000, 0x0000000627000000|100%| E|CS|TAMS 0x0000000626c00000, 0x0000000626c00000| Complete 

Card table byte_map: [0x0000023b7a570000,0x0000023b7b540000] _byte_map_base: 0x0000023b77536000

Marking Bits (Prev, Next): (CMBitMap*) 0x0000023b62acfc20, (CMBitMap*) 0x0000023b62acfc60
 Prev Bits: [0x0000023b00000000, 0x0000023b07e30000)
 Next Bits: [0x0000023b07e30000, 0x0000023b0fc60000)

Polling page: 0x0000023b60be0000

Metaspace:

Usage:
  Non-class:      5.72 MB used.
      Class:    727.41 KB used.
       Both:      6.43 MB used.

Virtual space:
  Non-class space:        8.00 MB reserved,       5.81 MB ( 73%) committed,  1 nodes.
      Class space:        1.00 GB reserved,     832.00 KB ( <1%) committed,  1 nodes.
             Both:        1.01 GB reserved,       6.62 MB ( <1%) committed. 

Chunk freelists:
   Non-Class:  2.14 MB
       Class:  3.24 MB
        Both:  5.38 MB

MaxMetaspaceSize: unlimited
CompressedClassSpaceSize: 1.00 GB
Initial GC threshold: 21.00 MB
Current GC threshold: 21.00 MB
CDS: on
MetaspaceReclaimPolicy: balanced
 - commit_granule_bytes: 65536.
 - commit_granule_words: 8192.
 - virtual_space_node_default_size: 1048576.
 - enlarge_chunks_in_place: 1.
 - new_chunks_are_fully_committed: 0.
 - uncommit_free_chunks: 1.
 - use_allocation_guard: 0.
 - handle_deallocations: 1.


Internal statistics:

num_allocs_failed_limit: 0.
num_arena_births: 112.
num_arena_deaths: 0.
num_vsnodes_births: 2.
num_vsnodes_deaths: 0.
num_space_committed: 106.
num_space_uncommitted: 0.
num_chunks_returned_to_freelist: 0.
num_chunks_taken_from_freelist: 152.
num_chunk_merges: 0.
num_chunk_splits: 84.
num_chunks_enlarged: 25.
num_purges: 0.
num_inconsistent_stats: 0.

CodeHeap 'non-profiled nmethods': size=120000Kb used=257Kb max_used=257Kb free=119742Kb
 bounds [0x0000023b71d40000, 0x0000023b71fb0000, 0x0000023b79270000]
CodeHeap 'profiled nmethods': size=120000Kb used=1210Kb max_used=1210Kb free=118789Kb
 bounds [0x0000023b6a810000, 0x0000023b6aa80000, 0x0000023b71d40000]
CodeHeap 'non-nmethods': size=5760Kb used=1246Kb max_used=1262Kb free=4513Kb
 bounds [0x0000023b6a270000, 0x0000023b6a4e0000, 0x0000023b6a810000]
 total_blobs=1436 nmethods=869 adapters=480
 compilation: enabled
              stopped_count=0, restarted_count=0
 full_count=0

Compilation events (20 events):
Event: 2.712 Thread 0x0000023b7f928050 nmethod 860 0x0000023b6a93d310 code [0x0000023b6a93d4c0, 0x0000023b6a93d698]
Event: 2.719 Thread 0x0000023b7f928050  861       3       java.awt.event.InputEvent::getModifiers (8 bytes)
Event: 2.719 Thread 0x0000023b7f928050 nmethod 861 0x0000023b6a93d790 code [0x0000023b6a93d920, 0x0000023b6a93da38]
Event: 2.720 Thread 0x0000023b7f928050  862       1       java.awt.event.MouseEvent::getX (5 bytes)
Event: 2.720 Thread 0x0000023b7f928050 nmethod 862 0x0000023b71d7e790 code [0x0000023b71d7e920, 0x0000023b71d7e9f8]
Event: 2.720 Thread 0x0000023b7f928050  864       3       java.awt.event.MouseEvent::getModifiersEx (29 bytes)
Event: 2.721 Thread 0x0000023b7f928050 nmethod 864 0x0000023b6a93db10 code [0x0000023b6a93dce0, 0x0000023b6a93e0f8]
Event: 2.721 Thread 0x0000023b7f928050  863       1       java.awt.event.MouseEvent::getY (5 bytes)
Event: 2.722 Thread 0x0000023b7f928050 nmethod 863 0x0000023b71d7ea90 code [0x0000023b71d7ec20, 0x0000023b71d7ecf8]
Event: 2.722 Thread 0x0000023b7f928050  865       1       java.awt.Window::isRecursivelyVisible (5 bytes)
Event: 2.722 Thread 0x0000023b7f928050 nmethod 865 0x0000023b71d7ed90 code [0x0000023b71d7ef20, 0x0000023b71d7eff8]
Event: 2.722 Thread 0x0000023b7f928050  866       1       java.awt.event.InputEvent::getWhen (5 bytes)
Event: 2.722 Thread 0x0000023b7f928050 nmethod 866 0x0000023b71d7f090 code [0x0000023b71d7f220, 0x0000023b71d7f2f8]
Event: 2.755 Thread 0x0000023b7ef72eb0  867       4       java.awt.Component::getTreeLock (4 bytes)
Event: 2.756 Thread 0x0000023b7ef72eb0 nmethod 867 0x0000023b71d7f390 code [0x0000023b71d7f500, 0x0000023b71d7f578]
Event: 2.765 Thread 0x0000023b7ef72eb0  868       4       java.util.HashMap::getNode (150 bytes)
Event: 2.778 Thread 0x0000023b7ef72eb0 nmethod 868 0x0000023b71d7f690 code [0x0000023b71d7f840, 0x0000023b71d7fd68]
Event: 3.775 Thread 0x0000023b7f928050  869       3       java.security.AccessControlContext::<init> (63 bytes)
Event: 3.776 Thread 0x0000023b7f928050 nmethod 869 0x0000023b6a93e290 code [0x0000023b6a93e460, 0x0000023b6a93e968]
Event: 5232.243 Thread 0x0000023b7ef72eb0  871       4       jdk.internal.org.objectweb.asm.ByteVector::putShort (52 bytes)

GC Heap History (0 events):
No events

Deoptimization events (20 events):
Event: 0.147 Thread 0x0000023b62a5c4d0 Uncommon trap: trap_request=0xffffff45 fr.pc=0x0000023b71d532b4 relative=0x0000000000000414
Event: 0.147 Thread 0x0000023b62a5c4d0 Uncommon trap: reason=unstable_if action=reinterpret pc=0x0000023b71d532b4 method=java.lang.StringLatin1.newString([BII)Ljava/lang/String; @ 1 c2
Event: 0.147 Thread 0x0000023b62a5c4d0 DEOPT PACKING pc=0x0000023b71d532b4 sp=0x0000008d642fead0
Event: 0.147 Thread 0x0000023b62a5c4d0 DEOPT UNPACKING pc=0x0000023b6a2c23a3 sp=0x0000008d642fea98 mode 2
Event: 0.154 Thread 0x0000023b62a5c4d0 Uncommon trap: trap_request=0xffffff45 fr.pc=0x0000023b71d4e600 relative=0x0000000000000080
Event: 0.154 Thread 0x0000023b62a5c4d0 Uncommon trap: reason=unstable_if action=reinterpret pc=0x0000023b71d4e600 method=java.lang.String.isLatin1()Z @ 10 c2
Event: 0.154 Thread 0x0000023b62a5c4d0 DEOPT PACKING pc=0x0000023b71d4e600 sp=0x0000008d642fefa0
Event: 0.154 Thread 0x0000023b62a5c4d0 DEOPT UNPACKING pc=0x0000023b6a2c23a3 sp=0x0000008d642feee0 mode 2
Event: 0.165 Thread 0x0000023b62a5c4d0 Uncommon trap: trap_request=0xffffff45 fr.pc=0x0000023b71d571b4 relative=0x00000000000006f4
Event: 0.165 Thread 0x0000023b62a5c4d0 Uncommon trap: reason=unstable_if action=reinterpret pc=0x0000023b71d571b4 method=java.util.ImmutableCollections$SetN.probe(Ljava/lang/Object;)I @ 34 c2
Event: 0.165 Thread 0x0000023b62a5c4d0 DEOPT PACKING pc=0x0000023b71d571b4 sp=0x0000008d642fd550
Event: 0.165 Thread 0x0000023b62a5c4d0 DEOPT UNPACKING pc=0x0000023b6a2c23a3 sp=0x0000008d642fd4f0 mode 2
Event: 0.299 Thread 0x0000023b62a5c4d0 Uncommon trap: trap_request=0xffffff45 fr.pc=0x0000023b71d5b354 relative=0x0000000000000e54
Event: 0.299 Thread 0x0000023b62a5c4d0 Uncommon trap: reason=unstable_if action=reinterpret pc=0x0000023b71d5b354 method=java.util.HashMap.hash(Ljava/lang/Object;)I @ 1 c2
Event: 0.299 Thread 0x0000023b62a5c4d0 DEOPT PACKING pc=0x0000023b71d5b354 sp=0x0000008d642fedc0
Event: 0.299 Thread 0x0000023b62a5c4d0 DEOPT UNPACKING pc=0x0000023b6a2c23a3 sp=0x0000008d642fed50 mode 2
Event: 0.345 Thread 0x0000023b62a5c4d0 Uncommon trap: trap_request=0xffffff45 fr.pc=0x0000023b71d4d4dc relative=0x000000000000005c
Event: 0.345 Thread 0x0000023b62a5c4d0 Uncommon trap: reason=unstable_if action=reinterpret pc=0x0000023b71d4d4dc method=java.lang.String.isLatin1()Z @ 10 c2
Event: 0.345 Thread 0x0000023b62a5c4d0 DEOPT PACKING pc=0x0000023b71d4d4dc sp=0x0000008d642fd2d0
Event: 0.345 Thread 0x0000023b62a5c4d0 DEOPT UNPACKING pc=0x0000023b6a2c23a3 sp=0x0000008d642fd260 mode 2

Classes unloaded (0 events):
No events

Classes redefined (0 events):
No events

Internal exceptions (17 events):
Event: 0.136 Thread 0x0000023b62a5c4d0 Exception <a 'java/lang/NoSuchMethodError'{0x0000000626ebd688}: 'void java.lang.invoke.DirectMethodHandle$Holder.invokeSpecial(java.lang.Object, java.lang.Object, java.lang.Object)'> (0x0000000626ebd688) 
thrown [t:\workspace\open\src\hotspot\share\interpreter\linkResolver.cpp, line 766]
Event: 0.139 Thread 0x0000023b62a5c4d0 Exception <a 'java/lang/NoSuchMethodError'{0x0000000626ed0c50}: 'void java.lang.invoke.DirectMethodHandle$Holder.invokeSpecial(java.lang.Object, java.lang.Object, java.lang.Object, java.lang.Object, java.lang.Object)'> (0x0000000626ed0c50) 
thrown [t:\workspace\open\src\hotspot\share\interpreter\linkResolver.cpp, line 766]
Event: 0.141 Thread 0x0000023b62a5c4d0 Exception <a 'java/lang/NoSuchMethodError'{0x0000000626ee3a88}: 'java.lang.Object java.lang.invoke.DirectMethodHandle$Holder.invokeInterface(java.lang.Object, java.lang.Object)'> (0x0000000626ee3a88) 
thrown [t:\workspace\open\src\hotspot\share\interpreter\linkResolver.cpp, line 766]
Event: 0.142 Thread 0x0000023b62a5c4d0 Exception <a 'java/lang/IncompatibleClassChangeError'{0x0000000626ee7100}: Found class java.lang.Object, but interface was expected> (0x0000000626ee7100) 
thrown [t:\workspace\open\src\hotspot\share\interpreter\linkResolver.cpp, line 833]
Event: 0.142 Thread 0x0000023b62a5c4d0 Exception <a 'java/lang/NoSuchMethodError'{0x0000000626ee9ec8}: 'void java.lang.invoke.DirectMethodHandle$Holder.invokeStatic(java.lang.Object, java.lang.Object, java.lang.Object, java.lang.Object)'> (0x0000000626ee9ec8) 
thrown [t:\workspace\open\src\hotspot\share\interpreter\linkResolver.cpp, line 766]
Event: 0.177 Thread 0x0000023b62a5c4d0 Exception <a 'java/lang/ClassNotFoundException'{0x0000000626fab230}: sun/awt/resources/spi/awtProvider> (0x0000000626fab230) 
thrown [t:\workspace\open\src\hotspot\share\classfile\systemDictionary.cpp, line 256]
Event: 0.196 Thread 0x0000023b62a5c4d0 Exception <a 'java/io/FileNotFoundException'{0x0000000626ffca30}> (0x0000000626ffca30) 
thrown [t:\workspace\open\src\hotspot\share\prims\jni.cpp, line 516]
Event: 0.203 Thread 0x0000023b62a5c4d0 Exception <a 'java/io/FileNotFoundException'{0x0000000626829fc0}> (0x0000000626829fc0) 
thrown [t:\workspace\open\src\hotspot\share\prims\jni.cpp, line 516]
Event: 0.231 Thread 0x0000023b62a5c4d0 Exception <a 'java/lang/NoSuchMethodError'{0x0000000626864ad0}: 'java.lang.Object java.lang.invoke.DirectMethodHandle$Holder.invokeStaticInit(java.lang.Object)'> (0x0000000626864ad0) 
thrown [t:\workspace\open\src\hotspot\share\interpreter\linkResolver.cpp, line 766]
Event: 0.265 Thread 0x0000023b62a5c4d0 Exception <a 'java/lang/NoSuchMethodError'{0x000000062694e0c8}: 'java.lang.Object java.lang.invoke.DirectMethodHandle$Holder.newInvokeSpecial(java.lang.Object, java.lang.Object, java.lang.Object, java.lang.Object, java.lang.Object)'> (0x000000062694e0c8) 
thrown [t:\workspace\open\src\hotspot\share\interpreter\linkResolver.cpp, line 766]
Event: 0.266 Thread 0x0000023b62a5c4d0 Exception <a 'java/lang/NoSuchMethodError'{0x0000000626959a90}: 'java.lang.Object java.lang.invoke.DirectMethodHandle$Holder.invokeStatic(java.lang.Object, int, java.lang.Object, java.lang.Object, java.lang.Object, java.lang.Object)'> (0x0000000626959a90) 
thrown [t:\workspace\open\src\hotspot\share\interpreter\linkResolver.cpp, line 766]
Event: 0.270 Thread 0x0000023b62a5c4d0 Exception <a 'java/lang/NoSuchMethodError'{0x000000062697f490}: 'java.lang.Object java.lang.invoke.DirectMethodHandle$Holder.invokeStatic(java.lang.Object, int, java.lang.Object)'> (0x000000062697f490) 
thrown [t:\workspace\open\src\hotspot\share\interpreter\linkResolver.cpp, line 766]
Event: 0.295 Thread 0x0000023b62a5c4d0 Exception <a 'java/lang/ClassNotFoundException'{0x0000000626a36cf0}: com/sun/swing/internal/plaf/metal/resources/spi/metalProvider> (0x0000000626a36cf0) 
thrown [t:\workspace\open\src\hotspot\share\classfile\systemDictionary.cpp, line 256]
Event: 0.296 Thread 0x0000023b62a5c4d0 Exception <a 'java/lang/ClassNotFoundException'{0x0000000626a3ab98}: com/sun/swing/internal/plaf/basic/resources/spi/basicProvider> (0x0000000626a3ab98) 
thrown [t:\workspace\open\src\hotspot\share\classfile\systemDictionary.cpp, line 256]
Event: 0.299 Thread 0x0000023b62a5c4d0 Implicit null exception at 0x0000023b71d5a540 to 0x0000023b71d5b338
Event: 0.319 Thread 0x0000023b7fbc02d0 Exception <a 'java/lang/NoSuchMethodError'{0x000000062688b488}: 'void java.lang.invoke.DirectMethodHandle$Holder.invokeVirtual(java.lang.Object, java.lang.Object)'> (0x000000062688b488) 
thrown [t:\workspace\open\src\hotspot\share\interpreter\linkResolver.cpp, line 766]
Event: 0.334 Thread 0x0000023b62a5c4d0 Exception <a 'java/lang/NoSuchMethodError'{0x0000000626af6688}: 'void java.lang.invoke.DirectMethodHandle$Holder.invokeStaticInit(java.lang.Object)'> (0x0000000626af6688) 
thrown [t:\workspace\open\src\hotspot\share\interpreter\linkResolver.cpp, line 766]

VM Operations (16 events):
Event: 0.107 Executing VM operation: HandshakeAllThreads
Event: 0.107 Executing VM operation: HandshakeAllThreads done
Event: 0.140 Executing VM operation: HandshakeAllThreads
Event: 0.140 Executing VM operation: HandshakeAllThreads done
Event: 0.304 Executing VM operation: HandshakeAllThreads
Event: 0.304 Executing VM operation: HandshakeAllThreads done
Event: 0.352 Executing VM operation: HandshakeAllThreads
Event: 0.352 Executing VM operation: HandshakeAllThreads done
Event: 0.383 Executing VM operation: HandshakeAllThreads
Event: 0.383 Executing VM operation: HandshakeAllThreads done
Event: 1.387 Executing VM operation: Cleanup
Event: 1.388 Executing VM operation: Cleanup done
Event: 2.398 Executing VM operation: Cleanup
Event: 2.398 Executing VM operation: Cleanup done
Event: 4.415 Executing VM operation: Cleanup
Event: 4.415 Executing VM operation: Cleanup done

Events (20 events):
Event: 0.440 loading class java/awt/TextComponent done
Event: 0.440 loading class javax/swing/text/JTextComponent
Event: 0.440 loading class javax/swing/Scrollable
Event: 0.440 loading class javax/swing/Scrollable done
Event: 0.440 loading class javax/swing/text/JTextComponent done
Event: 0.442 loading class java/awt/KeyboardFocusManager$2
Event: 0.442 loading class java/awt/KeyboardFocusManager$2 done
Event: 1.089 Thread 0x0000023b7fa771b0 Thread exited: 0x0000023b7fa771b0
Event: 1.787 loading class java/awt/Canvas
Event: 1.787 loading class java/awt/Canvas done
Event: 1.787 loading class java/awt/Scrollbar
Event: 1.788 loading class java/awt/Adjustable
Event: 1.788 loading class java/awt/Adjustable done
Event: 1.788 loading class java/awt/Scrollbar done
Event: 2.776 loading class java/awt/LightweightDispatcher$2
Event: 2.776 loading class java/awt/LightweightDispatcher$2 done
Event: 466.048 loading class java/awt/desktop/SystemSleepListener
Event: 466.049 loading class java/awt/desktop/SystemEventListener
Event: 466.049 loading class java/awt/desktop/SystemEventListener done
Event: 466.049 loading class java/awt/desktop/SystemSleepListener done


Dynamic libraries:
0x00007ff71c980000 - 0x00007ff71c990000 	C:\Program Files\Java\jdk-17.0.1\bin\javaw.exe
0x00007ffb0fd10000 - 0x00007ffb0ff05000 	C:\Windows\SYSTEM32\ntdll.dll
0x00007ffb0e1f0000 - 0x00007ffb0e2ad000 	C:\Windows\System32\KERNEL32.DLL
0x00007ffb0d800000 - 0x00007ffb0dacd000 	C:\Windows\System32\KERNELBASE.dll
0x00007ffb0dbb0000 - 0x00007ffb0dcb0000 	C:\Windows\System32\ucrtbase.dll
0x00007ffb05530000 - 0x00007ffb05548000 	C:\Program Files\Java\jdk-17.0.1\bin\jli.dll
0x00007ffb0e4b0000 - 0x00007ffb0e55e000 	C:\Windows\System32\ADVAPI32.dll
0x00007ffb0e0c0000 - 0x00007ffb0e15e000 	C:\Windows\System32\msvcrt.dll
0x00007ffb0df00000 - 0x00007ffb0df9c000 	C:\Windows\System32\sechost.dll
0x00007ffb044d0000 - 0x00007ffb044ea000 	C:\Program Files\Java\jdk-17.0.1\bin\VCRUNTIME140.dll
0x00007ffb0e2b0000 - 0x00007ffb0e3d5000 	C:\Windows\System32\RPCRT4.dll
0x00007ffb0dd60000 - 0x00007ffb0df00000 	C:\Windows\System32\USER32.dll
0x00007ffafe7c0000 - 0x00007ffafea5a000 	C:\Windows\WinSxS\amd64_microsoft.windows.common-controls_6595b64144ccf1df_6.0.19041.1110_none_60b5254171f9507e\COMCTL32.dll
0x00007ffb0d450000 - 0x00007ffb0d472000 	C:\Windows\System32\win32u.dll
0x00007ffb0fb30000 - 0x00007ffb0fb5a000 	C:\Windows\System32\GDI32.dll
0x00007ffb0d6f0000 - 0x00007ffb0d7fb000 	C:\Windows\System32\gdi32full.dll
0x00007ffb0d480000 - 0x00007ffb0d51d000 	C:\Windows\System32\msvcp_win.dll
0x00007ffb042a0000 - 0x00007ffb042aa000 	C:\Windows\SYSTEM32\VERSION.dll
0x00007ffb0f3a0000 - 0x00007ffb0f3d0000 	C:\Windows\System32\IMM32.DLL
0x00007ffb05df0000 - 0x00007ffb05dfc000 	C:\Program Files\Java\jdk-17.0.1\bin\vcruntime140_1.dll
0x00007ffb04210000 - 0x00007ffb0429d000 	C:\Program Files\Java\jdk-17.0.1\bin\msvcp140.dll
0x00007ffab2a10000 - 0x00007ffab35ce000 	C:\Program Files\Java\jdk-17.0.1\bin\server\jvm.dll
0x00007ffb0fb20000 - 0x00007ffb0fb28000 	C:\Windows\System32\PSAPI.DLL
0x00007ffafee20000 - 0x00007ffafee47000 	C:\Windows\SYSTEM32\WINMM.dll
0x00007ffb05520000 - 0x00007ffb05529000 	C:\Windows\SYSTEM32\WSOCK32.dll
0x00007ffb0e440000 - 0x00007ffb0e4ab000 	C:\Windows\System32\WS2_32.dll
0x00007ffb0bcb0000 - 0x00007ffb0bcc2000 	C:\Windows\SYSTEM32\kernel.appcore.dll
0x00007ffb045f0000 - 0x00007ffb045fa000 	C:\Program Files\Java\jdk-17.0.1\bin\jimage.dll
0x00007ffb0ba90000 - 0x00007ffb0bc74000 	C:\Windows\SYSTEM32\DBGHELP.DLL
0x00007ffafc630000 - 0x00007ffafc65c000 	C:\Windows\SYSTEM32\dbgcore.DLL
0x00007ffb0db20000 - 0x00007ffb0dba2000 	C:\Windows\System32\bcryptPrimitives.dll
0x00007ffb041e0000 - 0x00007ffb04205000 	C:\Program Files\Java\jdk-17.0.1\bin\java.dll
0x00007ffafd600000 - 0x00007ffafd6d6000 	C:\Program Files\Java\jdk-17.0.1\bin\svml.dll
0x00007ffb0f3d0000 - 0x00007ffb0fb14000 	C:\Windows\System32\SHELL32.dll
0x00007ffb0b2f0000 - 0x00007ffb0ba84000 	C:\Windows\SYSTEM32\windows.storage.dll
0x00007ffb0f040000 - 0x00007ffb0f394000 	C:\Windows\System32\combase.dll
0x00007ffb0ce80000 - 0x00007ffb0ceac000 	C:\Windows\SYSTEM32\Wldp.dll
0x00007ffb0fbc0000 - 0x00007ffb0fc6d000 	C:\Windows\System32\SHCORE.dll
0x00007ffb0fb60000 - 0x00007ffb0fbb5000 	C:\Windows\System32\shlwapi.dll
0x00007ffb0d360000 - 0x00007ffb0d37f000 	C:\Windows\SYSTEM32\profapi.dll
0x00007ffb044b0000 - 0x00007ffb044c9000 	C:\Program Files\Java\jdk-17.0.1\bin\net.dll
0x00007ffb00a60000 - 0x00007ffb00b6a000 	C:\Windows\SYSTEM32\WINHTTP.dll
0x00007ffb0cbe0000 - 0x00007ffb0cc4a000 	C:\Windows\system32\mswsock.dll
0x00007ffb041c0000 - 0x00007ffb041d5000 	C:\Program Files\Java\jdk-17.0.1\bin\nio.dll
0x00007ffb041a0000 - 0x00007ffb041b8000 	C:\Program Files\Java\jdk-17.0.1\bin\zip.dll
0x00007ffaa7800000 - 0x00007ffaa798f000 	C:\Program Files\Java\jdk-17.0.1\bin\awt.dll
0x00007ffb0ed70000 - 0x00007ffb0ee3d000 	C:\Windows\System32\OLEAUT32.dll
0x00007ffb07730000 - 0x00007ffb077c0000 	C:\Windows\SYSTEM32\apphelp.dll
0x00007ffb0ac70000 - 0x00007ffb0ac9f000 	C:\Windows\system32\DWMAPI.DLL
0x00007ffb07870000 - 0x00007ffb0790e000 	C:\Windows\system32\uxtheme.dll
0x00007ffaf7030000 - 0x00007ffaf7156000 	C:\Windows\system32\opengl32.dll
0x00007ffaf7000000 - 0x00007ffaf702c000 	C:\Windows\SYSTEM32\GLU32.dll
0x00007ffb0dfa0000 - 0x00007ffb0e0b5000 	C:\Windows\System32\MSCTF.dll
0x00007ffb0e7a0000 - 0x00007ffb0e8ca000 	C:\Windows\System32\ole32.dll
0x00007ffb03ad0000 - 0x00007ffb03b59000 	C:\Program Files\Java\jdk-17.0.1\bin\freetype.dll
0x00007ffab0d30000 - 0x00007ffab0dd8000 	C:\Program Files\Java\jdk-17.0.1\bin\fontmanager.dll
0x00007ffb03940000 - 0x00007ffb03a39000 	C:\Windows\SYSTEM32\textinputframework.dll
0x00007ffb071a0000 - 0x00007ffb074fe000 	C:\Windows\System32\CoreUIComponents.dll
0x00007ffb07500000 - 0x00007ffb075f2000 	C:\Windows\System32\CoreMessaging.dll
0x00007ffb0c240000 - 0x00007ffb0c273000 	C:\Windows\SYSTEM32\ntmarta.dll
0x00007ffb05e40000 - 0x00007ffb05f94000 	C:\Windows\SYSTEM32\wintypes.dll
0x00007ffad44e0000 - 0x00007ffad47d5000 	C:\Windows\System32\uiautomationcore.dll
0x00007ffb05190000 - 0x00007ffb05286000 	C:\Windows\System32\PROPSYS.dll
0x00007ffb0cdf0000 - 0x00007ffb0cdfc000 	C:\Windows\SYSTEM32\CRYPTBASE.DLL
0x00007ffafe5a0000 - 0x00007ffafe606000 	C:\Windows\System32\OLEACC.dll
0x00007ffb0ef90000 - 0x00007ffb0f039000 	C:\Windows\System32\clbcatq.dll

dbghelp: loaded successfully - version: 4.0.5 - missing functions: none
symbol engine: initialized successfully - sym options: 0x614 - pdb path: .;C:\Program Files\Java\jdk-17.0.1\bin;C:\Windows\SYSTEM32;C:\Windows\WinSxS\amd64_microsoft.windows.common-controls_6595b64144ccf1df_6.0.19041.1110_none_60b5254171f9507e;C:\Program Files\Java\jdk-17.0.1\bin\server

VM Arguments:
jvm_args: -Dfile.encoding=Cp1252 --module-path=D:\sets\java connector\mysql-connector-java-8.0.29\mysql-connector-java-8.0.29.jar -XX:+ShowCodeDetailsInExceptionMessages 
java_command: empDetails
java_class_path (initial): D:\colleague\s2\p2\progs\Login\bin
Launcher Type: SUN_STANDARD

[Global flags]
     intx CICompilerCount                          = 4                                         {product} {ergonomic}
     uint ConcGCThreads                            = 2                                         {product} {ergonomic}
     uint G1ConcRefinementThreads                  = 8                                         {product} {ergonomic}
   size_t G1HeapRegionSize                         = 4194304                                   {product} {ergonomic}
    uintx GCDrainStackTargetSize                   = 64                                        {product} {ergonomic}
   size_t InitialHeapSize                          = 532676608                                 {product} {ergonomic}
   size_t MarkStackSize                            = 4194304                                   {product} {ergonomic}
   size_t MaxHeapSize                              = 8468299776                                {product} {ergonomic}
   size_t MaxNewSize                               = 5079302144                                {product} {ergonomic}
   size_t MinHeapDeltaBytes                        = 4194304                                   {product} {ergonomic}
   size_t MinHeapSize                              = 8388608                                   {product} {ergonomic}
    uintx NonNMethodCodeHeapSize                   = 5839372                                {pd product} {ergonomic}
    uintx NonProfiledCodeHeapSize                  = 122909434                              {pd product} {ergonomic}
    uintx ProfiledCodeHeapSize                     = 122909434                              {pd product} {ergonomic}
    uintx ReservedCodeCacheSize                    = 251658240                              {pd product} {ergonomic}
     bool SegmentedCodeCache                       = true                                      {product} {ergonomic}
     bool ShowCodeDetailsInExceptionMessages       = true                                   {manageable} {command line}
   size_t SoftMaxHeapSize                          = 8468299776                             {manageable} {ergonomic}
     bool UseCompressedClassPointers               = true                           {product lp64_product} {ergonomic}
     bool UseCompressedOops                        = true                           {product lp64_product} {ergonomic}
     bool UseG1GC                                  = true                                      {product} {ergonomic}
     bool UseLargePagesIndividualAllocation        = false                                  {pd product} {ergonomic}

Logging:
Log output configuration:
 #0: stdout all=warning uptime,level,tags
 #1: stderr all=off uptime,level,tags

Environment Variables:
PATH=C:\Program Files (x86)\VMware\VMware Workstation\bin\;C:\Program Files\Common Files\Oracle\Java\javapath;C:\Windows\system32;C:\Windows;C:\Windows\System32\Wbem;C:\Windows\System32\WindowsPowerShell\v1.0\;C:\Windows\System32\OpenSSH\;C:\Program Files (x86)\NVIDIA Corporation\PhysX\Common;C:\Program Files (x86)\Intel\Intel(R) Management Engine Components\DAL;C:\Program Files\Intel\Intel(R) Management Engine Components\DAL;C:\Program Files\dotnet\;C:\Program Files\MySQL\MySQL Shell 8.0\bin\;C:\Users\ssd\AppData\Local\Microsoft\WindowsApps;;C:\Users\ssd\AppData\Local\Programs\Microsoft VS Code\bin
USERNAME=ssd
OS=Windows_NT
PROCESSOR_IDENTIFIER=Intel64 Family 6 Model 158 Stepping 9, GenuineIntel



---------------  S Y S T E M  ---------------

OS:
 Windows 10 , 64 bit Build 19041 (10.0.19041.1706)
OS uptime: 2 days 14:40 hours

CPU: total 8 (initial active 8) (4 cores per cpu, 2 threads per core) family 6 model 158 stepping 9 microcode 0xf0, cx8, cmov, fxsr, ht, mmx, 3dnowpref, sse, sse2, sse3, ssse3, sse4.1, sse4.2, popcnt, lzcnt, tsc, tscinvbit, avx, avx2, aes, erms, clmul, bmi1, bmi2, rtm, adx, fma, vzeroupper, clflush, clflushopt

Memory: 4k page, system-wide physical 32298M (19859M free)
TotalPageFile size 55777M (AvailPageFile size 2M)
current process WorkingSet (physical memory assigned to process): 60M, peak: 61M
current process commit charge ("private bytes"): 616M, peak: 618M

vm_info: Java HotSpot(TM) 64-Bit Server VM (17.0.1+12-LTS-39) for windows-amd64 JRE (17.0.1+12-LTS-39), built on Sep 27 2021 18:41:35 by "mach5one" with MS VC++ 16.8 (VS2019)

END.
