#
# There is insufficient memory for the Java Runtime Environment to continue.
# Native memory allocation (mmap) failed to map 65536 bytes for Failed to commit metaspace.
# Possible reasons:
#   The system is out of physical RAM or swap space
#   The process is running with CompressedOops enabled, and the Java Heap may be blocking the growth of the native heap
# Possible solutions:
#   Reduce memory load on the system
#   Increase physical memory or swap space
#   Check if swap backing store is full
#   Decrease Java heap size (-Xmx/-Xms)
#   Decrease number of Java threads
#   Decrease Java thread stack sizes (-Xss)
#   Set larger code cache with -XX:ReservedCodeCacheSize=
#   JVM is running with Zero Based Compressed Oops mode in which the Java heap is
#     placed in the first 32GB address space. The Java Heap base address is the
#     maximum limit for the native heap growth. Please use -XX:HeapBaseMinAddress
#     to set the Java Heap base and to place the Java Heap above 32GB virtual address.
# This output file may be truncated or incomplete.
#
#  Out of Memory Error (virtualSpaceNode.cpp:110), pid=4432, tid=10844
#
# JRE version: Java(TM) SE Runtime Environment (17.0.1+12) (build 17.0.1+12-LTS-39)
# Java VM: Java HotSpot(TM) 64-Bit Server VM (17.0.1+12-LTS-39, mixed mode, sharing, tiered, compressed oops, compressed class ptrs, g1 gc, windows-amd64)
# No core dump will be written. Minidumps are not enabled by default on client versions of Windows
#

---------------  S U M M A R Y ------------

Command Line: -Dfile.encoding=Cp1252 --module-path=D:\sets\java connector\mysql-connector-java-8.0.29\mysql-connector-java-8.0.29.jar -XX:+ShowCodeDetailsInExceptionMessages manSpecEmpToSh

Host: Intel(R) Xeon(R) CPU E3-1505M v6 @ 3.00GHz, 8 cores, 31G,  Windows 10 , 64 bit Build 19041 (10.0.19041.1706)
Time: Sat May 28 07:40:36 2022 Egypt Standard Time elapsed time: 9883.660618 seconds (0d 2h 44m 43s)

---------------  T H R E A D  ---------------

Current thread (0x0000022e7e771df0):  JavaThread "AWT-EventQueue-0" [_thread_in_vm, id=10844, stack(0x0000005612400000,0x0000005612500000)]

Stack: [0x0000005612400000,0x0000005612500000]
Native frames: (J=compiled Java code, j=interpreted, Vv=VM code, C=native code)
V  [jvm.dll+0x66fa1a]
V  [jvm.dll+0x7ce5a4]
V  [jvm.dll+0x7cfd4e]
V  [jvm.dll+0x7d03b3]
V  [jvm.dll+0x242b05]
V  [jvm.dll+0x7ca54b]
V  [jvm.dll+0x615b76]
V  [jvm.dll+0x615bda]
V  [jvm.dll+0x6183ea]
V  [jvm.dll+0x616516]
V  [jvm.dll+0x2370cf]
V  [jvm.dll+0x620145]
V  [jvm.dll+0x1e7dcb]
V  [jvm.dll+0x1e8305]
V  [jvm.dll+0x1e8d3f]
V  [jvm.dll+0x1de1f1]
V  [jvm.dll+0x537690]
V  [jvm.dll+0x1ee9d7]
V  [jvm.dll+0x748afb]
V  [jvm.dll+0x749ea2]
V  [jvm.dll+0x74a639]
V  [jvm.dll+0x1e8ff4]
V  [jvm.dll+0x1de20a]
V  [jvm.dll+0x537690]
V  [jvm.dll+0x1ee9d7]
V  [jvm.dll+0x748afb]
V  [jvm.dll+0x749ea2]
V  [jvm.dll+0x74a1d8]
V  [jvm.dll+0x23ae5e]
V  [jvm.dll+0x37afce]
C  0x0000022e0774b817

Java frames: (J=compiled Java code, j=interpreted, Vv=VM code)
j  java.util.WeakHashMap$KeySet.iterator()Ljava/util/Iterator;+0 java.base@17.0.1
j  java.util.Collections$SynchronizedCollection.iterator()Ljava/util/Iterator;+4 java.base@17.0.1
j  java.util.AbstractCollection.addAll(Ljava/util/Collection;)Z+3 java.base@17.0.1
j  java.util.HashSet.<init>(Ljava/util/Collection;)V+35 java.base@17.0.1
j  sun.awt.SunDisplayChanger.notifyListeners()V+40 java.desktop@17.0.1
j  sun.awt.Win32GraphicsDevice.displayChanged()V+23 java.desktop@17.0.1
j  sun.awt.Win32GraphicsEnvironment.displayChanged()V+198 java.desktop@17.0.1
j  sun.awt.windows.WToolkit.lambda$displayChanged$4()V+15 java.desktop@17.0.1
j  sun.awt.windows.WToolkit$$Lambda$169+0x0000000800cff468.run()V+0 java.desktop@17.0.1
J 1134 c1 java.awt.event.InvocationEvent.dispatch()V java.desktop@17.0.1 (69 bytes) @ 0x0000022e07e8341c [0x0000022e07e83200+0x000000000000021c]
J 1079 c1 java.awt.EventQueue.dispatchEventImpl(Ljava/awt/AWTEvent;Ljava/lang/Object;)V java.desktop@17.0.1 (136 bytes) @ 0x0000022e07e5065c [0x0000022e07e4eb60+0x0000000000001afc]
J 1078 c1 java.awt.EventQueue$4.run()Ljava/lang/Void; java.desktop@17.0.1 (60 bytes) @ 0x0000022e07e4e424 [0x0000022e07e4e2e0+0x0000000000000144]
J 977 c1 java.awt.EventQueue.dispatchEvent(Ljava/awt/AWTEvent;)V java.desktop@17.0.1 (80 bytes) @ 0x0000022e07e243a4 [0x0000022e07e23de0+0x00000000000005c4]
J 981 c1 java.awt.EventDispatchThread.pumpOneEventForFilters(I)V java.desktop@17.0.1 (113 bytes) @ 0x0000022e07e28eb4 [0x0000022e07e28820+0x0000000000000694]
j  java.awt.EventDispatchThread.pumpEventsForFilter(ILjava/awt/Conditional;Ljava/awt/EventFilter;)V+35 java.desktop@17.0.1
j  java.awt.EventDispatchThread.pumpEventsForHierarchy(ILjava/awt/Conditional;Ljava/awt/Component;)V+11 java.desktop@17.0.1
j  java.awt.EventDispatchThread.pumpEvents(ILjava/awt/Conditional;)V+4 java.desktop@17.0.1
j  java.awt.EventDispatchThread.pumpEvents(Ljava/awt/Conditional;)V+3 java.desktop@17.0.1
j  java.awt.EventDispatchThread.run()V+9 java.desktop@17.0.1
v  ~StubRoutines::call_stub

---------------  P R O C E S S  ---------------

Threads class SMR info:
_java_thread_list=0x0000022e7f62bc80, length=17, elements={
0x0000022e7e746580, 0x0000022e7e749400, 0x0000022e7e7601a0, 0x0000022e7e763380,
0x0000022e7e76bd40, 0x0000022e7e770ab0, 0x0000022e7e7744c0, 0x0000022e7e774f60,
0x0000022e7f110060, 0x0000022e7e771920, 0x0000022e7e76fc40, 0x0000022e7e7722c0,
0x0000022e7e771450, 0x0000022e7e7705e0, 0x0000022e7e771df0, 0x0000022e7e772790,
0x0000022e7e772c60
}

Java Threads: ( => current thread )
  0x0000022e7e746580 JavaThread "Reference Handler" daemon [_thread_blocked, id=13072, stack(0x0000005611400000,0x0000005611500000)]
  0x0000022e7e749400 JavaThread "Finalizer" daemon [_thread_blocked, id=5160, stack(0x0000005611500000,0x0000005611600000)]
  0x0000022e7e7601a0 JavaThread "Signal Dispatcher" daemon [_thread_blocked, id=11376, stack(0x0000005611600000,0x0000005611700000)]
  0x0000022e7e763380 JavaThread "Attach Listener" daemon [_thread_blocked, id=3688, stack(0x0000005611700000,0x0000005611800000)]
  0x0000022e7e76bd40 JavaThread "Service Thread" daemon [_thread_blocked, id=7380, stack(0x0000005611800000,0x0000005611900000)]
  0x0000022e7e770ab0 JavaThread "Monitor Deflation Thread" daemon [_thread_blocked, id=12564, stack(0x0000005611900000,0x0000005611a00000)]
  0x0000022e7e7744c0 JavaThread "C2 CompilerThread0" daemon [_thread_blocked, id=5712, stack(0x0000005611a00000,0x0000005611b00000)]
  0x0000022e7e774f60 JavaThread "C1 CompilerThread0" daemon [_thread_blocked, id=17180, stack(0x0000005611b00000,0x0000005611c00000)]
  0x0000022e7f110060 JavaThread "Sweeper thread" daemon [_thread_blocked, id=12912, stack(0x0000005611c00000,0x0000005611d00000)]
  0x0000022e7e771920 JavaThread "Common-Cleaner" daemon [_thread_blocked, id=13300, stack(0x0000005611d00000,0x0000005611e00000)]
  0x0000022e7e76fc40 JavaThread "Notification Thread" daemon [_thread_blocked, id=15528, stack(0x0000005611f00000,0x0000005612000000)]
  0x0000022e7e7722c0 JavaThread "Java2D Disposer" daemon [_thread_blocked, id=8160, stack(0x0000005612100000,0x0000005612200000)]
  0x0000022e7e771450 JavaThread "AWT-Shutdown" [_thread_blocked, id=11040, stack(0x0000005612200000,0x0000005612300000)]
  0x0000022e7e7705e0 JavaThread "AWT-Windows" daemon [_thread_in_native, id=10940, stack(0x0000005612300000,0x0000005612400000)]
=>0x0000022e7e771df0 JavaThread "AWT-EventQueue-0" [_thread_in_vm, id=10844, stack(0x0000005612400000,0x0000005612500000)]
  0x0000022e7e772790 JavaThread "DestroyJavaVM" [_thread_blocked, id=17268, stack(0x0000005610d00000,0x0000005610e00000)]
  0x0000022e7e772c60 JavaThread "TimerQueue" daemon [_thread_blocked, id=13368, stack(0x0000005612800000,0x0000005612900000)]

Other Threads:
  0x0000022e7e741cd0 VMThread "VM Thread" [stack: 0x0000005611300000,0x0000005611400000] [id=4036]
  0x0000022e7f35e740 WatcherThread [stack: 0x0000005612000000,0x0000005612100000] [id=860]
  0x0000022e789e5580 GCTaskThread "GC Thread#0" [stack: 0x0000005610e00000,0x0000005610f00000] [id=8600]
  0x0000022e789f78c0 ConcurrentGCThread "G1 Main Marker" [stack: 0x0000005610f00000,0x0000005611000000] [id=1672]
  0x0000022e789f92e0 ConcurrentGCThread "G1 Conc#0" [stack: 0x0000005611000000,0x0000005611100000] [id=4632]
  0x0000022e78a4dde0 ConcurrentGCThread "G1 Refine#0" [stack: 0x0000005611100000,0x0000005611200000] [id=4780]
  0x0000022e78a4e800 ConcurrentGCThread "G1 Service" [stack: 0x0000005611200000,0x0000005611300000] [id=14376]

Threads with active compile tasks:

VM state: not at safepoint (normal execution)

VM Mutex/Monitor currently owned by a thread:  ([mutex/lock_event])
[0x0000022e78963910] Metaspace_lock - owner thread: 0x0000022e7e771df0

Heap address: 0x0000000607400000, size: 8076 MB, Compressed Oops mode: Zero based, Oop shift amount: 3

CDS archive(s) mapped at: [0x0000000800000000-0x0000000800bc0000-0x0000000800bc0000), size 12320768, SharedBaseAddress: 0x0000000800000000, ArchiveRelocationMode: 0.
Compressed class space mapped at: 0x0000000800c00000-0x0000000840c00000, reserved size: 1073741824
Narrow klass base: 0x0000000800000000, Narrow klass shift: 0, Narrow klass range: 0x100000000

GC Precious Log:
 CPUs: 8 total, 8 available
 Memory: 32298M
 Large Page Support: Disabled
 NUMA Support: Disabled
 Compressed Oops: Enabled (Zero based)
 Heap Region Size: 4M
 Heap Min Capacity: 8M
 Heap Initial Capacity: 508M
 Heap Max Capacity: 8076M
 Pre-touch: Disabled
 Parallel Workers: 8
 Concurrent Workers: 2
 Concurrent Refinement Workers: 8
 Periodic GC: Disabled

Heap:
 garbage-first heap   total 520192K, used 8192K [0x0000000607400000, 0x0000000800000000)
  region size 4096K, 4 young (16384K), 0 survivors (0K)
 Metaspace       used 7958K, committed 8128K, reserved 1056768K
  class space    used 878K, committed 960K, reserved 1048576K

Heap Regions: E=young(eden), S=young(survivor), O=old, HS=humongous(starts), HC=humongous(continues), CS=collection set, F=free, OA=open archive, CA=closed archive, TAMS=top-at-mark-start (previous, next)
|   0|0x0000000607400000, 0x0000000607400000, 0x0000000607800000|  0%| F|  |TAMS 0x0000000607400000, 0x0000000607400000| Untracked 
|   1|0x0000000607800000, 0x0000000607800000, 0x0000000607c00000|  0%| F|  |TAMS 0x0000000607800000, 0x0000000607800000| Untracked 
|   2|0x0000000607c00000, 0x0000000607c00000, 0x0000000608000000|  0%| F|  |TAMS 0x0000000607c00000, 0x0000000607c00000| Untracked 
|   3|0x0000000608000000, 0x0000000608000000, 0x0000000608400000|  0%| F|  |TAMS 0x0000000608000000, 0x0000000608000000| Untracked 
|   4|0x0000000608400000, 0x0000000608400000, 0x0000000608800000|  0%| F|  |TAMS 0x0000000608400000, 0x0000000608400000| Untracked 
|   5|0x0000000608800000, 0x0000000608800000, 0x0000000608c00000|  0%| F|  |TAMS 0x0000000608800000, 0x0000000608800000| Untracked 
|   6|0x0000000608c00000, 0x0000000608c00000, 0x0000000609000000|  0%| F|  |TAMS 0x0000000608c00000, 0x0000000608c00000| Untracked 
|   7|0x0000000609000000, 0x0000000609000000, 0x0000000609400000|  0%| F|  |TAMS 0x0000000609000000, 0x0000000609000000| Untracked 
|   8|0x0000000609400000, 0x0000000609400000, 0x0000000609800000|  0%| F|  |TAMS 0x0000000609400000, 0x0000000609400000| Untracked 
|   9|0x0000000609800000, 0x0000000609800000, 0x0000000609c00000|  0%| F|  |TAMS 0x0000000609800000, 0x0000000609800000| Untracked 
|  10|0x0000000609c00000, 0x0000000609c00000, 0x000000060a000000|  0%| F|  |TAMS 0x0000000609c00000, 0x0000000609c00000| Untracked 
|  11|0x000000060a000000, 0x000000060a000000, 0x000000060a400000|  0%| F|  |TAMS 0x000000060a000000, 0x000000060a000000| Untracked 
|  12|0x000000060a400000, 0x000000060a400000, 0x000000060a800000|  0%| F|  |TAMS 0x000000060a400000, 0x000000060a400000| Untracked 
|  13|0x000000060a800000, 0x000000060a800000, 0x000000060ac00000|  0%| F|  |TAMS 0x000000060a800000, 0x000000060a800000| Untracked 
|  14|0x000000060ac00000, 0x000000060ac00000, 0x000000060b000000|  0%| F|  |TAMS 0x000000060ac00000, 0x000000060ac00000| Untracked 
|  15|0x000000060b000000, 0x000000060b000000, 0x000000060b400000|  0%| F|  |TAMS 0x000000060b000000, 0x000000060b000000| Untracked 
|  16|0x000000060b400000, 0x000000060b400000, 0x000000060b800000|  0%| F|  |TAMS 0x000000060b400000, 0x000000060b400000| Untracked 
|  17|0x000000060b800000, 0x000000060b800000, 0x000000060bc00000|  0%| F|  |TAMS 0x000000060b800000, 0x000000060b800000| Untracked 
|  18|0x000000060bc00000, 0x000000060bc00000, 0x000000060c000000|  0%| F|  |TAMS 0x000000060bc00000, 0x000000060bc00000| Untracked 
|  19|0x000000060c000000, 0x000000060c000000, 0x000000060c400000|  0%| F|  |TAMS 0x000000060c000000, 0x000000060c000000| Untracked 
|  20|0x000000060c400000, 0x000000060c400000, 0x000000060c800000|  0%| F|  |TAMS 0x000000060c400000, 0x000000060c400000| Untracked 
|  21|0x000000060c800000, 0x000000060c800000, 0x000000060cc00000|  0%| F|  |TAMS 0x000000060c800000, 0x000000060c800000| Untracked 
|  22|0x000000060cc00000, 0x000000060cc00000, 0x000000060d000000|  0%| F|  |TAMS 0x000000060cc00000, 0x000000060cc00000| Untracked 
|  23|0x000000060d000000, 0x000000060d000000, 0x000000060d400000|  0%| F|  |TAMS 0x000000060d000000, 0x000000060d000000| Untracked 
|  24|0x000000060d400000, 0x000000060d400000, 0x000000060d800000|  0%| F|  |TAMS 0x000000060d400000, 0x000000060d400000| Untracked 
|  25|0x000000060d800000, 0x000000060d800000, 0x000000060dc00000|  0%| F|  |TAMS 0x000000060d800000, 0x000000060d800000| Untracked 
|  26|0x000000060dc00000, 0x000000060dc00000, 0x000000060e000000|  0%| F|  |TAMS 0x000000060dc00000, 0x000000060dc00000| Untracked 
|  27|0x000000060e000000, 0x000000060e000000, 0x000000060e400000|  0%| F|  |TAMS 0x000000060e000000, 0x000000060e000000| Untracked 
|  28|0x000000060e400000, 0x000000060e400000, 0x000000060e800000|  0%| F|  |TAMS 0x000000060e400000, 0x000000060e400000| Untracked 
|  29|0x000000060e800000, 0x000000060e800000, 0x000000060ec00000|  0%| F|  |TAMS 0x000000060e800000, 0x000000060e800000| Untracked 
|  30|0x000000060ec00000, 0x000000060ec00000, 0x000000060f000000|  0%| F|  |TAMS 0x000000060ec00000, 0x000000060ec00000| Untracked 
|  31|0x000000060f000000, 0x000000060f000000, 0x000000060f400000|  0%| F|  |TAMS 0x000000060f000000, 0x000000060f000000| Untracked 
|  32|0x000000060f400000, 0x000000060f400000, 0x000000060f800000|  0%| F|  |TAMS 0x000000060f400000, 0x000000060f400000| Untracked 
|  33|0x000000060f800000, 0x000000060f800000, 0x000000060fc00000|  0%| F|  |TAMS 0x000000060f800000, 0x000000060f800000| Untracked 
|  34|0x000000060fc00000, 0x000000060fc00000, 0x0000000610000000|  0%| F|  |TAMS 0x000000060fc00000, 0x000000060fc00000| Untracked 
|  35|0x0000000610000000, 0x0000000610000000, 0x0000000610400000|  0%| F|  |TAMS 0x0000000610000000, 0x0000000610000000| Untracked 
|  36|0x0000000610400000, 0x0000000610400000, 0x0000000610800000|  0%| F|  |TAMS 0x0000000610400000, 0x0000000610400000| Untracked 
|  37|0x0000000610800000, 0x0000000610800000, 0x0000000610c00000|  0%| F|  |TAMS 0x0000000610800000, 0x0000000610800000| Untracked 
|  38|0x0000000610c00000, 0x0000000610c00000, 0x0000000611000000|  0%| F|  |TAMS 0x0000000610c00000, 0x0000000610c00000| Untracked 
|  39|0x0000000611000000, 0x0000000611000000, 0x0000000611400000|  0%| F|  |TAMS 0x0000000611000000, 0x0000000611000000| Untracked 
|  40|0x0000000611400000, 0x0000000611400000, 0x0000000611800000|  0%| F|  |TAMS 0x0000000611400000, 0x0000000611400000| Untracked 
|  41|0x0000000611800000, 0x0000000611800000, 0x0000000611c00000|  0%| F|  |TAMS 0x0000000611800000, 0x0000000611800000| Untracked 
|  42|0x0000000611c00000, 0x0000000611c00000, 0x0000000612000000|  0%| F|  |TAMS 0x0000000611c00000, 0x0000000611c00000| Untracked 
|  43|0x0000000612000000, 0x0000000612000000, 0x0000000612400000|  0%| F|  |TAMS 0x0000000612000000, 0x0000000612000000| Untracked 
|  44|0x0000000612400000, 0x0000000612400000, 0x0000000612800000|  0%| F|  |TAMS 0x0000000612400000, 0x0000000612400000| Untracked 
|  45|0x0000000612800000, 0x0000000612800000, 0x0000000612c00000|  0%| F|  |TAMS 0x0000000612800000, 0x0000000612800000| Untracked 
|  46|0x0000000612c00000, 0x0000000612c00000, 0x0000000613000000|  0%| F|  |TAMS 0x0000000612c00000, 0x0000000612c00000| Untracked 
|  47|0x0000000613000000, 0x0000000613000000, 0x0000000613400000|  0%| F|  |TAMS 0x0000000613000000, 0x0000000613000000| Untracked 
|  48|0x0000000613400000, 0x0000000613400000, 0x0000000613800000|  0%| F|  |TAMS 0x0000000613400000, 0x0000000613400000| Untracked 
|  49|0x0000000613800000, 0x0000000613800000, 0x0000000613c00000|  0%| F|  |TAMS 0x0000000613800000, 0x0000000613800000| Untracked 
|  50|0x0000000613c00000, 0x0000000613c00000, 0x0000000614000000|  0%| F|  |TAMS 0x0000000613c00000, 0x0000000613c00000| Untracked 
|  51|0x0000000614000000, 0x0000000614000000, 0x0000000614400000|  0%| F|  |TAMS 0x0000000614000000, 0x0000000614000000| Untracked 
|  52|0x0000000614400000, 0x0000000614400000, 0x0000000614800000|  0%| F|  |TAMS 0x0000000614400000, 0x0000000614400000| Untracked 
|  53|0x0000000614800000, 0x0000000614800000, 0x0000000614c00000|  0%| F|  |TAMS 0x0000000614800000, 0x0000000614800000| Untracked 
|  54|0x0000000614c00000, 0x0000000614c00000, 0x0000000615000000|  0%| F|  |TAMS 0x0000000614c00000, 0x0000000614c00000| Untracked 
|  55|0x0000000615000000, 0x0000000615000000, 0x0000000615400000|  0%| F|  |TAMS 0x0000000615000000, 0x0000000615000000| Untracked 
|  56|0x0000000615400000, 0x0000000615400000, 0x0000000615800000|  0%| F|  |TAMS 0x0000000615400000, 0x0000000615400000| Untracked 
|  57|0x0000000615800000, 0x0000000615800000, 0x0000000615c00000|  0%| F|  |TAMS 0x0000000615800000, 0x0000000615800000| Untracked 
|  58|0x0000000615c00000, 0x0000000615c00000, 0x0000000616000000|  0%| F|  |TAMS 0x0000000615c00000, 0x0000000615c00000| Untracked 
|  59|0x0000000616000000, 0x0000000616000000, 0x0000000616400000|  0%| F|  |TAMS 0x0000000616000000, 0x0000000616000000| Untracked 
|  60|0x0000000616400000, 0x0000000616400000, 0x0000000616800000|  0%| F|  |TAMS 0x0000000616400000, 0x0000000616400000| Untracked 
|  61|0x0000000616800000, 0x0000000616800000, 0x0000000616c00000|  0%| F|  |TAMS 0x0000000616800000, 0x0000000616800000| Untracked 
|  62|0x0000000616c00000, 0x0000000616c00000, 0x0000000617000000|  0%| F|  |TAMS 0x0000000616c00000, 0x0000000616c00000| Untracked 
|  63|0x0000000617000000, 0x0000000617000000, 0x0000000617400000|  0%| F|  |TAMS 0x0000000617000000, 0x0000000617000000| Untracked 
|  64|0x0000000617400000, 0x0000000617400000, 0x0000000617800000|  0%| F|  |TAMS 0x0000000617400000, 0x0000000617400000| Untracked 
|  65|0x0000000617800000, 0x0000000617800000, 0x0000000617c00000|  0%| F|  |TAMS 0x0000000617800000, 0x0000000617800000| Untracked 
|  66|0x0000000617c00000, 0x0000000617c00000, 0x0000000618000000|  0%| F|  |TAMS 0x0000000617c00000, 0x0000000617c00000| Untracked 
|  67|0x0000000618000000, 0x0000000618000000, 0x0000000618400000|  0%| F|  |TAMS 0x0000000618000000, 0x0000000618000000| Untracked 
|  68|0x0000000618400000, 0x0000000618400000, 0x0000000618800000|  0%| F|  |TAMS 0x0000000618400000, 0x0000000618400000| Untracked 
|  69|0x0000000618800000, 0x0000000618800000, 0x0000000618c00000|  0%| F|  |TAMS 0x0000000618800000, 0x0000000618800000| Untracked 
|  70|0x0000000618c00000, 0x0000000618c00000, 0x0000000619000000|  0%| F|  |TAMS 0x0000000618c00000, 0x0000000618c00000| Untracked 
|  71|0x0000000619000000, 0x0000000619000000, 0x0000000619400000|  0%| F|  |TAMS 0x0000000619000000, 0x0000000619000000| Untracked 
|  72|0x0000000619400000, 0x0000000619400000, 0x0000000619800000|  0%| F|  |TAMS 0x0000000619400000, 0x0000000619400000| Untracked 
|  73|0x0000000619800000, 0x0000000619800000, 0x0000000619c00000|  0%| F|  |TAMS 0x0000000619800000, 0x0000000619800000| Untracked 
|  74|0x0000000619c00000, 0x0000000619c00000, 0x000000061a000000|  0%| F|  |TAMS 0x0000000619c00000, 0x0000000619c00000| Untracked 
|  75|0x000000061a000000, 0x000000061a000000, 0x000000061a400000|  0%| F|  |TAMS 0x000000061a000000, 0x000000061a000000| Untracked 
|  76|0x000000061a400000, 0x000000061a400000, 0x000000061a800000|  0%| F|  |TAMS 0x000000061a400000, 0x000000061a400000| Untracked 
|  77|0x000000061a800000, 0x000000061a800000, 0x000000061ac00000|  0%| F|  |TAMS 0x000000061a800000, 0x000000061a800000| Untracked 
|  78|0x000000061ac00000, 0x000000061ac00000, 0x000000061b000000|  0%| F|  |TAMS 0x000000061ac00000, 0x000000061ac00000| Untracked 
|  79|0x000000061b000000, 0x000000061b000000, 0x000000061b400000|  0%| F|  |TAMS 0x000000061b000000, 0x000000061b000000| Untracked 
|  80|0x000000061b400000, 0x000000061b400000, 0x000000061b800000|  0%| F|  |TAMS 0x000000061b400000, 0x000000061b400000| Untracked 
|  81|0x000000061b800000, 0x000000061b800000, 0x000000061bc00000|  0%| F|  |TAMS 0x000000061b800000, 0x000000061b800000| Untracked 
|  82|0x000000061bc00000, 0x000000061bc00000, 0x000000061c000000|  0%| F|  |TAMS 0x000000061bc00000, 0x000000061bc00000| Untracked 
|  83|0x000000061c000000, 0x000000061c000000, 0x000000061c400000|  0%| F|  |TAMS 0x000000061c000000, 0x000000061c000000| Untracked 
|  84|0x000000061c400000, 0x000000061c400000, 0x000000061c800000|  0%| F|  |TAMS 0x000000061c400000, 0x000000061c400000| Untracked 
|  85|0x000000061c800000, 0x000000061c800000, 0x000000061cc00000|  0%| F|  |TAMS 0x000000061c800000, 0x000000061c800000| Untracked 
|  86|0x000000061cc00000, 0x000000061cc00000, 0x000000061d000000|  0%| F|  |TAMS 0x000000061cc00000, 0x000000061cc00000| Untracked 
|  87|0x000000061d000000, 0x000000061d000000, 0x000000061d400000|  0%| F|  |TAMS 0x000000061d000000, 0x000000061d000000| Untracked 
|  88|0x000000061d400000, 0x000000061d400000, 0x000000061d800000|  0%| F|  |TAMS 0x000000061d400000, 0x000000061d400000| Untracked 
|  89|0x000000061d800000, 0x000000061d800000, 0x000000061dc00000|  0%| F|  |TAMS 0x000000061d800000, 0x000000061d800000| Untracked 
|  90|0x000000061dc00000, 0x000000061dc00000, 0x000000061e000000|  0%| F|  |TAMS 0x000000061dc00000, 0x000000061dc00000| Untracked 
|  91|0x000000061e000000, 0x000000061e000000, 0x000000061e400000|  0%| F|  |TAMS 0x000000061e000000, 0x000000061e000000| Untracked 
|  92|0x000000061e400000, 0x000000061e400000, 0x000000061e800000|  0%| F|  |TAMS 0x000000061e400000, 0x000000061e400000| Untracked 
|  93|0x000000061e800000, 0x000000061e800000, 0x000000061ec00000|  0%| F|  |TAMS 0x000000061e800000, 0x000000061e800000| Untracked 
|  94|0x000000061ec00000, 0x000000061ec00000, 0x000000061f000000|  0%| F|  |TAMS 0x000000061ec00000, 0x000000061ec00000| Untracked 
|  95|0x000000061f000000, 0x000000061f000000, 0x000000061f400000|  0%| F|  |TAMS 0x000000061f000000, 0x000000061f000000| Untracked 
|  96|0x000000061f400000, 0x000000061f400000, 0x000000061f800000|  0%| F|  |TAMS 0x000000061f400000, 0x000000061f400000| Untracked 
|  97|0x000000061f800000, 0x000000061f800000, 0x000000061fc00000|  0%| F|  |TAMS 0x000000061f800000, 0x000000061f800000| Untracked 
|  98|0x000000061fc00000, 0x000000061fc00000, 0x0000000620000000|  0%| F|  |TAMS 0x000000061fc00000, 0x000000061fc00000| Untracked 
|  99|0x0000000620000000, 0x0000000620000000, 0x0000000620400000|  0%| F|  |TAMS 0x0000000620000000, 0x0000000620000000| Untracked 
| 100|0x0000000620400000, 0x0000000620400000, 0x0000000620800000|  0%| F|  |TAMS 0x0000000620400000, 0x0000000620400000| Untracked 
| 101|0x0000000620800000, 0x0000000620800000, 0x0000000620c00000|  0%| F|  |TAMS 0x0000000620800000, 0x0000000620800000| Untracked 
| 102|0x0000000620c00000, 0x0000000620c00000, 0x0000000621000000|  0%| F|  |TAMS 0x0000000620c00000, 0x0000000620c00000| Untracked 
| 103|0x0000000621000000, 0x0000000621000000, 0x0000000621400000|  0%| F|  |TAMS 0x0000000621000000, 0x0000000621000000| Untracked 
| 104|0x0000000621400000, 0x0000000621400000, 0x0000000621800000|  0%| F|  |TAMS 0x0000000621400000, 0x0000000621400000| Untracked 
| 105|0x0000000621800000, 0x0000000621800000, 0x0000000621c00000|  0%| F|  |TAMS 0x0000000621800000, 0x0000000621800000| Untracked 
| 106|0x0000000621c00000, 0x0000000621c00000, 0x0000000622000000|  0%| F|  |TAMS 0x0000000621c00000, 0x0000000621c00000| Untracked 
| 107|0x0000000622000000, 0x0000000622000000, 0x0000000622400000|  0%| F|  |TAMS 0x0000000622000000, 0x0000000622000000| Untracked 
| 108|0x0000000622400000, 0x0000000622400000, 0x0000000622800000|  0%| F|  |TAMS 0x0000000622400000, 0x0000000622400000| Untracked 
| 109|0x0000000622800000, 0x0000000622800000, 0x0000000622c00000|  0%| F|  |TAMS 0x0000000622800000, 0x0000000622800000| Untracked 
| 110|0x0000000622c00000, 0x0000000622c00000, 0x0000000623000000|  0%| F|  |TAMS 0x0000000622c00000, 0x0000000622c00000| Untracked 
| 111|0x0000000623000000, 0x0000000623000000, 0x0000000623400000|  0%| F|  |TAMS 0x0000000623000000, 0x0000000623000000| Untracked 
| 112|0x0000000623400000, 0x0000000623400000, 0x0000000623800000|  0%| F|  |TAMS 0x0000000623400000, 0x0000000623400000| Untracked 
| 113|0x0000000623800000, 0x0000000623800000, 0x0000000623c00000|  0%| F|  |TAMS 0x0000000623800000, 0x0000000623800000| Untracked 
| 114|0x0000000623c00000, 0x0000000623c00000, 0x0000000624000000|  0%| F|  |TAMS 0x0000000623c00000, 0x0000000623c00000| Untracked 
| 115|0x0000000624000000, 0x0000000624000000, 0x0000000624400000|  0%| F|  |TAMS 0x0000000624000000, 0x0000000624000000| Untracked 
| 116|0x0000000624400000, 0x0000000624400000, 0x0000000624800000|  0%| F|  |TAMS 0x0000000624400000, 0x0000000624400000| Untracked 
| 117|0x0000000624800000, 0x0000000624800000, 0x0000000624c00000|  0%| F|  |TAMS 0x0000000624800000, 0x0000000624800000| Untracked 
| 118|0x0000000624c00000, 0x0000000624c00000, 0x0000000625000000|  0%| F|  |TAMS 0x0000000624c00000, 0x0000000624c00000| Untracked 
| 119|0x0000000625000000, 0x0000000625000000, 0x0000000625400000|  0%| F|  |TAMS 0x0000000625000000, 0x0000000625000000| Untracked 
| 120|0x0000000625400000, 0x0000000625400000, 0x0000000625800000|  0%| F|  |TAMS 0x0000000625400000, 0x0000000625400000| Untracked 
| 121|0x0000000625800000, 0x0000000625800000, 0x0000000625c00000|  0%| F|  |TAMS 0x0000000625800000, 0x0000000625800000| Untracked 
| 122|0x0000000625c00000, 0x0000000625c00000, 0x0000000626000000|  0%| F|  |TAMS 0x0000000625c00000, 0x0000000625c00000| Untracked 
| 123|0x0000000626000000, 0x00000006261f9588, 0x0000000626400000| 49%| E|  |TAMS 0x0000000626000000, 0x0000000626000000| Complete 
| 124|0x0000000626400000, 0x00000006267e71d8, 0x0000000626800000| 97%| E|  |TAMS 0x0000000626400000, 0x0000000626400000| Complete 
| 125|0x0000000626800000, 0x0000000626c00000, 0x0000000626c00000|100%| E|CS|TAMS 0x0000000626800000, 0x0000000626800000| Complete 
| 126|0x0000000626c00000, 0x0000000627000000, 0x0000000627000000|100%| E|CS|TAMS 0x0000000626c00000, 0x0000000626c00000| Complete 

Card table byte_map: [0x0000022e79d50000,0x0000022e7ad20000] _byte_map_base: 0x0000022e76d16000

Marking Bits (Prev, Next): (CMBitMap*) 0x0000022e789e5b90, (CMBitMap*) 0x0000022e789e5bd0
 Prev Bits: [0x0000022e16730000, 0x0000022e1e560000)
 Next Bits: [0x0000022e1e560000, 0x0000022e26390000)

Polling page: 0x0000022e768b0000

Metaspace:

Usage:
  Non-class:      6.91 MB used.
      Class:    878.94 KB used.
       Both:      7.77 MB used.

Virtual space:
  Non-class space:        8.00 MB reserved,       7.00 MB ( 88%) committed,  1 nodes.
      Class space:        1.00 GB reserved,     960.00 KB ( <1%) committed,  1 nodes.
             Both:        1.01 GB reserved,       7.94 MB ( <1%) committed. 

Chunk freelists:
   Non-Class:  1016.00 KB
       Class:  3.11 MB
        Both:  4.10 MB

MaxMetaspaceSize: unlimited
CompressedClassSpaceSize: 1.00 GB
Initial GC threshold: 21.00 MB
Current GC threshold: 21.00 MB
CDS: on
MetaspaceReclaimPolicy: balanced
 - commit_granule_bytes: 65536.
 - commit_granule_words: 8192.
 - virtual_space_node_default_size: 1048576.
 - enlarge_chunks_in_place: 1.
 - new_chunks_are_fully_committed: 0.
 - uncommit_free_chunks: 1.
 - use_allocation_guard: 0.
 - handle_deallocations: 1.


Internal statistics:

num_allocs_failed_limit: 0.
num_arena_births: 112.
num_arena_deaths: 0.
num_vsnodes_births: 2.
num_vsnodes_deaths: 0.
num_space_committed: 127.
num_space_uncommitted: 0.
num_chunks_returned_to_freelist: 0.
num_chunks_taken_from_freelist: 159.
num_chunk_merges: 0.
num_chunk_splits: 87.
num_chunks_enlarged: 26.
num_purges: 0.
num_inconsistent_stats: 0.

CodeHeap 'non-profiled nmethods': size=120000Kb used=347Kb max_used=347Kb free=119652Kb
 bounds [0x0000022e0f200000, 0x0000022e0f470000, 0x0000022e16730000]
CodeHeap 'profiled nmethods': size=120000Kb used=2006Kb max_used=2006Kb free=117993Kb
 bounds [0x0000022e07cd0000, 0x0000022e07f40000, 0x0000022e0f200000]
CodeHeap 'non-nmethods': size=5760Kb used=1266Kb max_used=1286Kb free=4493Kb
 bounds [0x0000022e07730000, 0x0000022e079a0000, 0x0000022e07cd0000]
 total_blobs=1825 nmethods=1232 adapters=506
 compilation: enabled
              stopped_count=0, restarted_count=0
 full_count=0

Compilation events (20 events):
Event: 6.231 Thread 0x0000022e7e774f60 1221       3       sun.awt.windows.WToolkit::showOrHideTouchKeyboard (199 bytes)
Event: 6.232 Thread 0x0000022e7e774f60 nmethod 1221 0x0000022e07ec1b10 code [0x0000022e07ec1f20, 0x0000022e07ec4458]
Event: 7.342 Thread 0x0000022e7e7744c0 1222       4       sun.awt.AppContext::getAppContext (51 bytes)
Event: 7.342 Thread 0x0000022e7e774f60 1223       3       java.util.concurrent.locks.AbstractQueuedSynchronizer$Node::setStatusRelaxed (12 bytes)
Event: 7.343 Thread 0x0000022e7e774f60 nmethod 1223 0x0000022e07ec4d90 code [0x0000022e07ec4f20, 0x0000022e07ec5038]
Event: 7.344 Thread 0x0000022e7e7744c0 nmethod 1222 0x0000022e0f255290 code [0x0000022e0f255400, 0x0000022e0f2554b8]
Event: 7130.572 Thread 0x0000022e7e7744c0 1225       4       sun.awt.AWTAutoShutdown::isReadyToShutdown (37 bytes)
Event: 7130.580 Thread 0x0000022e7e7744c0 nmethod 1225 0x0000022e0f255590 code [0x0000022e0f255720, 0x0000022e0f255858]
Event: 9398.722 Thread 0x0000022e7e774f60 1227       3       java.lang.ref.ReferenceQueue::reallyPoll (65 bytes)
Event: 9398.723 Thread 0x0000022e7e774f60 nmethod 1227 0x0000022e07ec5110 code [0x0000022e07ec52e0, 0x0000022e07ec5838]
Event: 9883.653 Thread 0x0000022e7e774f60 1228       1       java.lang.reflect.Constructor::getConstructorAccessor (5 bytes)
Event: 9883.653 Thread 0x0000022e7e774f60 nmethod 1228 0x0000022e0f255d90 code [0x0000022e0f255f20, 0x0000022e0f255ff8]
Event: 9883.653 Thread 0x0000022e7e774f60 1229       1       java.lang.reflect.Constructor::getDeclaringClass (5 bytes)
Event: 9883.653 Thread 0x0000022e7e774f60 nmethod 1229 0x0000022e0f256090 code [0x0000022e0f256220, 0x0000022e0f2562f8]
Event: 9883.653 Thread 0x0000022e7e774f60 1230       1       java.lang.reflect.Constructor::getRoot (5 bytes)
Event: 9883.653 Thread 0x0000022e7e774f60 nmethod 1230 0x0000022e0f256390 code [0x0000022e0f256520, 0x0000022e0f2565f8]
Event: 9883.653 Thread 0x0000022e7e774f60 1231       1       jdk.internal.reflect.DelegatingConstructorAccessorImpl::setDelegate (6 bytes)
Event: 9883.654 Thread 0x0000022e7e774f60 nmethod 1231 0x0000022e0f256690 code [0x0000022e0f256820, 0x0000022e0f256938]
Event: 9883.654 Thread 0x0000022e7e774f60 1232       1       jdk.internal.reflect.NativeConstructorAccessorImpl::setParent (6 bytes)
Event: 9883.654 Thread 0x0000022e7e774f60 nmethod 1232 0x0000022e0f256990 code [0x0000022e0f256b20, 0x0000022e0f256c38]

GC Heap History (0 events):
No events

Deoptimization events (20 events):
Event: 0.134 Thread 0x0000022e7896a210 DEOPT PACKING pc=0x0000022e0f20e280 sp=0x0000005610dff120
Event: 0.134 Thread 0x0000022e7896a210 DEOPT UNPACKING pc=0x0000022e077823a3 sp=0x0000005610dff060 mode 2
Event: 0.257 Thread 0x0000022e7896a210 Uncommon trap: trap_request=0xffffff45 fr.pc=0x0000022e0f21cb04 relative=0x0000000000000e84
Event: 0.257 Thread 0x0000022e7896a210 Uncommon trap: reason=unstable_if action=reinterpret pc=0x0000022e0f21cb04 method=java.util.HashMap.hash(Ljava/lang/Object;)I @ 1 c2
Event: 0.257 Thread 0x0000022e7896a210 DEOPT PACKING pc=0x0000022e0f21cb04 sp=0x0000005610dfef30
Event: 0.257 Thread 0x0000022e7896a210 DEOPT UNPACKING pc=0x0000022e077823a3 sp=0x0000005610dfeed0 mode 2
Event: 0.263 Thread 0x0000022e7896a210 Uncommon trap: trap_request=0xffffff45 fr.pc=0x0000022e0f215298 relative=0x0000000000000098
Event: 0.263 Thread 0x0000022e7896a210 Uncommon trap: reason=unstable_if action=reinterpret pc=0x0000022e0f215298 method=java.util.HashMap.hash(Ljava/lang/Object;)I @ 1 c2
Event: 0.263 Thread 0x0000022e7896a210 DEOPT PACKING pc=0x0000022e0f215298 sp=0x0000005610dff000
Event: 0.263 Thread 0x0000022e7896a210 DEOPT UNPACKING pc=0x0000022e077823a3 sp=0x0000005610dfef98 mode 2
Event: 0.315 Thread 0x0000022e7896a210 Uncommon trap: trap_request=0xffffff45 fr.pc=0x0000022e0f20dc5c relative=0x000000000000005c
Event: 0.315 Thread 0x0000022e7896a210 Uncommon trap: reason=unstable_if action=reinterpret pc=0x0000022e0f20dc5c method=java.lang.String.isLatin1()Z @ 10 c2
Event: 0.315 Thread 0x0000022e7896a210 DEOPT PACKING pc=0x0000022e0f20dc5c sp=0x0000005610dfd460
Event: 0.315 Thread 0x0000022e7896a210 DEOPT UNPACKING pc=0x0000022e077823a3 sp=0x0000005610dfd3f0 mode 2
Event: 0.389 Thread 0x0000022e7e771df0 Uncommon trap: trap_request=0xffffff3d fr.pc=0x0000022e0f230bdc relative=0x0000000000000bfc
Event: 0.389 Thread 0x0000022e7e771df0 Uncommon trap: reason=unstable_fused_if action=reinterpret pc=0x0000022e0f230bdc method=java.util.HashMap.resize()[Ljava/util/HashMap$Node; @ 31 c2
Event: 0.389 Thread 0x0000022e7e771df0 DEOPT PACKING pc=0x0000022e0f230bdc sp=0x00000056124fdf60
Event: 0.389 Thread 0x0000022e7e771df0 DEOPT UNPACKING pc=0x0000022e077823a3 sp=0x00000056124fdee8 mode 2
Event: 3.674 Thread 0x0000022e7e771df0 DEOPT PACKING pc=0x0000022e07e1d604 sp=0x00000056124fcf10
Event: 3.674 Thread 0x0000022e7e771df0 DEOPT UNPACKING pc=0x0000022e07782b43 sp=0x00000056124fc3e0 mode 0

Classes unloaded (0 events):
No events

Classes redefined (0 events):
No events

Internal exceptions (18 events):
Event: 0.110 Thread 0x0000022e7896a210 Exception <a 'java/lang/NoSuchMethodError'{0x0000000626ebd598}: 'void java.lang.invoke.DirectMethodHandle$Holder.invokeSpecial(java.lang.Object, java.lang.Object, java.lang.Object)'> (0x0000000626ebd598) 
thrown [t:\workspace\open\src\hotspot\share\interpreter\linkResolver.cpp, line 766]
Event: 0.114 Thread 0x0000022e7896a210 Exception <a 'java/lang/NoSuchMethodError'{0x0000000626ed0b60}: 'void java.lang.invoke.DirectMethodHandle$Holder.invokeSpecial(java.lang.Object, java.lang.Object, java.lang.Object, java.lang.Object, java.lang.Object)'> (0x0000000626ed0b60) 
thrown [t:\workspace\open\src\hotspot\share\interpreter\linkResolver.cpp, line 766]
Event: 0.116 Thread 0x0000022e7896a210 Exception <a 'java/lang/NoSuchMethodError'{0x0000000626ee3988}: 'java.lang.Object java.lang.invoke.DirectMethodHandle$Holder.invokeInterface(java.lang.Object, java.lang.Object)'> (0x0000000626ee3988) 
thrown [t:\workspace\open\src\hotspot\share\interpreter\linkResolver.cpp, line 766]
Event: 0.116 Thread 0x0000022e7896a210 Exception <a 'java/lang/IncompatibleClassChangeError'{0x0000000626ee7000}: Found class java.lang.Object, but interface was expected> (0x0000000626ee7000) 
thrown [t:\workspace\open\src\hotspot\share\interpreter\linkResolver.cpp, line 833]
Event: 0.117 Thread 0x0000022e7896a210 Exception <a 'java/lang/NoSuchMethodError'{0x0000000626ee9dc8}: 'void java.lang.invoke.DirectMethodHandle$Holder.invokeStatic(java.lang.Object, java.lang.Object, java.lang.Object, java.lang.Object)'> (0x0000000626ee9dc8) 
thrown [t:\workspace\open\src\hotspot\share\interpreter\linkResolver.cpp, line 766]
Event: 0.150 Thread 0x0000022e7896a210 Exception <a 'java/lang/ClassNotFoundException'{0x0000000626faa308}: sun/awt/resources/spi/awtProvider> (0x0000000626faa308) 
thrown [t:\workspace\open\src\hotspot\share\classfile\systemDictionary.cpp, line 256]
Event: 0.166 Thread 0x0000022e7896a210 Exception <a 'java/io/FileNotFoundException'{0x0000000626ffbaa0}> (0x0000000626ffbaa0) 
thrown [t:\workspace\open\src\hotspot\share\prims\jni.cpp, line 516]
Event: 0.173 Thread 0x0000022e7896a210 Exception <a 'java/io/FileNotFoundException'{0x0000000626828ed8}> (0x0000000626828ed8) 
thrown [t:\workspace\open\src\hotspot\share\prims\jni.cpp, line 516]
Event: 0.200 Thread 0x0000022e7896a210 Exception <a 'java/lang/NoSuchMethodError'{0x00000006268639e8}: 'java.lang.Object java.lang.invoke.DirectMethodHandle$Holder.invokeStaticInit(java.lang.Object)'> (0x00000006268639e8) 
thrown [t:\workspace\open\src\hotspot\share\interpreter\linkResolver.cpp, line 766]
Event: 0.227 Thread 0x0000022e7896a210 Exception <a 'java/lang/NoSuchMethodError'{0x000000062694d0d0}: 'java.lang.Object java.lang.invoke.DirectMethodHandle$Holder.newInvokeSpecial(java.lang.Object, java.lang.Object, java.lang.Object, java.lang.Object, java.lang.Object)'> (0x000000062694d0d0) 
thrown [t:\workspace\open\src\hotspot\share\interpreter\linkResolver.cpp, line 766]
Event: 0.228 Thread 0x0000022e7896a210 Exception <a 'java/lang/NoSuchMethodError'{0x0000000626958a98}: 'java.lang.Object java.lang.invoke.DirectMethodHandle$Holder.invokeStatic(java.lang.Object, int, java.lang.Object, java.lang.Object, java.lang.Object, java.lang.Object)'> (0x0000000626958a98) 
thrown [t:\workspace\open\src\hotspot\share\interpreter\linkResolver.cpp, line 766]
Event: 0.231 Thread 0x0000022e7896a210 Exception <a 'java/lang/NoSuchMethodError'{0x000000062697e4a0}: 'java.lang.Object java.lang.invoke.DirectMethodHandle$Holder.invokeStatic(java.lang.Object, int, java.lang.Object)'> (0x000000062697e4a0) 
thrown [t:\workspace\open\src\hotspot\share\interpreter\linkResolver.cpp, line 766]
Event: 0.253 Thread 0x0000022e7896a210 Exception <a 'java/lang/ClassNotFoundException'{0x0000000626a35d00}: com/sun/swing/internal/plaf/metal/resources/spi/metalProvider> (0x0000000626a35d00) 
thrown [t:\workspace\open\src\hotspot\share\classfile\systemDictionary.cpp, line 256]
Event: 0.254 Thread 0x0000022e7896a210 Exception <a 'java/lang/ClassNotFoundException'{0x0000000626a39ba8}: com/sun/swing/internal/plaf/basic/resources/spi/basicProvider> (0x0000000626a39ba8) 
thrown [t:\workspace\open\src\hotspot\share\classfile\systemDictionary.cpp, line 256]
Event: 0.257 Thread 0x0000022e7896a210 Implicit null exception at 0x0000022e0f21bcc0 to 0x0000022e0f21cae8
Event: 0.263 Thread 0x0000022e7896a210 Implicit null exception at 0x0000022e0f21520f to 0x0000022e0f215289
Event: 0.293 Thread 0x0000022e7e7705e0 Exception <a 'java/lang/NoSuchMethodError'{0x000000062688b500}: 'void java.lang.invoke.DirectMethodHandle$Holder.invokeVirtual(java.lang.Object, java.lang.Object)'> (0x000000062688b500) 
thrown [t:\workspace\open\src\hotspot\share\interpreter\linkResolver.cpp, line 766]
Event: 0.304 Thread 0x0000022e7896a210 Exception <a 'java/lang/NoSuchMethodError'{0x0000000626a97bd0}: 'void java.lang.invoke.DirectMethodHandle$Holder.invokeStaticInit(java.lang.Object)'> (0x0000000626a97bd0) 
thrown [t:\workspace\open\src\hotspot\share\interpreter\linkResolver.cpp, line 766]

VM Operations (20 events):
Event: 0.261 Executing VM operation: HandshakeAllThreads
Event: 0.261 Executing VM operation: HandshakeAllThreads done
Event: 0.321 Executing VM operation: HandshakeAllThreads
Event: 0.321 Executing VM operation: HandshakeAllThreads done
Event: 0.377 Executing VM operation: HandshakeAllThreads
Event: 0.377 Executing VM operation: HandshakeAllThreads done
Event: 1.385 Executing VM operation: Cleanup
Event: 1.386 Executing VM operation: Cleanup done
Event: 2.398 Executing VM operation: Cleanup
Event: 2.398 Executing VM operation: Cleanup done
Event: 3.408 Executing VM operation: Cleanup
Event: 3.408 Executing VM operation: Cleanup done
Event: 4.409 Executing VM operation: Cleanup
Event: 4.409 Executing VM operation: Cleanup done
Event: 5.423 Executing VM operation: Cleanup
Event: 5.423 Executing VM operation: Cleanup done
Event: 6.431 Executing VM operation: Cleanup
Event: 6.431 Executing VM operation: Cleanup done
Event: 7.439 Executing VM operation: Cleanup
Event: 7.439 Executing VM operation: Cleanup done

Events (20 events):
Event: 0.931 loading class javax/swing/Timer$1
Event: 0.931 loading class javax/swing/Timer$1 done
Event: 1.561 loading class java/awt/Window$1DisposeAction
Event: 1.561 loading class java/awt/Window$1DisposeAction done
Event: 1.561 loading class java/awt/KeyboardFocusManager$2
Event: 1.561 loading class java/awt/KeyboardFocusManager$2 done
Event: 1.562 loading class sun/awt/SunToolkit$1
Event: 1.562 loading class sun/awt/SunToolkit$1 done
Event: 1.568 loading class javax/swing/Autoscroller
Event: 1.568 loading class javax/swing/Autoscroller done
Event: 1.569 loading class java/awt/LightweightDispatcher$2
Event: 1.569 loading class java/awt/LightweightDispatcher$2 done
Event: 3.032 loading class java/awt/Component$3
Event: 3.032 loading class java/awt/Component$3 done
Event: 3442.816 loading class java/awt/desktop/SystemSleepListener
Event: 3442.816 loading class java/awt/desktop/SystemEventListener
Event: 3442.816 loading class java/awt/desktop/SystemEventListener done
Event: 3442.816 loading class java/awt/desktop/SystemSleepListener done
Event: 9883.658 loading class java/util/WeakHashMap$KeyIterator
Event: 9883.658 loading class java/util/WeakHashMap$HashIterator


Dynamic libraries:
0x00007ff71c980000 - 0x00007ff71c990000 	C:\Program Files\Java\jdk-17.0.1\bin\javaw.exe
0x00007ffb0fd10000 - 0x00007ffb0ff05000 	C:\Windows\SYSTEM32\ntdll.dll
0x00007ffb0e1f0000 - 0x00007ffb0e2ad000 	C:\Windows\System32\KERNEL32.DLL
0x00007ffb0d800000 - 0x00007ffb0dacd000 	C:\Windows\System32\KERNELBASE.dll
0x00007ffb0dbb0000 - 0x00007ffb0dcb0000 	C:\Windows\System32\ucrtbase.dll
0x00007ffb044d0000 - 0x00007ffb044ea000 	C:\Program Files\Java\jdk-17.0.1\bin\VCRUNTIME140.dll
0x00007ffb05530000 - 0x00007ffb05548000 	C:\Program Files\Java\jdk-17.0.1\bin\jli.dll
0x00007ffb0e4b0000 - 0x00007ffb0e55e000 	C:\Windows\System32\ADVAPI32.dll
0x00007ffb0e0c0000 - 0x00007ffb0e15e000 	C:\Windows\System32\msvcrt.dll
0x00007ffb0df00000 - 0x00007ffb0df9c000 	C:\Windows\System32\sechost.dll
0x00007ffb0e2b0000 - 0x00007ffb0e3d5000 	C:\Windows\System32\RPCRT4.dll
0x00007ffb0dd60000 - 0x00007ffb0df00000 	C:\Windows\System32\USER32.dll
0x00007ffb0d450000 - 0x00007ffb0d472000 	C:\Windows\System32\win32u.dll
0x00007ffafe7c0000 - 0x00007ffafea5a000 	C:\Windows\WinSxS\amd64_microsoft.windows.common-controls_6595b64144ccf1df_6.0.19041.1110_none_60b5254171f9507e\COMCTL32.dll
0x00007ffb0fb30000 - 0x00007ffb0fb5a000 	C:\Windows\System32\GDI32.dll
0x00007ffb0d6f0000 - 0x00007ffb0d7fb000 	C:\Windows\System32\gdi32full.dll
0x00007ffb0d480000 - 0x00007ffb0d51d000 	C:\Windows\System32\msvcp_win.dll
0x00007ffb042a0000 - 0x00007ffb042aa000 	C:\Windows\SYSTEM32\VERSION.dll
0x00007ffb0f3a0000 - 0x00007ffb0f3d0000 	C:\Windows\System32\IMM32.DLL
0x00007ffb05df0000 - 0x00007ffb05dfc000 	C:\Program Files\Java\jdk-17.0.1\bin\vcruntime140_1.dll
0x00007ffb04210000 - 0x00007ffb0429d000 	C:\Program Files\Java\jdk-17.0.1\bin\msvcp140.dll
0x00007ffab2a10000 - 0x00007ffab35ce000 	C:\Program Files\Java\jdk-17.0.1\bin\server\jvm.dll
0x00007ffb0fb20000 - 0x00007ffb0fb28000 	C:\Windows\System32\PSAPI.DLL
0x00007ffb05520000 - 0x00007ffb05529000 	C:\Windows\SYSTEM32\WSOCK32.dll
0x00007ffafee20000 - 0x00007ffafee47000 	C:\Windows\SYSTEM32\WINMM.dll
0x00007ffb0e440000 - 0x00007ffb0e4ab000 	C:\Windows\System32\WS2_32.dll
0x00007ffb0bcb0000 - 0x00007ffb0bcc2000 	C:\Windows\SYSTEM32\kernel.appcore.dll
0x00007ffb045f0000 - 0x00007ffb045fa000 	C:\Program Files\Java\jdk-17.0.1\bin\jimage.dll
0x00007ffb0ba90000 - 0x00007ffb0bc74000 	C:\Windows\SYSTEM32\DBGHELP.DLL
0x00007ffafc630000 - 0x00007ffafc65c000 	C:\Windows\SYSTEM32\dbgcore.DLL
0x00007ffb0db20000 - 0x00007ffb0dba2000 	C:\Windows\System32\bcryptPrimitives.dll
0x00007ffb041e0000 - 0x00007ffb04205000 	C:\Program Files\Java\jdk-17.0.1\bin\java.dll
0x00007ffafd600000 - 0x00007ffafd6d6000 	C:\Program Files\Java\jdk-17.0.1\bin\svml.dll
0x00007ffb0f3d0000 - 0x00007ffb0fb14000 	C:\Windows\System32\SHELL32.dll
0x00007ffb0b2f0000 - 0x00007ffb0ba84000 	C:\Windows\SYSTEM32\windows.storage.dll
0x00007ffb0f040000 - 0x00007ffb0f394000 	C:\Windows\System32\combase.dll
0x00007ffb0ce80000 - 0x00007ffb0ceac000 	C:\Windows\SYSTEM32\Wldp.dll
0x00007ffb0fbc0000 - 0x00007ffb0fc6d000 	C:\Windows\System32\SHCORE.dll
0x00007ffb0fb60000 - 0x00007ffb0fbb5000 	C:\Windows\System32\shlwapi.dll
0x00007ffb0d360000 - 0x00007ffb0d37f000 	C:\Windows\SYSTEM32\profapi.dll
0x00007ffb044b0000 - 0x00007ffb044c9000 	C:\Program Files\Java\jdk-17.0.1\bin\net.dll
0x00007ffb00a60000 - 0x00007ffb00b6a000 	C:\Windows\SYSTEM32\WINHTTP.dll
0x00007ffb0cbe0000 - 0x00007ffb0cc4a000 	C:\Windows\system32\mswsock.dll
0x00007ffb041c0000 - 0x00007ffb041d5000 	C:\Program Files\Java\jdk-17.0.1\bin\nio.dll
0x00007ffb041a0000 - 0x00007ffb041b8000 	C:\Program Files\Java\jdk-17.0.1\bin\zip.dll
0x00007ffaa7800000 - 0x00007ffaa798f000 	C:\Program Files\Java\jdk-17.0.1\bin\awt.dll
0x00007ffb0ed70000 - 0x00007ffb0ee3d000 	C:\Windows\System32\OLEAUT32.dll
0x00007ffb07730000 - 0x00007ffb077c0000 	C:\Windows\SYSTEM32\apphelp.dll
0x00007ffb0ac70000 - 0x00007ffb0ac9f000 	C:\Windows\system32\DWMAPI.DLL
0x00007ffb07870000 - 0x00007ffb0790e000 	C:\Windows\system32\uxtheme.dll
0x00007ffaf7030000 - 0x00007ffaf7156000 	C:\Windows\system32\opengl32.dll
0x00007ffaf7000000 - 0x00007ffaf702c000 	C:\Windows\SYSTEM32\GLU32.dll
0x00007ffb0dfa0000 - 0x00007ffb0e0b5000 	C:\Windows\System32\MSCTF.dll
0x00007ffb0e7a0000 - 0x00007ffb0e8ca000 	C:\Windows\System32\ole32.dll
0x00007ffb03ad0000 - 0x00007ffb03b59000 	C:\Program Files\Java\jdk-17.0.1\bin\freetype.dll
0x00007ffab0d30000 - 0x00007ffab0dd8000 	C:\Program Files\Java\jdk-17.0.1\bin\fontmanager.dll
0x00007ffb0ef90000 - 0x00007ffb0f039000 	C:\Windows\System32\clbcatq.dll
0x00007ffafdc40000 - 0x00007ffafddf4000 	C:\Windows\SYSTEM32\WindowsCodecs.dll
0x00007ffb0d420000 - 0x00007ffb0d447000 	C:\Windows\System32\bcrypt.dll
0x00007ffaf0200000 - 0x00007ffaf023e000 	C:\Windows\system32\dataexchange.dll
0x00007ffb06400000 - 0x00007ffb06664000 	C:\Windows\system32\d3d11.dll
0x00007ffb06c30000 - 0x00007ffb06e15000 	C:\Windows\system32\dcomp.dll
0x00007ffb0bd20000 - 0x00007ffb0be13000 	C:\Windows\system32\dxgi.dll
0x00007ffb047e0000 - 0x00007ffb049e1000 	C:\Windows\system32\twinapi.appcore.dll
0x00007ffb03940000 - 0x00007ffb03a39000 	C:\Windows\SYSTEM32\textinputframework.dll
0x00007ffb071a0000 - 0x00007ffb074fe000 	C:\Windows\System32\CoreUIComponents.dll
0x00007ffb07500000 - 0x00007ffb075f2000 	C:\Windows\System32\CoreMessaging.dll
0x00007ffb0c240000 - 0x00007ffb0c273000 	C:\Windows\SYSTEM32\ntmarta.dll
0x00007ffb05e40000 - 0x00007ffb05f94000 	C:\Windows\SYSTEM32\wintypes.dll
0x00007ffad44e0000 - 0x00007ffad47d5000 	C:\Windows\System32\uiautomationcore.dll
0x00007ffb05190000 - 0x00007ffb05286000 	C:\Windows\System32\PROPSYS.dll
0x00007ffb0cdf0000 - 0x00007ffb0cdfc000 	C:\Windows\SYSTEM32\CRYPTBASE.DLL
0x00007ffafe5a0000 - 0x00007ffafe606000 	C:\Windows\System32\OLEACC.dll

dbghelp: loaded successfully - version: 4.0.5 - missing functions: none
symbol engine: initialized successfully - sym options: 0x614 - pdb path: .;C:\Program Files\Java\jdk-17.0.1\bin;C:\Windows\SYSTEM32;C:\Windows\WinSxS\amd64_microsoft.windows.common-controls_6595b64144ccf1df_6.0.19041.1110_none_60b5254171f9507e;C:\Program Files\Java\jdk-17.0.1\bin\server

VM Arguments:
jvm_args: -Dfile.encoding=Cp1252 --module-path=D:\sets\java connector\mysql-connector-java-8.0.29\mysql-connector-java-8.0.29.jar -XX:+ShowCodeDetailsInExceptionMessages 
java_command: manSpecEmpToSh
java_class_path (initial): D:\colleague\s2\p2\progs\Login\bin
Launcher Type: SUN_STANDARD

[Global flags]
     intx CICompilerCount                          = 4                                         {product} {ergonomic}
     uint ConcGCThreads                            = 2                                         {product} {ergonomic}
     uint G1ConcRefinementThreads                  = 8                                         {product} {ergonomic}
   size_t G1HeapRegionSize                         = 4194304                                   {product} {ergonomic}
    uintx GCDrainStackTargetSize                   = 64                                        {product} {ergonomic}
   size_t InitialHeapSize                          = 532676608                                 {product} {ergonomic}
   size_t MarkStackSize                            = 4194304                                   {product} {ergonomic}
   size_t MaxHeapSize                              = 8468299776                                {product} {ergonomic}
   size_t MaxNewSize                               = 5079302144                                {product} {ergonomic}
   size_t MinHeapDeltaBytes                        = 4194304                                   {product} {ergonomic}
   size_t MinHeapSize                              = 8388608                                   {product} {ergonomic}
    uintx NonNMethodCodeHeapSize                   = 5839372                                {pd product} {ergonomic}
    uintx NonProfiledCodeHeapSize                  = 122909434                              {pd product} {ergonomic}
    uintx ProfiledCodeHeapSize                     = 122909434                              {pd product} {ergonomic}
    uintx ReservedCodeCacheSize                    = 251658240                              {pd product} {ergonomic}
     bool SegmentedCodeCache                       = true                                      {product} {ergonomic}
     bool ShowCodeDetailsInExceptionMessages       = true                                   {manageable} {command line}
   size_t SoftMaxHeapSize                          = 8468299776                             {manageable} {ergonomic}
     bool UseCompressedClassPointers               = true                           {product lp64_product} {ergonomic}
     bool UseCompressedOops                        = true                           {product lp64_product} {ergonomic}
     bool UseG1GC                                  = true                                      {product} {ergonomic}
     bool UseLargePagesIndividualAllocation        = false                                  {pd product} {ergonomic}

Logging:
Log output configuration:
 #0: stdout all=warning uptime,level,tags
 #1: stderr all=off uptime,level,tags

Environment Variables:
PATH=C:\Program Files (x86)\VMware\VMware Workstation\bin\;C:\Program Files\Common Files\Oracle\Java\javapath;C:\Windows\system32;C:\Windows;C:\Windows\System32\Wbem;C:\Windows\System32\WindowsPowerShell\v1.0\;C:\Windows\System32\OpenSSH\;C:\Program Files (x86)\NVIDIA Corporation\PhysX\Common;C:\Program Files (x86)\Intel\Intel(R) Management Engine Components\DAL;C:\Program Files\Intel\Intel(R) Management Engine Components\DAL;C:\Program Files\dotnet\;C:\Program Files\MySQL\MySQL Shell 8.0\bin\;C:\Users\ssd\AppData\Local\Microsoft\WindowsApps;;C:\Users\ssd\AppData\Local\Programs\Microsoft VS Code\bin
USERNAME=ssd
OS=Windows_NT
PROCESSOR_IDENTIFIER=Intel64 Family 6 Model 158 Stepping 9, GenuineIntel



---------------  S Y S T E M  ---------------

OS:
 Windows 10 , 64 bit Build 19041 (10.0.19041.1706)
OS uptime: 2 days 14:40 hours

CPU: total 8 (initial active 8) (4 cores per cpu, 2 threads per core) family 6 model 158 stepping 9 microcode 0xf0, cx8, cmov, fxsr, ht, mmx, 3dnowpref, sse, sse2, sse3, ssse3, sse4.1, sse4.2, popcnt, lzcnt, tsc, tscinvbit, avx, avx2, aes, erms, clmul, bmi1, bmi2, rtm, adx, fma, vzeroupper, clflush, clflushopt

Memory: 4k page, system-wide physical 32298M (19859M free)
TotalPageFile size 55777M (AvailPageFile size 2M)
current process WorkingSet (physical memory assigned to process): 78M, peak: 81M
current process commit charge ("private bytes"): 629M, peak: 633M

vm_info: Java HotSpot(TM) 64-Bit Server VM (17.0.1+12-LTS-39) for windows-amd64 JRE (17.0.1+12-LTS-39), built on Sep 27 2021 18:41:35 by "mach5one" with MS VC++ 16.8 (VS2019)

END.
