#
# There is insufficient memory for the Java Runtime Environment to continue.
# Native memory allocation (malloc) failed to allocate 32744 bytes for ChunkPool::allocate
# Possible reasons:
#   The system is out of physical RAM or swap space
#   The process is running with CompressedOops enabled, and the Java Heap may be blocking the growth of the native heap
# Possible solutions:
#   Reduce memory load on the system
#   Increase physical memory or swap space
#   Check if swap backing store is full
#   Decrease Java heap size (-Xmx/-Xms)
#   Decrease number of Java threads
#   Decrease Java thread stack sizes (-Xss)
#   Set larger code cache with -XX:ReservedCodeCacheSize=
#   JVM is running with Zero Based Compressed Oops mode in which the Java heap is
#     placed in the first 32GB address space. The Java Heap base address is the
#     maximum limit for the native heap growth. Please use -XX:HeapBaseMinAddress
#     to set the Java Heap base and to place the Java Heap above 32GB virtual address.
# This output file may be truncated or incomplete.
#
#  Out of Memory Error (arena.cpp:78), pid=4888, tid=10544
#
# JRE version: Java(TM) SE Runtime Environment (17.0.1+12) (build 17.0.1+12-LTS-39)
# Java VM: Java HotSpot(TM) 64-Bit Server VM (17.0.1+12-LTS-39, mixed mode, sharing, tiered, compressed oops, compressed class ptrs, g1 gc, windows-amd64)
# No core dump will be written. Minidumps are not enabled by default on client versions of Windows
#

---------------  S U M M A R Y ------------

Command Line: -Dfile.encoding=Cp1252 --module-path=D:\sets\java connector\mysql-connector-java-8.0.29\mysql-connector-java-8.0.29.jar -XX:+ShowCodeDetailsInExceptionMessages manShEmpDet

Host: Intel(R) Xeon(R) CPU E3-1505M v6 @ 3.00GHz, 8 cores, 31G,  Windows 10 , 64 bit Build 19041 (10.0.19041.1706)
Time: Sat May 28 07:40:36 2022 Egypt Standard Time elapsed time: 7486.907561 seconds (0d 2h 4m 46s)

---------------  T H R E A D  ---------------

Current thread (0x000001c694ed11f0):  JavaThread "C2 CompilerThread0" daemon [_thread_in_native, id=10544, stack(0x0000005412f00000,0x0000005413000000)]


Current CompileTask:
C2:7486907  781       4       java.util.Arrays::binarySearch0 (95 bytes)

Stack: [0x0000005412f00000,0x0000005413000000]
Native frames: (J=compiled Java code, j=interpreted, Vv=VM code, C=native code)
V  [jvm.dll+0x66fa1a]
V  [jvm.dll+0x7ce5a4]
V  [jvm.dll+0x7cfd4e]
V  [jvm.dll+0x7d03b3]
V  [jvm.dll+0x242b05]
V  [jvm.dll+0xaa2a0]
V  [jvm.dll+0xaa5ec]
V  [jvm.dll+0x579d5a]
V  [jvm.dll+0x5782bf]
V  [jvm.dll+0x21dd7d]
V  [jvm.dll+0x2175a1]
V  [jvm.dll+0x214f05]
V  [jvm.dll+0x1a168d]
V  [jvm.dll+0x224848]
V  [jvm.dll+0x2229ac]
V  [jvm.dll+0x78435b]
V  [jvm.dll+0x77e91a]
V  [jvm.dll+0x66e845]
C  [ucrtbase.dll+0x21bb2]
C  [KERNEL32.DLL+0x17034]
C  [ntdll.dll+0x52651]


---------------  P R O C E S S  ---------------

Threads class SMR info:
_java_thread_list=0x000001c6967a9790, length=16, elements={
0x000001c694ea71b0, 0x000001c694eab910, 0x000001c694ebf240, 0x000001c694ec2b30,
0x000001c694ec37a0, 0x000001c694ece150, 0x000001c694ed11f0, 0x000001c694ed2b00,
0x000001c694edd010, 0x000001c6958e88e0, 0x000001c6958ea0f0, 0x000001c6958eaa90,
0x000001c6958eaf60, 0x000001c6958e8db0, 0x000001c6958e7f40, 0x000001c6958e8410
}

Java Threads: ( => current thread )
  0x000001c694ea71b0 JavaThread "Reference Handler" daemon [_thread_blocked, id=17644, stack(0x0000005412900000,0x0000005412a00000)]
  0x000001c694eab910 JavaThread "Finalizer" daemon [_thread_blocked, id=18624, stack(0x0000005412a00000,0x0000005412b00000)]
  0x000001c694ebf240 JavaThread "Signal Dispatcher" daemon [_thread_blocked, id=18032, stack(0x0000005412b00000,0x0000005412c00000)]
  0x000001c694ec2b30 JavaThread "Attach Listener" daemon [_thread_blocked, id=14824, stack(0x0000005412c00000,0x0000005412d00000)]
  0x000001c694ec37a0 JavaThread "Service Thread" daemon [_thread_blocked, id=4084, stack(0x0000005412d00000,0x0000005412e00000)]
  0x000001c694ece150 JavaThread "Monitor Deflation Thread" daemon [_thread_blocked, id=12404, stack(0x0000005412e00000,0x0000005412f00000)]
=>0x000001c694ed11f0 JavaThread "C2 CompilerThread0" daemon [_thread_in_native, id=10544, stack(0x0000005412f00000,0x0000005413000000)]
  0x000001c694ed2b00 JavaThread "C1 CompilerThread0" daemon [_thread_in_native, id=19300, stack(0x0000005413000000,0x0000005413100000)]
  0x000001c694edd010 JavaThread "Sweeper thread" daemon [_thread_blocked, id=17124, stack(0x0000005413100000,0x0000005413200000)]
  0x000001c6958e88e0 JavaThread "Common-Cleaner" daemon [_thread_blocked, id=13288, stack(0x0000005413200000,0x0000005413300000)]
  0x000001c6958ea0f0 JavaThread "Notification Thread" daemon [_thread_blocked, id=17676, stack(0x0000005413400000,0x0000005413500000)]
  0x000001c6958eaa90 JavaThread "Java2D Disposer" daemon [_thread_blocked, id=16140, stack(0x0000005413600000,0x0000005413700000)]
  0x000001c6958eaf60 JavaThread "AWT-Shutdown" [_thread_blocked, id=16904, stack(0x0000005413700000,0x0000005413800000)]
  0x000001c6958e8db0 JavaThread "AWT-Windows" daemon [_thread_in_native, id=6148, stack(0x0000005413800000,0x0000005413900000)]
  0x000001c6958e7f40 JavaThread "AWT-EventQueue-0" [_thread_blocked, id=16596, stack(0x0000005413900000,0x0000005413a00000)]
  0x000001c6958e8410 JavaThread "DestroyJavaVM" [_thread_blocked, id=11688, stack(0x0000005412200000,0x0000005412300000)]

Other Threads:
  0x000001c694ea1f00 VMThread "VM Thread" [stack: 0x0000005412800000,0x0000005412900000] [id=19156]
  0x000001c695934780 WatcherThread [stack: 0x0000005413500000,0x0000005413600000] [id=10136]
  0x000001c6e8ceee10 GCTaskThread "GC Thread#0" [stack: 0x0000005412300000,0x0000005412400000] [id=19128]
  0x000001c6e8d008c0 ConcurrentGCThread "G1 Main Marker" [stack: 0x0000005412400000,0x0000005412500000] [id=13188]
  0x000001c6e8d039a0 ConcurrentGCThread "G1 Conc#0" [stack: 0x0000005412500000,0x0000005412600000] [id=8456]
  0x000001c694d620d0 ConcurrentGCThread "G1 Refine#0" [stack: 0x0000005412600000,0x0000005412700000] [id=18512]
  0x000001c694d62610 ConcurrentGCThread "G1 Service" [stack: 0x0000005412700000,0x0000005412800000] [id=19108]

Threads with active compile tasks:
C2 CompilerThread0  7486942  781       4       java.util.Arrays::binarySearch0 (95 bytes)
C1 CompilerThread0  7486942  782       1       java.awt.Component::getObjectLock (5 bytes)

VM state: not at safepoint (normal execution)

VM Mutex/Monitor currently owned by a thread: None

Heap address: 0x0000000607400000, size: 8076 MB, Compressed Oops mode: Zero based, Oop shift amount: 3

CDS archive(s) mapped at: [0x0000000800000000-0x0000000800bc0000-0x0000000800bc0000), size 12320768, SharedBaseAddress: 0x0000000800000000, ArchiveRelocationMode: 0.
Compressed class space mapped at: 0x0000000800c00000-0x0000000840c00000, reserved size: 1073741824
Narrow klass base: 0x0000000800000000, Narrow klass shift: 0, Narrow klass range: 0x100000000

GC Precious Log:
 CPUs: 8 total, 8 available
 Memory: 32298M
 Large Page Support: Disabled
 NUMA Support: Disabled
 Compressed Oops: Enabled (Zero based)
 Heap Region Size: 4M
 Heap Min Capacity: 8M
 Heap Initial Capacity: 508M
 Heap Max Capacity: 8076M
 Pre-touch: Disabled
 Parallel Workers: 8
 Concurrent Workers: 2
 Concurrent Refinement Workers: 8
 Periodic GC: Disabled

Heap:
 garbage-first heap   total 520192K, used 4096K [0x0000000607400000, 0x0000000800000000)
  region size 4096K, 3 young (12288K), 0 survivors (0K)
 Metaspace       used 6512K, committed 6720K, reserved 1056768K
  class space    used 723K, committed 832K, reserved 1048576K

Heap Regions: E=young(eden), S=young(survivor), O=old, HS=humongous(starts), HC=humongous(continues), CS=collection set, F=free, OA=open archive, CA=closed archive, TAMS=top-at-mark-start (previous, next)
|   0|0x0000000607400000, 0x0000000607400000, 0x0000000607800000|  0%| F|  |TAMS 0x0000000607400000, 0x0000000607400000| Untracked 
|   1|0x0000000607800000, 0x0000000607800000, 0x0000000607c00000|  0%| F|  |TAMS 0x0000000607800000, 0x0000000607800000| Untracked 
|   2|0x0000000607c00000, 0x0000000607c00000, 0x0000000608000000|  0%| F|  |TAMS 0x0000000607c00000, 0x0000000607c00000| Untracked 
|   3|0x0000000608000000, 0x0000000608000000, 0x0000000608400000|  0%| F|  |TAMS 0x0000000608000000, 0x0000000608000000| Untracked 
|   4|0x0000000608400000, 0x0000000608400000, 0x0000000608800000|  0%| F|  |TAMS 0x0000000608400000, 0x0000000608400000| Untracked 
|   5|0x0000000608800000, 0x0000000608800000, 0x0000000608c00000|  0%| F|  |TAMS 0x0000000608800000, 0x0000000608800000| Untracked 
|   6|0x0000000608c00000, 0x0000000608c00000, 0x0000000609000000|  0%| F|  |TAMS 0x0000000608c00000, 0x0000000608c00000| Untracked 
|   7|0x0000000609000000, 0x0000000609000000, 0x0000000609400000|  0%| F|  |TAMS 0x0000000609000000, 0x0000000609000000| Untracked 
|   8|0x0000000609400000, 0x0000000609400000, 0x0000000609800000|  0%| F|  |TAMS 0x0000000609400000, 0x0000000609400000| Untracked 
|   9|0x0000000609800000, 0x0000000609800000, 0x0000000609c00000|  0%| F|  |TAMS 0x0000000609800000, 0x0000000609800000| Untracked 
|  10|0x0000000609c00000, 0x0000000609c00000, 0x000000060a000000|  0%| F|  |TAMS 0x0000000609c00000, 0x0000000609c00000| Untracked 
|  11|0x000000060a000000, 0x000000060a000000, 0x000000060a400000|  0%| F|  |TAMS 0x000000060a000000, 0x000000060a000000| Untracked 
|  12|0x000000060a400000, 0x000000060a400000, 0x000000060a800000|  0%| F|  |TAMS 0x000000060a400000, 0x000000060a400000| Untracked 
|  13|0x000000060a800000, 0x000000060a800000, 0x000000060ac00000|  0%| F|  |TAMS 0x000000060a800000, 0x000000060a800000| Untracked 
|  14|0x000000060ac00000, 0x000000060ac00000, 0x000000060b000000|  0%| F|  |TAMS 0x000000060ac00000, 0x000000060ac00000| Untracked 
|  15|0x000000060b000000, 0x000000060b000000, 0x000000060b400000|  0%| F|  |TAMS 0x000000060b000000, 0x000000060b000000| Untracked 
|  16|0x000000060b400000, 0x000000060b400000, 0x000000060b800000|  0%| F|  |TAMS 0x000000060b400000, 0x000000060b400000| Untracked 
|  17|0x000000060b800000, 0x000000060b800000, 0x000000060bc00000|  0%| F|  |TAMS 0x000000060b800000, 0x000000060b800000| Untracked 
|  18|0x000000060bc00000, 0x000000060bc00000, 0x000000060c000000|  0%| F|  |TAMS 0x000000060bc00000, 0x000000060bc00000| Untracked 
|  19|0x000000060c000000, 0x000000060c000000, 0x000000060c400000|  0%| F|  |TAMS 0x000000060c000000, 0x000000060c000000| Untracked 
|  20|0x000000060c400000, 0x000000060c400000, 0x000000060c800000|  0%| F|  |TAMS 0x000000060c400000, 0x000000060c400000| Untracked 
|  21|0x000000060c800000, 0x000000060c800000, 0x000000060cc00000|  0%| F|  |TAMS 0x000000060c800000, 0x000000060c800000| Untracked 
|  22|0x000000060cc00000, 0x000000060cc00000, 0x000000060d000000|  0%| F|  |TAMS 0x000000060cc00000, 0x000000060cc00000| Untracked 
|  23|0x000000060d000000, 0x000000060d000000, 0x000000060d400000|  0%| F|  |TAMS 0x000000060d000000, 0x000000060d000000| Untracked 
|  24|0x000000060d400000, 0x000000060d400000, 0x000000060d800000|  0%| F|  |TAMS 0x000000060d400000, 0x000000060d400000| Untracked 
|  25|0x000000060d800000, 0x000000060d800000, 0x000000060dc00000|  0%| F|  |TAMS 0x000000060d800000, 0x000000060d800000| Untracked 
|  26|0x000000060dc00000, 0x000000060dc00000, 0x000000060e000000|  0%| F|  |TAMS 0x000000060dc00000, 0x000000060dc00000| Untracked 
|  27|0x000000060e000000, 0x000000060e000000, 0x000000060e400000|  0%| F|  |TAMS 0x000000060e000000, 0x000000060e000000| Untracked 
|  28|0x000000060e400000, 0x000000060e400000, 0x000000060e800000|  0%| F|  |TAMS 0x000000060e400000, 0x000000060e400000| Untracked 
|  29|0x000000060e800000, 0x000000060e800000, 0x000000060ec00000|  0%| F|  |TAMS 0x000000060e800000, 0x000000060e800000| Untracked 
|  30|0x000000060ec00000, 0x000000060ec00000, 0x000000060f000000|  0%| F|  |TAMS 0x000000060ec00000, 0x000000060ec00000| Untracked 
|  31|0x000000060f000000, 0x000000060f000000, 0x000000060f400000|  0%| F|  |TAMS 0x000000060f000000, 0x000000060f000000| Untracked 
|  32|0x000000060f400000, 0x000000060f400000, 0x000000060f800000|  0%| F|  |TAMS 0x000000060f400000, 0x000000060f400000| Untracked 
|  33|0x000000060f800000, 0x000000060f800000, 0x000000060fc00000|  0%| F|  |TAMS 0x000000060f800000, 0x000000060f800000| Untracked 
|  34|0x000000060fc00000, 0x000000060fc00000, 0x0000000610000000|  0%| F|  |TAMS 0x000000060fc00000, 0x000000060fc00000| Untracked 
|  35|0x0000000610000000, 0x0000000610000000, 0x0000000610400000|  0%| F|  |TAMS 0x0000000610000000, 0x0000000610000000| Untracked 
|  36|0x0000000610400000, 0x0000000610400000, 0x0000000610800000|  0%| F|  |TAMS 0x0000000610400000, 0x0000000610400000| Untracked 
|  37|0x0000000610800000, 0x0000000610800000, 0x0000000610c00000|  0%| F|  |TAMS 0x0000000610800000, 0x0000000610800000| Untracked 
|  38|0x0000000610c00000, 0x0000000610c00000, 0x0000000611000000|  0%| F|  |TAMS 0x0000000610c00000, 0x0000000610c00000| Untracked 
|  39|0x0000000611000000, 0x0000000611000000, 0x0000000611400000|  0%| F|  |TAMS 0x0000000611000000, 0x0000000611000000| Untracked 
|  40|0x0000000611400000, 0x0000000611400000, 0x0000000611800000|  0%| F|  |TAMS 0x0000000611400000, 0x0000000611400000| Untracked 
|  41|0x0000000611800000, 0x0000000611800000, 0x0000000611c00000|  0%| F|  |TAMS 0x0000000611800000, 0x0000000611800000| Untracked 
|  42|0x0000000611c00000, 0x0000000611c00000, 0x0000000612000000|  0%| F|  |TAMS 0x0000000611c00000, 0x0000000611c00000| Untracked 
|  43|0x0000000612000000, 0x0000000612000000, 0x0000000612400000|  0%| F|  |TAMS 0x0000000612000000, 0x0000000612000000| Untracked 
|  44|0x0000000612400000, 0x0000000612400000, 0x0000000612800000|  0%| F|  |TAMS 0x0000000612400000, 0x0000000612400000| Untracked 
|  45|0x0000000612800000, 0x0000000612800000, 0x0000000612c00000|  0%| F|  |TAMS 0x0000000612800000, 0x0000000612800000| Untracked 
|  46|0x0000000612c00000, 0x0000000612c00000, 0x0000000613000000|  0%| F|  |TAMS 0x0000000612c00000, 0x0000000612c00000| Untracked 
|  47|0x0000000613000000, 0x0000000613000000, 0x0000000613400000|  0%| F|  |TAMS 0x0000000613000000, 0x0000000613000000| Untracked 
|  48|0x0000000613400000, 0x0000000613400000, 0x0000000613800000|  0%| F|  |TAMS 0x0000000613400000, 0x0000000613400000| Untracked 
|  49|0x0000000613800000, 0x0000000613800000, 0x0000000613c00000|  0%| F|  |TAMS 0x0000000613800000, 0x0000000613800000| Untracked 
|  50|0x0000000613c00000, 0x0000000613c00000, 0x0000000614000000|  0%| F|  |TAMS 0x0000000613c00000, 0x0000000613c00000| Untracked 
|  51|0x0000000614000000, 0x0000000614000000, 0x0000000614400000|  0%| F|  |TAMS 0x0000000614000000, 0x0000000614000000| Untracked 
|  52|0x0000000614400000, 0x0000000614400000, 0x0000000614800000|  0%| F|  |TAMS 0x0000000614400000, 0x0000000614400000| Untracked 
|  53|0x0000000614800000, 0x0000000614800000, 0x0000000614c00000|  0%| F|  |TAMS 0x0000000614800000, 0x0000000614800000| Untracked 
|  54|0x0000000614c00000, 0x0000000614c00000, 0x0000000615000000|  0%| F|  |TAMS 0x0000000614c00000, 0x0000000614c00000| Untracked 
|  55|0x0000000615000000, 0x0000000615000000, 0x0000000615400000|  0%| F|  |TAMS 0x0000000615000000, 0x0000000615000000| Untracked 
|  56|0x0000000615400000, 0x0000000615400000, 0x0000000615800000|  0%| F|  |TAMS 0x0000000615400000, 0x0000000615400000| Untracked 
|  57|0x0000000615800000, 0x0000000615800000, 0x0000000615c00000|  0%| F|  |TAMS 0x0000000615800000, 0x0000000615800000| Untracked 
|  58|0x0000000615c00000, 0x0000000615c00000, 0x0000000616000000|  0%| F|  |TAMS 0x0000000615c00000, 0x0000000615c00000| Untracked 
|  59|0x0000000616000000, 0x0000000616000000, 0x0000000616400000|  0%| F|  |TAMS 0x0000000616000000, 0x0000000616000000| Untracked 
|  60|0x0000000616400000, 0x0000000616400000, 0x0000000616800000|  0%| F|  |TAMS 0x0000000616400000, 0x0000000616400000| Untracked 
|  61|0x0000000616800000, 0x0000000616800000, 0x0000000616c00000|  0%| F|  |TAMS 0x0000000616800000, 0x0000000616800000| Untracked 
|  62|0x0000000616c00000, 0x0000000616c00000, 0x0000000617000000|  0%| F|  |TAMS 0x0000000616c00000, 0x0000000616c00000| Untracked 
|  63|0x0000000617000000, 0x0000000617000000, 0x0000000617400000|  0%| F|  |TAMS 0x0000000617000000, 0x0000000617000000| Untracked 
|  64|0x0000000617400000, 0x0000000617400000, 0x0000000617800000|  0%| F|  |TAMS 0x0000000617400000, 0x0000000617400000| Untracked 
|  65|0x0000000617800000, 0x0000000617800000, 0x0000000617c00000|  0%| F|  |TAMS 0x0000000617800000, 0x0000000617800000| Untracked 
|  66|0x0000000617c00000, 0x0000000617c00000, 0x0000000618000000|  0%| F|  |TAMS 0x0000000617c00000, 0x0000000617c00000| Untracked 
|  67|0x0000000618000000, 0x0000000618000000, 0x0000000618400000|  0%| F|  |TAMS 0x0000000618000000, 0x0000000618000000| Untracked 
|  68|0x0000000618400000, 0x0000000618400000, 0x0000000618800000|  0%| F|  |TAMS 0x0000000618400000, 0x0000000618400000| Untracked 
|  69|0x0000000618800000, 0x0000000618800000, 0x0000000618c00000|  0%| F|  |TAMS 0x0000000618800000, 0x0000000618800000| Untracked 
|  70|0x0000000618c00000, 0x0000000618c00000, 0x0000000619000000|  0%| F|  |TAMS 0x0000000618c00000, 0x0000000618c00000| Untracked 
|  71|0x0000000619000000, 0x0000000619000000, 0x0000000619400000|  0%| F|  |TAMS 0x0000000619000000, 0x0000000619000000| Untracked 
|  72|0x0000000619400000, 0x0000000619400000, 0x0000000619800000|  0%| F|  |TAMS 0x0000000619400000, 0x0000000619400000| Untracked 
|  73|0x0000000619800000, 0x0000000619800000, 0x0000000619c00000|  0%| F|  |TAMS 0x0000000619800000, 0x0000000619800000| Untracked 
|  74|0x0000000619c00000, 0x0000000619c00000, 0x000000061a000000|  0%| F|  |TAMS 0x0000000619c00000, 0x0000000619c00000| Untracked 
|  75|0x000000061a000000, 0x000000061a000000, 0x000000061a400000|  0%| F|  |TAMS 0x000000061a000000, 0x000000061a000000| Untracked 
|  76|0x000000061a400000, 0x000000061a400000, 0x000000061a800000|  0%| F|  |TAMS 0x000000061a400000, 0x000000061a400000| Untracked 
|  77|0x000000061a800000, 0x000000061a800000, 0x000000061ac00000|  0%| F|  |TAMS 0x000000061a800000, 0x000000061a800000| Untracked 
|  78|0x000000061ac00000, 0x000000061ac00000, 0x000000061b000000|  0%| F|  |TAMS 0x000000061ac00000, 0x000000061ac00000| Untracked 
|  79|0x000000061b000000, 0x000000061b000000, 0x000000061b400000|  0%| F|  |TAMS 0x000000061b000000, 0x000000061b000000| Untracked 
|  80|0x000000061b400000, 0x000000061b400000, 0x000000061b800000|  0%| F|  |TAMS 0x000000061b400000, 0x000000061b400000| Untracked 
|  81|0x000000061b800000, 0x000000061b800000, 0x000000061bc00000|  0%| F|  |TAMS 0x000000061b800000, 0x000000061b800000| Untracked 
|  82|0x000000061bc00000, 0x000000061bc00000, 0x000000061c000000|  0%| F|  |TAMS 0x000000061bc00000, 0x000000061bc00000| Untracked 
|  83|0x000000061c000000, 0x000000061c000000, 0x000000061c400000|  0%| F|  |TAMS 0x000000061c000000, 0x000000061c000000| Untracked 
|  84|0x000000061c400000, 0x000000061c400000, 0x000000061c800000|  0%| F|  |TAMS 0x000000061c400000, 0x000000061c400000| Untracked 
|  85|0x000000061c800000, 0x000000061c800000, 0x000000061cc00000|  0%| F|  |TAMS 0x000000061c800000, 0x000000061c800000| Untracked 
|  86|0x000000061cc00000, 0x000000061cc00000, 0x000000061d000000|  0%| F|  |TAMS 0x000000061cc00000, 0x000000061cc00000| Untracked 
|  87|0x000000061d000000, 0x000000061d000000, 0x000000061d400000|  0%| F|  |TAMS 0x000000061d000000, 0x000000061d000000| Untracked 
|  88|0x000000061d400000, 0x000000061d400000, 0x000000061d800000|  0%| F|  |TAMS 0x000000061d400000, 0x000000061d400000| Untracked 
|  89|0x000000061d800000, 0x000000061d800000, 0x000000061dc00000|  0%| F|  |TAMS 0x000000061d800000, 0x000000061d800000| Untracked 
|  90|0x000000061dc00000, 0x000000061dc00000, 0x000000061e000000|  0%| F|  |TAMS 0x000000061dc00000, 0x000000061dc00000| Untracked 
|  91|0x000000061e000000, 0x000000061e000000, 0x000000061e400000|  0%| F|  |TAMS 0x000000061e000000, 0x000000061e000000| Untracked 
|  92|0x000000061e400000, 0x000000061e400000, 0x000000061e800000|  0%| F|  |TAMS 0x000000061e400000, 0x000000061e400000| Untracked 
|  93|0x000000061e800000, 0x000000061e800000, 0x000000061ec00000|  0%| F|  |TAMS 0x000000061e800000, 0x000000061e800000| Untracked 
|  94|0x000000061ec00000, 0x000000061ec00000, 0x000000061f000000|  0%| F|  |TAMS 0x000000061ec00000, 0x000000061ec00000| Untracked 
|  95|0x000000061f000000, 0x000000061f000000, 0x000000061f400000|  0%| F|  |TAMS 0x000000061f000000, 0x000000061f000000| Untracked 
|  96|0x000000061f400000, 0x000000061f400000, 0x000000061f800000|  0%| F|  |TAMS 0x000000061f400000, 0x000000061f400000| Untracked 
|  97|0x000000061f800000, 0x000000061f800000, 0x000000061fc00000|  0%| F|  |TAMS 0x000000061f800000, 0x000000061f800000| Untracked 
|  98|0x000000061fc00000, 0x000000061fc00000, 0x0000000620000000|  0%| F|  |TAMS 0x000000061fc00000, 0x000000061fc00000| Untracked 
|  99|0x0000000620000000, 0x0000000620000000, 0x0000000620400000|  0%| F|  |TAMS 0x0000000620000000, 0x0000000620000000| Untracked 
| 100|0x0000000620400000, 0x0000000620400000, 0x0000000620800000|  0%| F|  |TAMS 0x0000000620400000, 0x0000000620400000| Untracked 
| 101|0x0000000620800000, 0x0000000620800000, 0x0000000620c00000|  0%| F|  |TAMS 0x0000000620800000, 0x0000000620800000| Untracked 
| 102|0x0000000620c00000, 0x0000000620c00000, 0x0000000621000000|  0%| F|  |TAMS 0x0000000620c00000, 0x0000000620c00000| Untracked 
| 103|0x0000000621000000, 0x0000000621000000, 0x0000000621400000|  0%| F|  |TAMS 0x0000000621000000, 0x0000000621000000| Untracked 
| 104|0x0000000621400000, 0x0000000621400000, 0x0000000621800000|  0%| F|  |TAMS 0x0000000621400000, 0x0000000621400000| Untracked 
| 105|0x0000000621800000, 0x0000000621800000, 0x0000000621c00000|  0%| F|  |TAMS 0x0000000621800000, 0x0000000621800000| Untracked 
| 106|0x0000000621c00000, 0x0000000621c00000, 0x0000000622000000|  0%| F|  |TAMS 0x0000000621c00000, 0x0000000621c00000| Untracked 
| 107|0x0000000622000000, 0x0000000622000000, 0x0000000622400000|  0%| F|  |TAMS 0x0000000622000000, 0x0000000622000000| Untracked 
| 108|0x0000000622400000, 0x0000000622400000, 0x0000000622800000|  0%| F|  |TAMS 0x0000000622400000, 0x0000000622400000| Untracked 
| 109|0x0000000622800000, 0x0000000622800000, 0x0000000622c00000|  0%| F|  |TAMS 0x0000000622800000, 0x0000000622800000| Untracked 
| 110|0x0000000622c00000, 0x0000000622c00000, 0x0000000623000000|  0%| F|  |TAMS 0x0000000622c00000, 0x0000000622c00000| Untracked 
| 111|0x0000000623000000, 0x0000000623000000, 0x0000000623400000|  0%| F|  |TAMS 0x0000000623000000, 0x0000000623000000| Untracked 
| 112|0x0000000623400000, 0x0000000623400000, 0x0000000623800000|  0%| F|  |TAMS 0x0000000623400000, 0x0000000623400000| Untracked 
| 113|0x0000000623800000, 0x0000000623800000, 0x0000000623c00000|  0%| F|  |TAMS 0x0000000623800000, 0x0000000623800000| Untracked 
| 114|0x0000000623c00000, 0x0000000623c00000, 0x0000000624000000|  0%| F|  |TAMS 0x0000000623c00000, 0x0000000623c00000| Untracked 
| 115|0x0000000624000000, 0x0000000624000000, 0x0000000624400000|  0%| F|  |TAMS 0x0000000624000000, 0x0000000624000000| Untracked 
| 116|0x0000000624400000, 0x0000000624400000, 0x0000000624800000|  0%| F|  |TAMS 0x0000000624400000, 0x0000000624400000| Untracked 
| 117|0x0000000624800000, 0x0000000624800000, 0x0000000624c00000|  0%| F|  |TAMS 0x0000000624800000, 0x0000000624800000| Untracked 
| 118|0x0000000624c00000, 0x0000000624c00000, 0x0000000625000000|  0%| F|  |TAMS 0x0000000624c00000, 0x0000000624c00000| Untracked 
| 119|0x0000000625000000, 0x0000000625000000, 0x0000000625400000|  0%| F|  |TAMS 0x0000000625000000, 0x0000000625000000| Untracked 
| 120|0x0000000625400000, 0x0000000625400000, 0x0000000625800000|  0%| F|  |TAMS 0x0000000625400000, 0x0000000625400000| Untracked 
| 121|0x0000000625800000, 0x0000000625800000, 0x0000000625c00000|  0%| F|  |TAMS 0x0000000625800000, 0x0000000625800000| Untracked 
| 122|0x0000000625c00000, 0x0000000625c00000, 0x0000000626000000|  0%| F|  |TAMS 0x0000000625c00000, 0x0000000625c00000| Untracked 
| 123|0x0000000626000000, 0x0000000626000000, 0x0000000626400000|  0%| F|  |TAMS 0x0000000626000000, 0x0000000626000000| Untracked 
| 124|0x0000000626400000, 0x00000006265f8a10, 0x0000000626800000| 49%| E|  |TAMS 0x0000000626400000, 0x0000000626400000| Complete 
| 125|0x0000000626800000, 0x0000000626bd84a0, 0x0000000626c00000| 96%| E|  |TAMS 0x0000000626800000, 0x0000000626800000| Complete 
| 126|0x0000000626c00000, 0x0000000627000000, 0x0000000627000000|100%| E|CS|TAMS 0x0000000626c00000, 0x0000000626c00000| Complete 

Card table byte_map: [0x000001c680fd0000,0x000001c681fa0000] _byte_map_base: 0x000001c67df96000

Marking Bits (Prev, Next): (CMBitMap*) 0x000001c6e8cf0340, (CMBitMap*) 0x000001c6e8cf0380
 Prev Bits: [0x000001c682f70000, 0x000001c68ada0000)
 Next Bits: [0x000001c68ada0000, 0x000001c692bd0000)

Polling page: 0x000001c6e6bd0000

Metaspace:

Usage:
  Non-class:      5.65 MB used.
      Class:    723.28 KB used.
       Both:      6.36 MB used.

Virtual space:
  Non-class space:        8.00 MB reserved,       5.75 MB ( 72%) committed,  1 nodes.
      Class space:        1.00 GB reserved,     832.00 KB ( <1%) committed,  1 nodes.
             Both:        1.01 GB reserved,       6.56 MB ( <1%) committed. 

Chunk freelists:
   Non-Class:  2.14 MB
       Class:  3.24 MB
        Both:  5.38 MB

MaxMetaspaceSize: unlimited
CompressedClassSpaceSize: 1.00 GB
Initial GC threshold: 21.00 MB
Current GC threshold: 21.00 MB
CDS: on
MetaspaceReclaimPolicy: balanced
 - commit_granule_bytes: 65536.
 - commit_granule_words: 8192.
 - virtual_space_node_default_size: 1048576.
 - enlarge_chunks_in_place: 1.
 - new_chunks_are_fully_committed: 0.
 - uncommit_free_chunks: 1.
 - use_allocation_guard: 0.
 - handle_deallocations: 1.


Internal statistics:

num_allocs_failed_limit: 0.
num_arena_births: 112.
num_arena_deaths: 0.
num_vsnodes_births: 2.
num_vsnodes_deaths: 0.
num_space_committed: 105.
num_space_uncommitted: 0.
num_chunks_returned_to_freelist: 0.
num_chunks_taken_from_freelist: 151.
num_chunk_merges: 0.
num_chunk_splits: 84.
num_chunks_enlarged: 25.
num_purges: 0.
num_inconsistent_stats: 0.

CodeHeap 'non-profiled nmethods': size=120000Kb used=233Kb max_used=233Kb free=119766Kb
 bounds [0x000001c6f7f60000, 0x000001c6f81d0000, 0x000001c6ff490000]
CodeHeap 'profiled nmethods': size=120000Kb used=1077Kb max_used=1077Kb free=118922Kb
 bounds [0x000001c6f0a30000, 0x000001c6f0ca0000, 0x000001c6f7f60000]
CodeHeap 'non-nmethods': size=5760Kb used=1249Kb max_used=1263Kb free=4510Kb
 bounds [0x000001c6f0490000, 0x000001c6f0700000, 0x000001c6f0a30000]
 total_blobs=1347 nmethods=780 adapters=480
 compilation: enabled
              stopped_count=0, restarted_count=0
 full_count=0

Compilation events (20 events):
Event: 0.695 Thread 0x000001c694ed2b00  771       3       javax.swing.JComponent::contains (27 bytes)
Event: 0.696 Thread 0x000001c694ed2b00 nmethod 771 0x000001c6f0b3ab90 code [0x000001c6f0b3ad60, 0x000001c6f0b3b3f8]
Event: 0.702 Thread 0x000001c694ed2b00  772       1       java.util.concurrent.locks.AbstractQueuedSynchronizer::setState (6 bytes)
Event: 0.702 Thread 0x000001c694ed2b00 nmethod 772 0x000001c6f7f99910 code [0x000001c6f7f99aa0, 0x000001c6f7f99b78]
Event: 0.781 Thread 0x000001c694ed2b00  773       3       sun.awt.AWTAutoShutdown::getInstance (4 bytes)
Event: 0.782 Thread 0x000001c694ed2b00 nmethod 773 0x000001c6f0b3b590 code [0x000001c6f0b3b720, 0x000001c6f0b3b818]
Event: 1.044 Thread 0x000001c694ed2b00  774       3       sun.awt.AWTAutoShutdown::isReadyToShutdown (37 bytes)
Event: 1.044 Thread 0x000001c694ed2b00 nmethod 774 0x000001c6f0b3b890 code [0x000001c6f0b3ba40, 0x000001c6f0b3bdb8]
Event: 1.076 Thread 0x000001c694ed2b00  775       3       java.util.IdentityHashMap::isEmpty (13 bytes)
Event: 1.076 Thread 0x000001c694ed2b00 nmethod 775 0x000001c6f0b3be90 code [0x000001c6f0b3c020, 0x000001c6f0b3c198]
Event: 1.145 Thread 0x000001c694ed2b00  776   !   3       sun.awt.AWTAutoShutdown::setToolkitBusy (124 bytes)
Event: 1.145 Thread 0x000001c694ed2b00 nmethod 776 0x000001c6f0b3c210 code [0x000001c6f0b3c420, 0x000001c6f0b3ca08]
Event: 7486.894 Thread 0x000001c694ed11f0  777       4       jdk.internal.org.objectweb.asm.ByteVector::putShort (52 bytes)
Event: 7486.895 Thread 0x000001c694ed11f0 nmethod 777 0x000001c6f7f99c10 code [0x000001c6f7f99d80, 0x000001c6f7f99eb8]
Event: 7486.901 Thread 0x000001c694ed2b00  778       3       java.lang.invoke.DirectMethodHandle::allocateInstance (16 bytes)
Event: 7486.901 Thread 0x000001c694ed2b00 nmethod 778 0x000001c6f0b3cd10 code [0x000001c6f0b3cec0, 0x000001c6f0b3d0e8]
Event: 7486.901 Thread 0x000001c694ed2b00  780       3       java.lang.invoke.DirectMethodHandle::constructorMethod (10 bytes)
Event: 7486.901 Thread 0x000001c694ed2b00 nmethod 780 0x000001c6f0b3d210 code [0x000001c6f0b3d3a0, 0x000001c6f0b3d598]
Event: 7486.903 Thread 0x000001c694ed11f0  781       4       java.util.Arrays::binarySearch0 (95 bytes)
Event: 7486.905 Thread 0x000001c694ed2b00  782       1       java.awt.Component::getObjectLock (5 bytes)

GC Heap History (0 events):
No events

Deoptimization events (20 events):
Event: 0.098 Thread 0x000001c6e8c7ba40 Uncommon trap: trap_request=0xffffff45 fr.pc=0x000001c6f7f6e800 relative=0x0000000000000080
Event: 0.098 Thread 0x000001c6e8c7ba40 Uncommon trap: reason=unstable_if action=reinterpret pc=0x000001c6f7f6e800 method=java.lang.String.isLatin1()Z @ 10 c2
Event: 0.098 Thread 0x000001c6e8c7ba40 DEOPT PACKING pc=0x000001c6f7f6e800 sp=0x00000054122feb60
Event: 0.098 Thread 0x000001c6e8c7ba40 DEOPT UNPACKING pc=0x000001c6f04e23a3 sp=0x00000054122feaa0 mode 2
Event: 0.106 Thread 0x000001c6e8c7ba40 Uncommon trap: trap_request=0xffffff45 fr.pc=0x000001c6f7f75eb4 relative=0x00000000000006f4
Event: 0.106 Thread 0x000001c6e8c7ba40 Uncommon trap: reason=unstable_if action=reinterpret pc=0x000001c6f7f75eb4 method=java.util.ImmutableCollections$SetN.probe(Ljava/lang/Object;)I @ 34 c2
Event: 0.106 Thread 0x000001c6e8c7ba40 DEOPT PACKING pc=0x000001c6f7f75eb4 sp=0x00000054122fd110
Event: 0.106 Thread 0x000001c6e8c7ba40 DEOPT UNPACKING pc=0x000001c6f04e23a3 sp=0x00000054122fd0b0 mode 2
Event: 0.227 Thread 0x000001c6e8c7ba40 Uncommon trap: trap_request=0xffffff45 fr.pc=0x000001c6f7f87c04 relative=0x00000000000000e4
Event: 0.227 Thread 0x000001c6e8c7ba40 Uncommon trap: reason=unstable_if action=reinterpret pc=0x000001c6f7f87c04 method=java.util.HashMap.hash(Ljava/lang/Object;)I @ 1 c2
Event: 0.227 Thread 0x000001c6e8c7ba40 DEOPT PACKING pc=0x000001c6f7f87c04 sp=0x00000054122fe9d0
Event: 0.227 Thread 0x000001c6e8c7ba40 DEOPT UNPACKING pc=0x000001c6f04e23a3 sp=0x00000054122fe910 mode 2
Event: 0.235 Thread 0x000001c6e8c7ba40 Uncommon trap: trap_request=0xffffff45 fr.pc=0x000001c6f7f73418 relative=0x0000000000000098
Event: 0.235 Thread 0x000001c6e8c7ba40 Uncommon trap: reason=unstable_if action=reinterpret pc=0x000001c6f7f73418 method=java.util.HashMap.hash(Ljava/lang/Object;)I @ 1 c2
Event: 0.235 Thread 0x000001c6e8c7ba40 DEOPT PACKING pc=0x000001c6f7f73418 sp=0x00000054122fea40
Event: 0.235 Thread 0x000001c6e8c7ba40 DEOPT UNPACKING pc=0x000001c6f04e23a3 sp=0x00000054122fe9d8 mode 2
Event: 0.315 Thread 0x000001c6958e7f40 Uncommon trap: trap_request=0xffffff3d fr.pc=0x000001c6f7f8f8c8 relative=0x0000000000000be8
Event: 0.315 Thread 0x000001c6958e7f40 Uncommon trap: reason=unstable_fused_if action=reinterpret pc=0x000001c6f7f8f8c8 method=java.util.HashMap.resize()[Ljava/util/HashMap$Node; @ 31 c2
Event: 0.315 Thread 0x000001c6958e7f40 DEOPT PACKING pc=0x000001c6f7f8f8c8 sp=0x00000054139fe360
Event: 0.315 Thread 0x000001c6958e7f40 DEOPT UNPACKING pc=0x000001c6f04e23a3 sp=0x00000054139fe2e8 mode 2

Classes unloaded (0 events):
No events

Classes redefined (0 events):
No events

Internal exceptions (18 events):
Event: 0.083 Thread 0x000001c6e8c7ba40 Exception <a 'java/lang/NoSuchMethodError'{0x0000000626ebd420}: 'void java.lang.invoke.DirectMethodHandle$Holder.invokeSpecial(java.lang.Object, java.lang.Object, java.lang.Object)'> (0x0000000626ebd420) 
thrown [t:\workspace\open\src\hotspot\share\interpreter\linkResolver.cpp, line 766]
Event: 0.087 Thread 0x000001c6e8c7ba40 Exception <a 'java/lang/NoSuchMethodError'{0x0000000626ed0a60}: 'void java.lang.invoke.DirectMethodHandle$Holder.invokeSpecial(java.lang.Object, java.lang.Object, java.lang.Object, java.lang.Object, java.lang.Object)'> (0x0000000626ed0a60) 
thrown [t:\workspace\open\src\hotspot\share\interpreter\linkResolver.cpp, line 766]
Event: 0.089 Thread 0x000001c6e8c7ba40 Exception <a 'java/lang/NoSuchMethodError'{0x0000000626ee3870}: 'java.lang.Object java.lang.invoke.DirectMethodHandle$Holder.invokeInterface(java.lang.Object, java.lang.Object)'> (0x0000000626ee3870) 
thrown [t:\workspace\open\src\hotspot\share\interpreter\linkResolver.cpp, line 766]
Event: 0.089 Thread 0x000001c6e8c7ba40 Exception <a 'java/lang/IncompatibleClassChangeError'{0x0000000626ee6ee8}: Found class java.lang.Object, but interface was expected> (0x0000000626ee6ee8) 
thrown [t:\workspace\open\src\hotspot\share\interpreter\linkResolver.cpp, line 833]
Event: 0.090 Thread 0x000001c6e8c7ba40 Exception <a 'java/lang/NoSuchMethodError'{0x0000000626ee9cb0}: 'void java.lang.invoke.DirectMethodHandle$Holder.invokeStatic(java.lang.Object, java.lang.Object, java.lang.Object, java.lang.Object)'> (0x0000000626ee9cb0) 
thrown [t:\workspace\open\src\hotspot\share\interpreter\linkResolver.cpp, line 766]
Event: 0.114 Thread 0x000001c6e8c7ba40 Exception <a 'java/lang/ClassNotFoundException'{0x0000000626faa0f0}: sun/awt/resources/spi/awtProvider> (0x0000000626faa0f0) 
thrown [t:\workspace\open\src\hotspot\share\classfile\systemDictionary.cpp, line 256]
Event: 0.131 Thread 0x000001c6e8c7ba40 Exception <a 'java/io/FileNotFoundException'{0x0000000626ffb868}> (0x0000000626ffb868) 
thrown [t:\workspace\open\src\hotspot\share\prims\jni.cpp, line 516]
Event: 0.136 Thread 0x000001c6e8c7ba40 Exception <a 'java/io/FileNotFoundException'{0x0000000626828e68}> (0x0000000626828e68) 
thrown [t:\workspace\open\src\hotspot\share\prims\jni.cpp, line 516]
Event: 0.164 Thread 0x000001c6e8c7ba40 Exception <a 'java/lang/NoSuchMethodError'{0x0000000626863978}: 'java.lang.Object java.lang.invoke.DirectMethodHandle$Holder.invokeStaticInit(java.lang.Object)'> (0x0000000626863978) 
thrown [t:\workspace\open\src\hotspot\share\interpreter\linkResolver.cpp, line 766]
Event: 0.194 Thread 0x000001c6e8c7ba40 Exception <a 'java/lang/NoSuchMethodError'{0x000000062694d0d8}: 'java.lang.Object java.lang.invoke.DirectMethodHandle$Holder.newInvokeSpecial(java.lang.Object, java.lang.Object, java.lang.Object, java.lang.Object, java.lang.Object)'> (0x000000062694d0d8) 
thrown [t:\workspace\open\src\hotspot\share\interpreter\linkResolver.cpp, line 766]
Event: 0.196 Thread 0x000001c6e8c7ba40 Exception <a 'java/lang/NoSuchMethodError'{0x0000000626958aa0}: 'java.lang.Object java.lang.invoke.DirectMethodHandle$Holder.invokeStatic(java.lang.Object, int, java.lang.Object, java.lang.Object, java.lang.Object, java.lang.Object)'> (0x0000000626958aa0) 
thrown [t:\workspace\open\src\hotspot\share\interpreter\linkResolver.cpp, line 766]
Event: 0.200 Thread 0x000001c6e8c7ba40 Exception <a 'java/lang/NoSuchMethodError'{0x000000062697e4d0}: 'java.lang.Object java.lang.invoke.DirectMethodHandle$Holder.invokeStatic(java.lang.Object, int, java.lang.Object)'> (0x000000062697e4d0) 
thrown [t:\workspace\open\src\hotspot\share\interpreter\linkResolver.cpp, line 766]
Event: 0.223 Thread 0x000001c6e8c7ba40 Exception <a 'java/lang/ClassNotFoundException'{0x0000000626a35c80}: com/sun/swing/internal/plaf/metal/resources/spi/metalProvider> (0x0000000626a35c80) 
thrown [t:\workspace\open\src\hotspot\share\classfile\systemDictionary.cpp, line 256]
Event: 0.224 Thread 0x000001c6e8c7ba40 Exception <a 'java/lang/ClassNotFoundException'{0x0000000626a39b28}: com/sun/swing/internal/plaf/basic/resources/spi/basicProvider> (0x0000000626a39b28) 
thrown [t:\workspace\open\src\hotspot\share\classfile\systemDictionary.cpp, line 256]
Event: 0.227 Thread 0x000001c6e8c7ba40 Implicit null exception at 0x000001c6f7f87b60 to 0x000001c6f7f87bfa
Event: 0.235 Thread 0x000001c6e8c7ba40 Implicit null exception at 0x000001c6f7f7338f to 0x000001c6f7f73409
Event: 0.246 Thread 0x000001c6958e8db0 Exception <a 'java/lang/NoSuchMethodError'{0x000000062688b878}: 'void java.lang.invoke.DirectMethodHandle$Holder.invokeVirtual(java.lang.Object, java.lang.Object)'> (0x000000062688b878) 
thrown [t:\workspace\open\src\hotspot\share\interpreter\linkResolver.cpp, line 766]
Event: 0.258 Thread 0x000001c6e8c7ba40 Exception <a 'java/lang/NoSuchMethodError'{0x0000000626af5e48}: 'void java.lang.invoke.DirectMethodHandle$Holder.invokeStaticInit(java.lang.Object)'> (0x0000000626af5e48) 
thrown [t:\workspace\open\src\hotspot\share\interpreter\linkResolver.cpp, line 766]

VM Operations (10 events):
Event: 0.061 Executing VM operation: HandshakeAllThreads
Event: 0.061 Executing VM operation: HandshakeAllThreads done
Event: 0.232 Executing VM operation: HandshakeAllThreads
Event: 0.232 Executing VM operation: HandshakeAllThreads done
Event: 0.276 Executing VM operation: HandshakeAllThreads
Event: 0.276 Executing VM operation: HandshakeAllThreads done
Event: 0.302 Executing VM operation: HandshakeAllThreads
Event: 0.302 Executing VM operation: HandshakeAllThreads done
Event: 1.304 Executing VM operation: Cleanup
Event: 1.304 Executing VM operation: Cleanup done

Events (20 events):
Event: 0.346 loading class java/awt/event/MouseWheelEvent done
Event: 0.346 loading class java/awt/TextComponent
Event: 0.346 loading class java/awt/TextComponent done
Event: 0.346 loading class javax/swing/text/JTextComponent
Event: 0.347 loading class javax/swing/Scrollable
Event: 0.347 loading class javax/swing/Scrollable done
Event: 0.347 loading class javax/swing/text/JTextComponent done
Event: 0.673 Thread 0x000001c6959de3c0 Thread exited: 0x000001c6959de3c0
Event: 0.702 loading class java/awt/LightweightDispatcher$2
Event: 0.702 loading class java/awt/LightweightDispatcher$2 done
Event: 1046.039 loading class java/awt/desktop/SystemSleepListener
Event: 1046.039 loading class java/awt/desktop/SystemEventListener
Event: 1046.039 loading class java/awt/desktop/SystemEventListener done
Event: 1046.039 loading class java/awt/desktop/SystemSleepListener done
Event: 7486.900 loading class java/util/WeakHashMap$KeyIterator
Event: 7486.900 loading class java/util/WeakHashMap$HashIterator
Event: 7486.900 loading class java/util/WeakHashMap$HashIterator done
Event: 7486.900 loading class java/util/WeakHashMap$KeyIterator done
Event: 7486.900 loading class javax/swing/RepaintManager$DisplayChangedRunnable
Event: 7486.900 loading class javax/swing/RepaintManager$DisplayChangedRunnable done


Dynamic libraries:
0x00007ff71c980000 - 0x00007ff71c990000 	C:\Program Files\Java\jdk-17.0.1\bin\javaw.exe
0x00007ffb0fd10000 - 0x00007ffb0ff05000 	C:\Windows\SYSTEM32\ntdll.dll
0x00007ffb0e1f0000 - 0x00007ffb0e2ad000 	C:\Windows\System32\KERNEL32.DLL
0x00007ffb0d800000 - 0x00007ffb0dacd000 	C:\Windows\System32\KERNELBASE.dll
0x00007ffb0dbb0000 - 0x00007ffb0dcb0000 	C:\Windows\System32\ucrtbase.dll
0x00007ffb044d0000 - 0x00007ffb044ea000 	C:\Program Files\Java\jdk-17.0.1\bin\VCRUNTIME140.dll
0x00007ffb05530000 - 0x00007ffb05548000 	C:\Program Files\Java\jdk-17.0.1\bin\jli.dll
0x00007ffb0e4b0000 - 0x00007ffb0e55e000 	C:\Windows\System32\ADVAPI32.dll
0x00007ffb0e0c0000 - 0x00007ffb0e15e000 	C:\Windows\System32\msvcrt.dll
0x00007ffb0df00000 - 0x00007ffb0df9c000 	C:\Windows\System32\sechost.dll
0x00007ffb0e2b0000 - 0x00007ffb0e3d5000 	C:\Windows\System32\RPCRT4.dll
0x00007ffb0dd60000 - 0x00007ffb0df00000 	C:\Windows\System32\USER32.dll
0x00007ffb0d450000 - 0x00007ffb0d472000 	C:\Windows\System32\win32u.dll
0x00007ffafe7c0000 - 0x00007ffafea5a000 	C:\Windows\WinSxS\amd64_microsoft.windows.common-controls_6595b64144ccf1df_6.0.19041.1110_none_60b5254171f9507e\COMCTL32.dll
0x00007ffb0fb30000 - 0x00007ffb0fb5a000 	C:\Windows\System32\GDI32.dll
0x00007ffb0d6f0000 - 0x00007ffb0d7fb000 	C:\Windows\System32\gdi32full.dll
0x00007ffb0d480000 - 0x00007ffb0d51d000 	C:\Windows\System32\msvcp_win.dll
0x00007ffb042a0000 - 0x00007ffb042aa000 	C:\Windows\SYSTEM32\VERSION.dll
0x00007ffb0f3a0000 - 0x00007ffb0f3d0000 	C:\Windows\System32\IMM32.DLL
0x00007ffb05df0000 - 0x00007ffb05dfc000 	C:\Program Files\Java\jdk-17.0.1\bin\vcruntime140_1.dll
0x00007ffb04210000 - 0x00007ffb0429d000 	C:\Program Files\Java\jdk-17.0.1\bin\msvcp140.dll
0x00007ffab2a10000 - 0x00007ffab35ce000 	C:\Program Files\Java\jdk-17.0.1\bin\server\jvm.dll
0x00007ffb0fb20000 - 0x00007ffb0fb28000 	C:\Windows\System32\PSAPI.DLL
0x00007ffb05520000 - 0x00007ffb05529000 	C:\Windows\SYSTEM32\WSOCK32.dll
0x00007ffafee20000 - 0x00007ffafee47000 	C:\Windows\SYSTEM32\WINMM.dll
0x00007ffb0e440000 - 0x00007ffb0e4ab000 	C:\Windows\System32\WS2_32.dll
0x00007ffb0bcb0000 - 0x00007ffb0bcc2000 	C:\Windows\SYSTEM32\kernel.appcore.dll
0x00007ffb045f0000 - 0x00007ffb045fa000 	C:\Program Files\Java\jdk-17.0.1\bin\jimage.dll
0x00007ffb0ba90000 - 0x00007ffb0bc74000 	C:\Windows\SYSTEM32\DBGHELP.DLL
0x00007ffafc630000 - 0x00007ffafc65c000 	C:\Windows\SYSTEM32\dbgcore.DLL
0x00007ffb0db20000 - 0x00007ffb0dba2000 	C:\Windows\System32\bcryptPrimitives.dll
0x00007ffb041e0000 - 0x00007ffb04205000 	C:\Program Files\Java\jdk-17.0.1\bin\java.dll
0x00007ffafd600000 - 0x00007ffafd6d6000 	C:\Program Files\Java\jdk-17.0.1\bin\svml.dll
0x00007ffb0f3d0000 - 0x00007ffb0fb14000 	C:\Windows\System32\SHELL32.dll
0x00007ffb0b2f0000 - 0x00007ffb0ba84000 	C:\Windows\SYSTEM32\windows.storage.dll
0x00007ffb0f040000 - 0x00007ffb0f394000 	C:\Windows\System32\combase.dll
0x00007ffb0ce80000 - 0x00007ffb0ceac000 	C:\Windows\SYSTEM32\Wldp.dll
0x00007ffb0fbc0000 - 0x00007ffb0fc6d000 	C:\Windows\System32\SHCORE.dll
0x00007ffb0fb60000 - 0x00007ffb0fbb5000 	C:\Windows\System32\shlwapi.dll
0x00007ffb0d360000 - 0x00007ffb0d37f000 	C:\Windows\SYSTEM32\profapi.dll
0x00007ffb044b0000 - 0x00007ffb044c9000 	C:\Program Files\Java\jdk-17.0.1\bin\net.dll
0x00007ffb00a60000 - 0x00007ffb00b6a000 	C:\Windows\SYSTEM32\WINHTTP.dll
0x00007ffb0cbe0000 - 0x00007ffb0cc4a000 	C:\Windows\system32\mswsock.dll
0x00007ffb041c0000 - 0x00007ffb041d5000 	C:\Program Files\Java\jdk-17.0.1\bin\nio.dll
0x00007ffb041a0000 - 0x00007ffb041b8000 	C:\Program Files\Java\jdk-17.0.1\bin\zip.dll
0x00007ffaa7800000 - 0x00007ffaa798f000 	C:\Program Files\Java\jdk-17.0.1\bin\awt.dll
0x00007ffb0ed70000 - 0x00007ffb0ee3d000 	C:\Windows\System32\OLEAUT32.dll
0x00007ffb07730000 - 0x00007ffb077c0000 	C:\Windows\SYSTEM32\apphelp.dll
0x00007ffb0ac70000 - 0x00007ffb0ac9f000 	C:\Windows\system32\DWMAPI.DLL
0x00007ffb07870000 - 0x00007ffb0790e000 	C:\Windows\system32\uxtheme.dll
0x00007ffaf7030000 - 0x00007ffaf7156000 	C:\Windows\system32\opengl32.dll
0x00007ffaf7000000 - 0x00007ffaf702c000 	C:\Windows\SYSTEM32\GLU32.dll
0x00007ffb0dfa0000 - 0x00007ffb0e0b5000 	C:\Windows\System32\MSCTF.dll
0x00007ffb0e7a0000 - 0x00007ffb0e8ca000 	C:\Windows\System32\ole32.dll
0x00007ffb03ad0000 - 0x00007ffb03b59000 	C:\Program Files\Java\jdk-17.0.1\bin\freetype.dll
0x00007ffab0d30000 - 0x00007ffab0dd8000 	C:\Program Files\Java\jdk-17.0.1\bin\fontmanager.dll
0x00007ffb03940000 - 0x00007ffb03a39000 	C:\Windows\SYSTEM32\textinputframework.dll
0x00007ffb071a0000 - 0x00007ffb074fe000 	C:\Windows\System32\CoreUIComponents.dll
0x00007ffb07500000 - 0x00007ffb075f2000 	C:\Windows\System32\CoreMessaging.dll
0x00007ffb0c240000 - 0x00007ffb0c273000 	C:\Windows\SYSTEM32\ntmarta.dll
0x00007ffb05e40000 - 0x00007ffb05f94000 	C:\Windows\SYSTEM32\wintypes.dll
0x00007ffad44e0000 - 0x00007ffad47d5000 	C:\Windows\System32\uiautomationcore.dll
0x00007ffb05190000 - 0x00007ffb05286000 	C:\Windows\System32\PROPSYS.dll
0x00007ffb0cdf0000 - 0x00007ffb0cdfc000 	C:\Windows\SYSTEM32\CRYPTBASE.DLL
0x00007ffafe5a0000 - 0x00007ffafe606000 	C:\Windows\System32\OLEACC.dll
0x00007ffb0ef90000 - 0x00007ffb0f039000 	C:\Windows\System32\clbcatq.dll

dbghelp: loaded successfully - version: 4.0.5 - missing functions: none
symbol engine: initialized successfully - sym options: 0x614 - pdb path: .;C:\Program Files\Java\jdk-17.0.1\bin;C:\Windows\SYSTEM32;C:\Windows\WinSxS\amd64_microsoft.windows.common-controls_6595b64144ccf1df_6.0.19041.1110_none_60b5254171f9507e;C:\Program Files\Java\jdk-17.0.1\bin\server

VM Arguments:
jvm_args: -Dfile.encoding=Cp1252 --module-path=D:\sets\java connector\mysql-connector-java-8.0.29\mysql-connector-java-8.0.29.jar -XX:+ShowCodeDetailsInExceptionMessages 
java_command: manShEmpDet
java_class_path (initial): D:\colleague\s2\p2\progs\Login\bin
Launcher Type: SUN_STANDARD

[Global flags]
     intx CICompilerCount                          = 4                                         {product} {ergonomic}
     uint ConcGCThreads                            = 2                                         {product} {ergonomic}
     uint G1ConcRefinementThreads                  = 8                                         {product} {ergonomic}
   size_t G1HeapRegionSize                         = 4194304                                   {product} {ergonomic}
    uintx GCDrainStackTargetSize                   = 64                                        {product} {ergonomic}
   size_t InitialHeapSize                          = 532676608                                 {product} {ergonomic}
   size_t MarkStackSize                            = 4194304                                   {product} {ergonomic}
   size_t MaxHeapSize                              = 8468299776                                {product} {ergonomic}
   size_t MaxNewSize                               = 5079302144                                {product} {ergonomic}
   size_t MinHeapDeltaBytes                        = 4194304                                   {product} {ergonomic}
   size_t MinHeapSize                              = 8388608                                   {product} {ergonomic}
    uintx NonNMethodCodeHeapSize                   = 5839372                                {pd product} {ergonomic}
    uintx NonProfiledCodeHeapSize                  = 122909434                              {pd product} {ergonomic}
    uintx ProfiledCodeHeapSize                     = 122909434                              {pd product} {ergonomic}
    uintx ReservedCodeCacheSize                    = 251658240                              {pd product} {ergonomic}
     bool SegmentedCodeCache                       = true                                      {product} {ergonomic}
     bool ShowCodeDetailsInExceptionMessages       = true                                   {manageable} {command line}
   size_t SoftMaxHeapSize                          = 8468299776                             {manageable} {ergonomic}
     bool UseCompressedClassPointers               = true                           {product lp64_product} {ergonomic}
     bool UseCompressedOops                        = true                           {product lp64_product} {ergonomic}
     bool UseG1GC                                  = true                                      {product} {ergonomic}
     bool UseLargePagesIndividualAllocation        = false                                  {pd product} {ergonomic}

Logging:
Log output configuration:
 #0: stdout all=warning uptime,level,tags
 #1: stderr all=off uptime,level,tags

Environment Variables:
PATH=C:\Program Files (x86)\VMware\VMware Workstation\bin\;C:\Program Files\Common Files\Oracle\Java\javapath;C:\Windows\system32;C:\Windows;C:\Windows\System32\Wbem;C:\Windows\System32\WindowsPowerShell\v1.0\;C:\Windows\System32\OpenSSH\;C:\Program Files (x86)\NVIDIA Corporation\PhysX\Common;C:\Program Files (x86)\Intel\Intel(R) Management Engine Components\DAL;C:\Program Files\Intel\Intel(R) Management Engine Components\DAL;C:\Program Files\dotnet\;C:\Program Files\MySQL\MySQL Shell 8.0\bin\;C:\Users\ssd\AppData\Local\Microsoft\WindowsApps;;C:\Users\ssd\AppData\Local\Programs\Microsoft VS Code\bin
USERNAME=ssd
OS=Windows_NT
PROCESSOR_IDENTIFIER=Intel64 Family 6 Model 158 Stepping 9, GenuineIntel



---------------  S Y S T E M  ---------------

OS:
 Windows 10 , 64 bit Build 19041 (10.0.19041.1706)
OS uptime: 2 days 14:40 hours

CPU: total 8 (initial active 8) (4 cores per cpu, 2 threads per core) family 6 model 158 stepping 9 microcode 0xf0, cx8, cmov, fxsr, ht, mmx, 3dnowpref, sse, sse2, sse3, ssse3, sse4.1, sse4.2, popcnt, lzcnt, tsc, tscinvbit, avx, avx2, aes, erms, clmul, bmi1, bmi2, rtm, adx, fma, vzeroupper, clflush, clflushopt

Memory: 4k page, system-wide physical 32298M (19859M free)
TotalPageFile size 55777M (AvailPageFile size 2M)
current process WorkingSet (physical memory assigned to process): 59M, peak: 60M
current process commit charge ("private bytes"): 616M, peak: 617M

vm_info: Java HotSpot(TM) 64-Bit Server VM (17.0.1+12-LTS-39) for windows-amd64 JRE (17.0.1+12-LTS-39), built on Sep 27 2021 18:41:35 by "mach5one" with MS VC++ 16.8 (VS2019)

END.
